WARNING: All log messages before absl::InitializeLog() is called are written to STDERR
E0000 00:00:1735020927.133188   34510 cuda_dnn.cc:8310] Unable to register cuDNN factory: Attempting to register factory for plugin cuDNN when one has already been registered
E0000 00:00:1735020927.138889   34510 cuda_blas.cc:1418] Unable to register cuBLAS factory: Attempting to register factory for plugin cuBLAS when one has already been registered
2024-12-24 06:15:29,266 Running colabfold 1.5.5 (00de5b40adeec5368906b9f754ccb4212d05c64d)
2024-12-24 06:15:29,591 Running on GPU
2024-12-24 06:15:29,730 Found 9 citations for tools or databases
2024-12-24 06:15:29,730 Query 1/1: 6DXR_1_Chains_A__B_Apolipoprotein_C-I_Homo_sapiens__9606_ (length 83)
  0%|                                                                                                                     | 0/150 [elapsed: 00:00 remaining: ?]SUBMIT:   0%|                                                                                                             | 0/150 [elapsed: 00:00 remaining: ?]COMPLETE:   0%|                                                                                                           | 0/150 [elapsed: 00:00 remaining: ?]COMPLETE: 100%|█████████████████████████████████████████████████████████████████████████████████████████████████████| 150/150 [elapsed: 00:00 remaining: 00:00]COMPLETE: 100%|█████████████████████████████████████████████████████████████████████████████████████████████████████| 150/150 [elapsed: 00:00 remaining: 00:00]
WARNING: All log messages before absl::InitializeLog() is called are written to STDERR
I0000 00:00:1735020940.420164   34510 mlir_graph_optimization_pass.cc:401] MLIR V1 optimization pass is not enabled
2024-12-24 06:15:32,666 Sequence 0 found templates: ['1ioj_A', '6dxr_B', '6dvu_B', '6dz6_A', '6dvu_A', '6dvu_A', '6dz6_A', '6dvu_B', '6dxr_B', '1ioj_A']
2024-12-24 06:15:33,040 Setting max_seq=387, max_extra_seq=1
2024-12-24 06:16:43,442 alphafold2_ptm_model_1_seed_000 recycle=0 pLDDT=68.9 pTM=0.299
2024-12-24 06:16:45,103 alphafold2_ptm_model_1_seed_000 recycle=1 pLDDT=69.9 pTM=0.32 tol=1.33
2024-12-24 06:16:46,770 alphafold2_ptm_model_1_seed_000 recycle=2 pLDDT=70.1 pTM=0.322 tol=0.976
2024-12-24 06:16:48,438 alphafold2_ptm_model_1_seed_000 recycle=3 pLDDT=69.9 pTM=0.325 tol=0.382
2024-12-24 06:16:48,438 alphafold2_ptm_model_1_seed_000 took 67.6s (3 recycles)
2024-12-24 06:16:50,111 alphafold2_ptm_model_2_seed_000 recycle=0 pLDDT=65.1 pTM=0.325
2024-12-24 06:16:51,774 alphafold2_ptm_model_2_seed_000 recycle=1 pLDDT=66.5 pTM=0.339 tol=1.91
2024-12-24 06:16:53,449 alphafold2_ptm_model_2_seed_000 recycle=2 pLDDT=66.2 pTM=0.334 tol=0.72
2024-12-24 06:16:55,105 alphafold2_ptm_model_2_seed_000 recycle=3 pLDDT=67.4 pTM=0.336 tol=0.721
2024-12-24 06:16:55,106 alphafold2_ptm_model_2_seed_000 took 6.7s (3 recycles)
2024-12-24 06:17:21,596 alphafold2_ptm_model_3_seed_000 recycle=0 pLDDT=68.4 pTM=0.296
2024-12-24 06:17:23,181 alphafold2_ptm_model_3_seed_000 recycle=1 pLDDT=68 pTM=0.313 tol=1.86
2024-12-24 06:17:24,757 alphafold2_ptm_model_3_seed_000 recycle=2 pLDDT=68.2 pTM=0.32 tol=0.727
2024-12-24 06:17:26,335 alphafold2_ptm_model_3_seed_000 recycle=3 pLDDT=68.2 pTM=0.317 tol=0.444
2024-12-24 06:17:26,336 alphafold2_ptm_model_3_seed_000 took 31.2s (3 recycles)
2024-12-24 06:17:27,938 alphafold2_ptm_model_4_seed_000 recycle=0 pLDDT=66.9 pTM=0.284
2024-12-24 06:17:29,519 alphafold2_ptm_model_4_seed_000 recycle=1 pLDDT=67.3 pTM=0.306 tol=2.33
2024-12-24 06:17:31,096 alphafold2_ptm_model_4_seed_000 recycle=2 pLDDT=67.4 pTM=0.312 tol=1.29
2024-12-24 06:17:32,674 alphafold2_ptm_model_4_seed_000 recycle=3 pLDDT=67.6 pTM=0.308 tol=0.345
2024-12-24 06:17:32,674 alphafold2_ptm_model_4_seed_000 took 6.3s (3 recycles)
2024-12-24 06:17:34,287 alphafold2_ptm_model_5_seed_000 recycle=0 pLDDT=66.7 pTM=0.315
2024-12-24 06:17:35,865 alphafold2_ptm_model_5_seed_000 recycle=1 pLDDT=67.1 pTM=0.323 tol=2.59
2024-12-24 06:17:37,442 alphafold2_ptm_model_5_seed_000 recycle=2 pLDDT=67.5 pTM=0.325 tol=1
2024-12-24 06:17:39,032 alphafold2_ptm_model_5_seed_000 recycle=3 pLDDT=68.6 pTM=0.332 tol=0.48
2024-12-24 06:17:39,033 alphafold2_ptm_model_5_seed_000 took 6.3s (3 recycles)
2024-12-24 06:17:39,052 reranking models by 'plddt' metric
2024-12-24 06:17:39,305 Warning: importing 'simtk.openmm' is deprecated.  Import 'openmm' instead.
2024-12-24 06:17:53,728 Relaxation took 14.7s
2024-12-24 06:17:53,728 rank_001_alphafold2_ptm_model_1_seed_000 pLDDT=69.9 pTM=0.325
2024-12-24 06:18:01,964 Relaxation took 8.2s
2024-12-24 06:18:01,964 rank_002_alphafold2_ptm_model_5_seed_000 pLDDT=68.6 pTM=0.332
2024-12-24 06:18:14,839 Relaxation took 12.9s
2024-12-24 06:18:14,839 rank_003_alphafold2_ptm_model_3_seed_000 pLDDT=68.2 pTM=0.317
2024-12-24 06:18:24,777 Relaxation took 9.9s
2024-12-24 06:18:24,777 rank_004_alphafold2_ptm_model_4_seed_000 pLDDT=67.6 pTM=0.308
2024-12-24 06:18:35,390 Relaxation took 10.6s
2024-12-24 06:18:35,390 rank_005_alphafold2_ptm_model_2_seed_000 pLDDT=67.4 pTM=0.336
2024-12-24 06:18:36,175 Done
WARNING: All log messages before absl::InitializeLog() is called are written to STDERR
E0000 00:00:1735021118.525895   41396 cuda_dnn.cc:8310] Unable to register cuDNN factory: Attempting to register factory for plugin cuDNN when one has already been registered
E0000 00:00:1735021118.531107   41396 cuda_blas.cc:1418] Unable to register cuBLAS factory: Attempting to register factory for plugin cuBLAS when one has already been registered
2024-12-24 06:18:40,814 Running colabfold 1.5.5 (00de5b40adeec5368906b9f754ccb4212d05c64d)
2024-12-24 06:18:41,066 Running on GPU
2024-12-24 06:18:41,232 Found 9 citations for tools or databases
2024-12-24 06:18:41,232 Query 1/1: sp_P09038_FGF2_HUMAN_Fibroblast_growth_factor_2_OS_Homo_sapiens_OX_9606_GN_FGF2_PE_1_SV_3 (length 288)
  0%|                                                                                                                     | 0/150 [elapsed: 00:00 remaining: ?]SUBMIT:   0%|                                                                                                             | 0/150 [elapsed: 00:00 remaining: ?]COMPLETE:   0%|                                                                                                           | 0/150 [elapsed: 00:00 remaining: ?]COMPLETE: 100%|█████████████████████████████████████████████████████████████████████████████████████████████████████| 150/150 [elapsed: 00:00 remaining: 00:00]COMPLETE: 100%|█████████████████████████████████████████████████████████████████████████████████████████████████████| 150/150 [elapsed: 00:01 remaining: 00:00]
WARNING: All log messages before absl::InitializeLog() is called are written to STDERR
I0000 00:00:1735021140.359991   41396 mlir_graph_optimization_pass.cc:401] MLIR V1 optimization pass is not enabled
2024-12-24 06:18:51,547 Sequence 0 found templates: ['1bld_A', '3ba4_B', '4xki_B', '3bao_A', '2hwa_A', '1rg8_B', '3ojm_A', '3fj8_B', '4qbc_B', '3hom_A', '1q03_B', '3bah_A', '4qc4_B', '2hw9_B', '1jy0_A', '4qal_B', '1jtc_B', '2hwm_B', '5zxe_A', '1ev2_A']
2024-12-24 06:18:52,252 Setting max_seq=512, max_extra_seq=3057
2024-12-24 06:19:57,098 alphafold2_ptm_model_1_seed_000 recycle=0 pLDDT=66.4 pTM=0.489
2024-12-24 06:20:04,563 alphafold2_ptm_model_1_seed_000 recycle=1 pLDDT=67.2 pTM=0.508 tol=5.23
2024-12-24 06:20:12,037 alphafold2_ptm_model_1_seed_000 recycle=2 pLDDT=67.2 pTM=0.51 tol=5.25
2024-12-24 06:20:19,490 alphafold2_ptm_model_1_seed_000 recycle=3 pLDDT=67.4 pTM=0.513 tol=3.96
2024-12-24 06:20:19,491 alphafold2_ptm_model_1_seed_000 took 76.5s (3 recycles)
2024-12-24 06:20:27,045 alphafold2_ptm_model_2_seed_000 recycle=0 pLDDT=64.3 pTM=0.467
2024-12-24 06:20:34,507 alphafold2_ptm_model_2_seed_000 recycle=1 pLDDT=65.3 pTM=0.473 tol=6.18
2024-12-24 06:20:41,972 alphafold2_ptm_model_2_seed_000 recycle=2 pLDDT=65.1 pTM=0.473 tol=3.3
2024-12-24 06:20:49,440 alphafold2_ptm_model_2_seed_000 recycle=3 pLDDT=65.1 pTM=0.472 tol=1.75
2024-12-24 06:20:49,441 alphafold2_ptm_model_2_seed_000 took 29.9s (3 recycles)
2024-12-24 06:21:17,238 alphafold2_ptm_model_3_seed_000 recycle=0 pLDDT=65.8 pTM=0.469
2024-12-24 06:21:24,466 alphafold2_ptm_model_3_seed_000 recycle=1 pLDDT=65.6 pTM=0.477 tol=6.32
2024-12-24 06:21:31,690 alphafold2_ptm_model_3_seed_000 recycle=2 pLDDT=65.2 pTM=0.477 tol=3.15
2024-12-24 06:21:38,916 alphafold2_ptm_model_3_seed_000 recycle=3 pLDDT=65.1 pTM=0.474 tol=2.22
2024-12-24 06:21:38,917 alphafold2_ptm_model_3_seed_000 took 49.4s (3 recycles)
2024-12-24 06:21:46,250 alphafold2_ptm_model_4_seed_000 recycle=0 pLDDT=61.8 pTM=0.463
2024-12-24 06:21:53,483 alphafold2_ptm_model_4_seed_000 recycle=1 pLDDT=62.9 pTM=0.475 tol=7.09
2024-12-24 06:22:00,719 alphafold2_ptm_model_4_seed_000 recycle=2 pLDDT=63 pTM=0.478 tol=5.93
2024-12-24 06:22:07,954 alphafold2_ptm_model_4_seed_000 recycle=3 pLDDT=63.4 pTM=0.486 tol=4.09
2024-12-24 06:22:07,955 alphafold2_ptm_model_4_seed_000 took 28.9s (3 recycles)
2024-12-24 06:22:15,295 alphafold2_ptm_model_5_seed_000 recycle=0 pLDDT=61.3 pTM=0.472
2024-12-24 06:22:22,525 alphafold2_ptm_model_5_seed_000 recycle=1 pLDDT=62.9 pTM=0.485 tol=6.45
2024-12-24 06:22:29,764 alphafold2_ptm_model_5_seed_000 recycle=2 pLDDT=63.6 pTM=0.486 tol=4.19
2024-12-24 06:22:36,994 alphafold2_ptm_model_5_seed_000 recycle=3 pLDDT=63.6 pTM=0.489 tol=4.6
2024-12-24 06:22:36,994 alphafold2_ptm_model_5_seed_000 took 28.9s (3 recycles)
2024-12-24 06:22:37,090 reranking models by 'plddt' metric
2024-12-24 06:22:37,970 Warning: importing 'simtk.openmm' is deprecated.  Import 'openmm' instead.
2024-12-24 06:26:13,604 Relaxation took 216.5s
2024-12-24 06:26:13,605 rank_001_alphafold2_ptm_model_1_seed_000 pLDDT=67.4 pTM=0.513
2024-12-24 06:27:32,766 Relaxation took 79.2s
2024-12-24 06:27:32,766 rank_002_alphafold2_ptm_model_3_seed_000 pLDDT=65.1 pTM=0.474
2024-12-24 06:28:40,668 Relaxation took 67.9s
2024-12-24 06:28:40,668 rank_003_alphafold2_ptm_model_2_seed_000 pLDDT=65.1 pTM=0.472
2024-12-24 06:29:40,098 Relaxation took 59.4s
2024-12-24 06:29:40,098 rank_004_alphafold2_ptm_model_5_seed_000 pLDDT=63.6 pTM=0.489
2024-12-24 06:30:35,400 Relaxation took 55.3s
2024-12-24 06:30:35,400 rank_005_alphafold2_ptm_model_4_seed_000 pLDDT=63.4 pTM=0.486
2024-12-24 06:30:36,450 Done
output/colab_fold_output/rcsb_pdb_6DXR/log.txt generated. Initiating modeller for input/rcsb_pdb_6DXR.fasta
Checking and splitting input file: rcsb_pdb_6DXR.fasta
Removing the original file: rcsb_pdb_6DXR.fasta
Splitting completed successfully for rcsb_pdb_6DXR.fasta.
FASTA files to be processed:
6DXR_1.fasta
Checking for pdb_95.pir database...
Downloading the pdb_95.pir database...
SCWRL4 not found or not executable. Attempting installation...

Welcome to Scwrl4 installation wizard!

Please specify the full path location where Scwrl4 files should be written to.
Before you continue the installation, please make sure you have writing privileges for the destination path.
Warning: If the specified path contains the previous Scwrl4 intallation, the previously installed files will be overwritten.

Press press 'Enter' to interrupt the installation or provide the installation path.
The full path is prefered (e.g., /usr/local/bin/scwrl4 or /home/user/scwrl4): 
Scwrl4 files will be written to /workspace/modeller/scwrl4

Is this correct? [ Y/N ]

Please specify the license holder of this Scwrl4 copy: 

Creating /workspace/modeller/scwrl4

Writing files:

	Scwrl4.ini
	bbDepRotLib.bin
	Agreement.txt
	Readme.txt
	QuickStart.txt
	abcd_IN.pdb
	Scwrl4

Installation is complete. Thank you!


If you wish to run Scwrl4 from any location by simply typing >Scwrl4,
please consider adding /workspace/modeller/scwrl4 to PATH environment variable.
You can edit your favorite shell config file to make these changes permanent.
For example, in the case of the 'bash' shell (~/.bashrc), you may add something like 
export PATH=$PATH:/workspace/modeller/scwrl4


To uninstall the program simply delete its files.

Please take a look at Readme.txt for more information

SCWRL4 installed successfully!
---------------------------------------------
Processing file: 6DXR_1.fasta
Base name: 6DXR_1
Converting FASTA to .ali format...
6DXR_1
Building profile...
Analyzing profile and ranking templates...
Best template chosen: 6dvuA
Downloading PDB file for the best template...
PDB ID extracted: 6dvu
Downloading PDB file for 6dvu...
Downloading PDB structure '6dvu'...
PDB file renamed to 6dvu_tobefixed.pdb
Cleaning the template structure...
Aligning target sequence with the template...
Running MODELLER automodel...
Selecting the best model based on GA341 and DOPE scores...
Best model selected: 6DXR_1.B99990005.pdb
Performing rotamer sampling for 6DXR_1...
Rotamer sampling completed successfully for 6DXR_1.B99990005.pdb.
Organizing output files into 6DXR_1/ directory...
Output files moved to 6DXR_1/
Pipeline completed successfully for 6DXR_1.fasta.
All files processed successfully!
Deleting all .fasta files in the current directory...
All .fasta files deleted.
Moving all directories to ../output/modeller_output...
All folders moved successfully.
Execution complete.
Pipeline completed and all results moved to ./output
output/colab_fold_output/P09038/log.txt generated. Initiating modeller for input/P09038.fasta
Checking and splitting input file: P09038.fasta
Skipping 'P09038.fasta': Not a valid PDB-formatted file (4CHAR_1 format required).
FASTA files to be processed:
P09038.fasta
Checking for pdb_95.pir database...
Database pdb_95.pir already exists. Skipping download.
SCWRL4 is already installed.
---------------------------------------------
Processing file: P09038.fasta
Base name: P09038
Converting FASTA to .ali format...
P09038
Building profile...
Analyzing profile and ranking templates...
Best template chosen: 4oeeA
Downloading PDB file for the best template...
PDB ID extracted: 4oee
Downloading PDB file for 4oee...
Downloading PDB structure '4oee'...
PDB file renamed to 4oee_tobefixed.pdb
Cleaning the template structure...
Aligning target sequence with the template...
Running MODELLER automodel...
Selecting the best model based on GA341 and DOPE scores...
Best model selected: P09038.B99990001.pdb
Performing rotamer sampling for P09038...
Rotamer sampling completed successfully for P09038.B99990001.pdb.
Organizing output files into P09038/ directory...
Output files moved to P09038/
Pipeline completed successfully for P09038.fasta.
All files processed successfully!
Deleting all .fasta files in the current directory...
All .fasta files deleted.
Moving all directories to ../output/modeller_output...
All folders moved successfully.
Execution complete.
Pipeline completed and all results moved to ./output
WARNING: All log messages before absl::InitializeLog() is called are written to STDERR
E0000 00:00:1735021993.622604   50129 cuda_dnn.cc:8310] Unable to register cuDNN factory: Attempting to register factory for plugin cuDNN when one has already been registered
E0000 00:00:1735021993.627932   50129 cuda_blas.cc:1418] Unable to register cuBLAS factory: Attempting to register factory for plugin cuBLAS when one has already been registered
2024-12-24 06:33:15,711 Running colabfold 1.5.5 (00de5b40adeec5368906b9f754ccb4212d05c64d)
2024-12-24 06:33:16,052 Running on GPU
2024-12-24 06:33:16,205 Found 9 citations for tools or databases
2024-12-24 06:33:16,206 Query 1/2: 1FQ9_1_Chains_A__B_FIBROBLAST_GROWTH_FACTOR_2_Homo_sapiens__9606_ (length 132)
  0%|                                                                                                                     | 0/150 [elapsed: 00:00 remaining: ?]SUBMIT:   0%|                                                                                                             | 0/150 [elapsed: 00:00 remaining: ?]COMPLETE:   0%|                                                                                                           | 0/150 [elapsed: 00:00 remaining: ?]COMPLETE: 100%|█████████████████████████████████████████████████████████████████████████████████████████████████████| 150/150 [elapsed: 00:00 remaining: 00:00]COMPLETE: 100%|█████████████████████████████████████████████████████████████████████████████████████████████████████| 150/150 [elapsed: 00:01 remaining: 00:00]
WARNING: All log messages before absl::InitializeLog() is called are written to STDERR
I0000 00:00:1735022014.712341   50129 mlir_graph_optimization_pass.cc:401] MLIR V1 optimization pass is not enabled
2024-12-24 06:33:25,891 Sequence 0 found templates: ['3ba4_B', '1q03_B', '3ojv_B', '4xki_B', '1rg8_B', '3fj8_B', '4qbc_B', '3hom_A', '5zxe_A', '3bah_A', '4qal_B', '1jt4_B', '1jy0_A', '1p63_A', '3ojm_A', '1jtc_B', '1ev2_A', '1bld_A', '1fmm_S', '4fgf_A']
2024-12-24 06:33:36,434 Padding length to 142
2024-12-24 06:34:38,779 alphafold2_ptm_model_1_seed_000 recycle=0 pLDDT=95.2 pTM=0.892
2024-12-24 06:34:38,779 alphafold2_ptm_model_1_seed_000 took 62.3s (0 recycles)
2024-12-24 06:34:38,811 reranking models by 'plddt' metric
2024-12-24 06:34:39,090 Warning: importing 'simtk.openmm' is deprecated.  Import 'openmm' instead.
2024-12-24 06:35:06,576 Relaxation took 27.8s
2024-12-24 06:35:06,577 rank_001_alphafold2_ptm_model_1_seed_000 pLDDT=95.2 pTM=0.892
2024-12-24 06:35:06,914 Query 2/2: 1FQ9_2_Chains_C__D_FIBROBLAST_GROWTH_FACTOR_RECEPTOR_1_Homo_sapiens__9606_ (length 225)
  0%|                                                                                                                     | 0/150 [elapsed: 00:00 remaining: ?]SUBMIT:   0%|                                                                                                             | 0/150 [elapsed: 00:00 remaining: ?]COMPLETE:   0%|                                                                                                           | 0/150 [elapsed: 00:00 remaining: ?]COMPLETE: 100%|█████████████████████████████████████████████████████████████████████████████████████████████████████| 150/150 [elapsed: 00:00 remaining: 00:00]COMPLETE: 100%|█████████████████████████████████████████████████████████████████████████████████████████████████████| 150/150 [elapsed: 00:01 remaining: 00:00]
2024-12-24 06:35:16,285 Sequence 0 found templates: ['1cvs_C', '7ysh_E', '1iil_H', '7ysu_E', '3grw_A', '3ojm_B', '3oj2_D', '5w59_B', '1nun_B', '1iil_F', '1ev2_H', '1ii4_G', '1ev2_G', '4j23_A', '1fq9_D', '1evt_C', '2fdb_P', '1evt_D', '1e0o_D', '1e0o_B']
2024-12-24 06:36:29,684 alphafold2_ptm_model_1_seed_000 recycle=0 pLDDT=91.4 pTM=0.656
2024-12-24 06:36:36,303 alphafold2_ptm_model_1_seed_000 recycle=1 pLDDT=92.4 pTM=0.69 tol=0.475
2024-12-24 06:36:42,901 alphafold2_ptm_model_1_seed_000 recycle=2 pLDDT=92.8 pTM=0.709 tol=0.26
2024-12-24 06:36:49,493 alphafold2_ptm_model_1_seed_000 recycle=3 pLDDT=93 pTM=0.713 tol=0.12
2024-12-24 06:36:49,494 alphafold2_ptm_model_1_seed_000 took 86.6s (3 recycles)
2024-12-24 06:36:56,148 alphafold2_ptm_model_2_seed_000 recycle=0 pLDDT=92 pTM=0.662
2024-12-24 06:37:02,725 alphafold2_ptm_model_2_seed_000 recycle=1 pLDDT=92.8 pTM=0.697 tol=0.465
2024-12-24 06:37:09,318 alphafold2_ptm_model_2_seed_000 recycle=2 pLDDT=93 pTM=0.712 tol=0.414
2024-12-24 06:37:15,910 alphafold2_ptm_model_2_seed_000 recycle=3 pLDDT=93.2 pTM=0.716 tol=0.127
2024-12-24 06:37:15,911 alphafold2_ptm_model_2_seed_000 took 26.3s (3 recycles)
2024-12-24 06:37:46,977 alphafold2_ptm_model_3_seed_000 recycle=0 pLDDT=89.1 pTM=0.539
2024-12-24 06:37:53,412 alphafold2_ptm_model_3_seed_000 recycle=1 pLDDT=91.7 pTM=0.587 tol=0.464
2024-12-24 06:37:59,874 alphafold2_ptm_model_3_seed_000 recycle=2 pLDDT=91.6 pTM=0.594 tol=0.533
2024-12-24 06:38:06,337 alphafold2_ptm_model_3_seed_000 recycle=3 pLDDT=91.8 pTM=0.604 tol=0.448
2024-12-24 06:38:06,338 alphafold2_ptm_model_3_seed_000 took 50.4s (3 recycles)
2024-12-24 06:38:12,835 alphafold2_ptm_model_4_seed_000 recycle=0 pLDDT=89.6 pTM=0.569
2024-12-24 06:38:19,265 alphafold2_ptm_model_4_seed_000 recycle=1 pLDDT=92.4 pTM=0.637 tol=0.691
2024-12-24 06:38:25,695 alphafold2_ptm_model_4_seed_000 recycle=2 pLDDT=92.4 pTM=0.646 tol=0.515
2024-12-24 06:38:32,130 alphafold2_ptm_model_4_seed_000 recycle=3 pLDDT=92.7 pTM=0.651 tol=0.627
2024-12-24 06:38:32,130 alphafold2_ptm_model_4_seed_000 took 25.7s (3 recycles)
2024-12-24 06:38:38,679 alphafold2_ptm_model_5_seed_000 recycle=0 pLDDT=88.6 pTM=0.559
2024-12-24 06:38:45,124 alphafold2_ptm_model_5_seed_000 recycle=1 pLDDT=90.8 pTM=0.609 tol=2.28
2024-12-24 06:38:51,560 alphafold2_ptm_model_5_seed_000 recycle=2 pLDDT=90.9 pTM=0.617 tol=0.57
2024-12-24 06:38:58,005 alphafold2_ptm_model_5_seed_000 recycle=3 pLDDT=91.4 pTM=0.627 tol=0.79
2024-12-24 06:38:58,006 alphafold2_ptm_model_5_seed_000 took 25.8s (3 recycles)
2024-12-24 06:38:58,072 reranking models by 'plddt' metric
2024-12-24 06:40:15,470 Relaxation took 77.4s
2024-12-24 06:40:15,470 rank_001_alphafold2_ptm_model_2_seed_000 pLDDT=93.2 pTM=0.716
2024-12-24 06:41:01,701 Relaxation took 46.2s
2024-12-24 06:41:01,701 rank_002_alphafold2_ptm_model_1_seed_000 pLDDT=93 pTM=0.713
2024-12-24 06:42:02,356 Relaxation took 60.7s
2024-12-24 06:42:02,356 rank_003_alphafold2_ptm_model_4_seed_000 pLDDT=92.7 pTM=0.651
2024-12-24 06:42:54,357 Relaxation took 52.0s
2024-12-24 06:42:54,357 rank_004_alphafold2_ptm_model_3_seed_000 pLDDT=91.8 pTM=0.604
2024-12-24 06:43:43,846 Relaxation took 49.5s
2024-12-24 06:43:43,847 rank_005_alphafold2_ptm_model_5_seed_000 pLDDT=91.4 pTM=0.627
2024-12-24 06:43:44,849 Done
output/colab_fold_output/rcsb_pdb_1FQ9/log.txt generated. Initiating modeller for input/rcsb_pdb_1FQ9.fasta
Checking and splitting input file: rcsb_pdb_1FQ9.fasta
Removing the original file: rcsb_pdb_1FQ9.fasta
Splitting completed successfully for rcsb_pdb_1FQ9.fasta.
FASTA files to be processed:
1FQ9_1.fasta
1FQ9_2.fasta
Checking for pdb_95.pir database...
Database pdb_95.pir already exists. Skipping download.
SCWRL4 is already installed.
---------------------------------------------
Processing file: 1FQ9_1.fasta
Base name: 1FQ9_1
Converting FASTA to .ali format...
1FQ9_1
Building profile...
Analyzing profile and ranking templates...
Best template chosen: 4oeeA
Downloading PDB file for the best template...
PDB ID extracted: 4oee
Downloading PDB file for 4oee...
Downloading PDB structure '4oee'...
PDB file renamed to 4oee_tobefixed.pdb
Cleaning the template structure...
Aligning target sequence with the template...
Running MODELLER automodel...
Selecting the best model based on GA341 and DOPE scores...
Best model selected: 1FQ9_1.B99990005.pdb
Performing rotamer sampling for 1FQ9_1...
Rotamer sampling completed successfully for 1FQ9_1.B99990005.pdb.
Organizing output files into 1FQ9_1/ directory...
Output files moved to 1FQ9_1/
Pipeline completed successfully for 1FQ9_1.fasta.
---------------------------------------------
Processing file: 1FQ9_2.fasta
Base name: 1FQ9_2
Converting FASTA to .ali format...
1FQ9_2
Building profile...
Analyzing profile and ranking templates...
Best template chosen: 5w59B
Downloading PDB file for the best template...
PDB ID extracted: 5w59
Downloading PDB file for 5w59...
Downloading PDB structure '5w59'...
PDB file renamed to 5w59_tobefixed.pdb
Cleaning the template structure...
Aligning target sequence with the template...
Running MODELLER automodel...
Selecting the best model based on GA341 and DOPE scores...
Best model selected: 1FQ9_2.B99990005.pdb
Performing rotamer sampling for 1FQ9_2...
Rotamer sampling completed successfully for 1FQ9_2.B99990005.pdb.
Organizing output files into 1FQ9_2/ directory...
Output files moved to 1FQ9_2/
Pipeline completed successfully for 1FQ9_2.fasta.
All files processed successfully!
Deleting all .fasta files in the current directory...
All .fasta files deleted.
Moving all directories to ../output/modeller_output...
All folders moved successfully.
Execution complete.
Pipeline completed and all results moved to ./output
