31	5w59B	100.
67	1evtC	99.
68	1evtD	99.
66	1ev2E	82.
13	3cafA	80.
111	1iilG	79.
41	7tydA	79.
105	1ry7B	74.
79	3ojmB	72.
56	7n1jA	70.
106	3grwA	64.
100	6j6yA	62.
23	2yr3A	44.
15	7y95A	39.
34	2edjA	39.
93	7ol2A	37.
116	2om5A	36.
96	6s9fA	36.
16	7y9aA	35.
35	7ok5B	35.
36	7ok5A	35.
76	5k6wA	35.
84	2vr9C	35.
109	6iaaA	34.
112	3kldA	34.
17	5noiA	34.
33	5e4iA	34.
37	6i9sA	34.
50	7y6oA	34.
89	2dm2A	34.
94	3lafA	34.
99	2v5tA	34.
102	2wimA	33.
103	2lqrA	33.
107	2kdgA	33.
3	2eo9A	33.
7	6a77A	33.
88	5opeA	33.
101	3pucA	32.
110	8a0yA	32.
122	2rikA	32.
20	4u7mA	32.
43	3b43A	32.
47	3pxjC	32.
52	5e5rB	32.
72	2yd1A	32.
80	5oj2A	32.
95	3s97C	32.
104	3k0wA	31.
121	1ncuA	31.
28	6dl4A	31.
45	1qz1A	31.
48	3pxhA	31.
5	1ie5A	31.
53	5e5uB	31.
57	1cs6A	31.
6	2iepA	31.
61	5lf5A	31.
62	5lfrA	31.
63	6eg0B	31.
69	1bihA	31.
90	2dm3A	31.
91	3dmkA	31.
92	3dmkB	31.
108	5fm5O	30.
115	4x9hA	30.
14	4xhqA	30.
18	4yfdA	30.
21	6u7nA	30.
22	4kc3B	30.
27	6dlfA	30.
32	4xb7A	30.
38	5i99A	30.
39	5jddA	30.
44	4rcaA	30.
49	4y61A	30.
54	5xx0A	30.
55	5xx0B	30.
65	6eg1B	30.
8	2xy1A	30.
82	4cbpA	30.
83	2vr9A	30.
85	4yh7A	30.
9	2xycA	30.
10	2nziA	29.
114	4x9fA	29.
117	3p3yA	29.
12	4x8xA	29.
127	5xeqB	29.
24	2j8hA	29.
25	2jllA	29.
26	5vstA	29.
30	6dldB	29.
40	6u6tA	29.
58	2v9qA	29.
59	2v9rA	29.
70	1f97A	29.
73	2yd6A	29.
97	2v5rA	29.
11	4x83A	28.
113	4x9iA	28.
118	5xwtC	28.
123	4pbwF	28.
124	4pbxA	28.
29	6dldA	28.
71	2yd3A	28.
74	2yd9A	28.
87	4gafB	28.
98	5v5wA	28.
119	6fwxB	27.
126	5y32A	27.
2	5eo9B	27.
42	6feyA	27.
75	2yd4A	27.
81	1nbqA	27.
120	5oyjC	26.
125	5y32B	26.
46	4depB	26.
64	6eg1A	26.
77	5k6zA	26.
78	2a38A	26.
4	6efyA	25.
60	5t89X	25.
86	3lcyA	25.
19	2r15A	23.
51	2y25A	23.
