
                         MODELLER 10.6, 2024/10/17, r12888

     PROTEIN STRUCTURE MODELLING BY SATISFACTION OF SPATIAL RESTRAINTS


                     Copyright(c) 1989-2024 Andrej Sali
                            All Rights Reserved

                             Written by A. Sali
                               with help from
              B. Webb, M.S. Madhusudhan, M-Y. Shen, G.Q. Dong,
          M.A. Marti-Renom, N. Eswar, F. Alber, M. Topf, B. Oliva,
             A. Fiser, R. Sanchez, B. Yerkovich, A. Badretdinov,
                     F. Melo, J.P. Overington, E. Feyfant
                 University of California, San Francisco, USA
                    Rockefeller University, New York, USA
                      Harvard University, Cambridge, USA
                   Imperial Cancer Research Fund, London, UK
              Birkbeck College, University of London, London, UK


Kind, OS, HostName, Kernel, Processor: 4, Linux 5a8e3f68e509 5.4.0-107-generic x86_64
Date and time of compilation         : 2024/10/17 20:34:40
MODELLER executable type             : x86_64-intel8
Job starting time (YY/MM/DD HH:MM:SS): 2024/12/24 06:45:36


check_ali___> Checking the sequence-structure alignment. 

Implied intrachain target CA(i)-CA(i+1) distances longer than  8.0 angstroms:

ALN_POS  TMPL  RID1  RID2  NAM1  NAM2     DIST
----------------------------------------------
END OF TABLE
read_to_681_> topology.submodel read from topology file:        3
patch_s_522_> Number of disulfides patched in MODEL:        2
mdtrsr__446W> A potential that relies on one protein is used, yet you have at
              least one known structure available. MDT, not library, potential is used.
0 atoms in HETATM/BLK residues constrained
to protein atoms within 2.30 angstroms
and protein CA atoms within 10.00 angstroms
0 atoms in residues without defined topology
constrained to be rigid bodies
condens_443_> Restraints marked for deletion were removed.
              Total number of restraints before, now:    22096    20427
iupac_m_397W> Atoms were not swapped because of the uncertainty of how to handle the H atom.
>> Model assessment by DOPE potential
iatmcls_286W> MODEL atom not classified:  ARG:OXT  ARG


>> ENERGY; Differences between the model's features and restraints:
Number of all residues in MODEL                   :      225
Number of all, selected real atoms                :     1777    1777
Number of all, selected pseudo atoms              :        0       0
Number of all static, selected restraints         :    20427   20427
COVALENT_CYS                                      :        F
NONBONDED_SEL_ATOMS                               :        1
Number of non-bonded pairs (excluding 1-2,1-3,1-4):   257860
Dynamic pairs routine                             : 1, NATM x NATM double loop
Atomic shift for contacts update (UPDATE_DYNAMIC) :    0.390
LENNARD_JONES_SWITCH                              :    6.500   7.500
COULOMB_JONES_SWITCH                              :    6.500   7.500
RESIDUE_SPAN_RANGE                                :        1    9999
NLOGN_USE                                         :       15
CONTACT_SHELL                                     :   15.000
DYNAMIC_PAIRS,_SPHERE,_COULOMB,_LENNARD,_MODELLER :        T       F       F       F       T
SPHERE_STDV                                       :    0.050
RADII_FACTOR                                      :    0.820
Current energy                                    :      -19218.6484




<< end of ENERGY.
DOPE score               : -19218.648438
>> Model assessment by GA341 potential

Surface library          : /root/miniconda3/envs/snake/lib/modeller-10.6/modlib/surf5.de
Pair library             : /root/miniconda3/envs/snake/lib/modeller-10.6/modlib/pair9.de
Chain identifier         : _
% sequence identity      :    99.111000
Sequence length          :          225
Compactness              :     0.035733
Native energy (pair)     :   -79.862510
Native energy (surface)  :    -8.100806
Native energy (combined) :    -4.981152
Z score (pair)           :    -7.181107
Z score (surface)        :    -5.122456
Z score (combined)       :    -8.455397
GA341 score              :     1.000000



>> ENERGY; Differences between the model's features and restraints:
Number of all residues in MODEL                   :      225
Number of all, selected real atoms                :     1777    1777
Number of all, selected pseudo atoms              :        0       0
Number of all static, selected restraints         :    20427   20427
COVALENT_CYS                                      :        F
NONBONDED_SEL_ATOMS                               :        1
Number of non-bonded pairs (excluding 1-2,1-3,1-4):     3193
Dynamic pairs routine                             : 2, NATM x NATM cell sorting
Atomic shift for contacts update (UPDATE_DYNAMIC) :    0.390
LENNARD_JONES_SWITCH                              :    6.500   7.500
COULOMB_JONES_SWITCH                              :    6.500   7.500
RESIDUE_SPAN_RANGE                                :        0   99999
NLOGN_USE                                         :       15
CONTACT_SHELL                                     :    4.000
DYNAMIC_PAIRS,_SPHERE,_COULOMB,_LENNARD,_MODELLER :        T       T       F       F       F
SPHERE_STDV                                       :    0.050
RADII_FACTOR                                      :    0.820
Current energy                                    :        1528.6993





Summary of the restraint violations: 

   NUM     ... number of restraints.
   NUMVI   ... number of restraints with RVIOL > VIOL_REPORT_CUT[i].
   RVIOL   ... relative difference from the best value.
   NUMVP   ... number of restraints with -Ln(pdf) > VIOL_REPORT_CUT2[i].
   RMS_1   ... RMS(feature, minimally_violated_basis_restraint, NUMB).
   RMS_2   ... RMS(feature, best_value, NUMB).
   MOL.PDF ... scaled contribution to -Ln(Molecular pdf).

 #                     RESTRAINT_GROUP      NUM   NUMVI  NUMVP   RMS_1   RMS_2         MOL.PDF     S_i
------------------------------------------------------------------------------------------------------
 1 Bond length potential              :    1825       0      0   0.005   0.005      12.945       1.000
 2 Bond angle potential               :    2484       1      4   1.965   1.965      186.00       1.000
 3 Stereochemical cosine torsion poten:    1234       0     38  50.443  50.443      489.25       1.000
 4 Stereochemical improper torsion pot:     752       0      0   1.126   1.126      22.296       1.000
 5 Soft-sphere overlap restraints     :    3193       0      0   0.003   0.003      2.4626       1.000
 6 Lennard-Jones 6-12 potential       :       0       0      0   0.000   0.000      0.0000       1.000
 7 Coulomb point-point electrostatic p:       0       0      0   0.000   0.000      0.0000       1.000
 8 H-bonding potential                :       0       0      0   0.000   0.000      0.0000       1.000
 9 Distance restraints 1 (CA-CA)      :    3448       0      5   0.190   0.190      98.301       1.000
10 Distance restraints 2 (N-O)        :    3871       0     15   0.255   0.255      184.67       1.000
11 Mainchain Phi dihedral restraints  :       0       0      0   0.000   0.000      0.0000       1.000
12 Mainchain Psi dihedral restraints  :       0       0      0   0.000   0.000      0.0000       1.000
13 Mainchain Omega dihedral restraints:     224       2      3  12.626  12.626      42.518       1.000
14 Sidechain Chi_1 dihedral restraints:     198       0      1  55.731  55.731      22.143       1.000
15 Sidechain Chi_2 dihedral restraints:     146       0      1  52.746  52.746      38.596       1.000
16 Sidechain Chi_3 dihedral restraints:      69       0      0  56.253  56.253      32.337       1.000
17 Sidechain Chi_4 dihedral restraints:      26       0      0  67.159  67.159      15.614       1.000
18 Disulfide distance restraints      :       2       0      0   0.012   0.012     0.49406E-01   1.000
19 Disulfide angle restraints         :       4       0      0   1.275   1.275     0.14353       1.000
20 Disulfide dihedral angle restraints:       2       0      0  25.944  25.944      1.3356       1.000
21 Lower bound distance restraints    :       0       0      0   0.000   0.000      0.0000       1.000
22 Upper bound distance restraints    :       0       0      0   0.000   0.000      0.0000       1.000
23 Distance restraints 3 (SDCH-MNCH)  :    4019       0      0   0.507   0.507      170.29       1.000
24 Sidechain Chi_5 dihedral restraints:       0       0      0   0.000   0.000      0.0000       1.000
25 Phi/Psi pair of dihedral restraints:     223       9     17  26.185  41.226      104.88       1.000
26 Distance restraints 4 (SDCH-SDCH)  :    1900       0      0   0.631   0.631      104.87       1.000
27 Distance restraints 5 (X-Y)        :       0       0      0   0.000   0.000      0.0000       1.000
28 NMR distance restraints 6 (X-Y)    :       0       0      0   0.000   0.000      0.0000       1.000
29 NMR distance restraints 7 (X-Y)    :       0       0      0   0.000   0.000      0.0000       1.000
30 Minimal distance restraints        :       0       0      0   0.000   0.000      0.0000       1.000
31 Non-bonded restraints              :       0       0      0   0.000   0.000      0.0000       1.000
32 Atomic accessibility restraints    :       0       0      0   0.000   0.000      0.0000       1.000
33 Atomic density restraints          :       0       0      0   0.000   0.000      0.0000       1.000
34 Absolute position restraints       :       0       0      0   0.000   0.000      0.0000       1.000
35 Dihedral angle difference restraint:       0       0      0   0.000   0.000      0.0000       1.000
36 GBSA implicit solvent potential    :       0       0      0   0.000   0.000      0.0000       1.000
37 EM density fitting potential       :       0       0      0   0.000   0.000      0.0000       1.000
38 SAXS restraints                    :       0       0      0   0.000   0.000      0.0000       1.000
39 Symmetry restraints                :       0       0      0   0.000   0.000      0.0000       1.000



# Heavy relative violation of each residue is written to: 1FQ9_2.V99990001
# The profile is NOT normalized by the number of restraints.
# The profiles are smoothed over a window of residues:    1
# The sum of all numbers in the file:   19931.5996



List of the violated restraints:
   A restraint is violated when the relative difference
   from the best value (RVIOL) is larger than CUTOFF.

   ICSR   ... index of a restraint in the current set.
   RESNO  ... residue numbers of the first two atoms.
   ATM    ... IUPAC atom names of the first two atoms.
   FEAT   ... the value of the feature in the model.
   restr  ... the mean of the basis restraint with the smallest
              difference from the model (local minimum).
   viol   ... difference from the local minimum.
   rviol  ... relative difference from the local minimum.
   RESTR  ... the best value (global minimum).
   VIOL   ... difference from the best value.
   RVIOL  ... relative difference from the best value.


-------------------------------------------------------------------------------------------------

Feature 13                           : Mainchain Omega dihedral restraints     
List of the RVIOL violations larger than   :       4.5000

    #   ICSR  RESNO1/2 ATM1/2   INDATM1/2    FEAT   restr    viol   rviol   RESTR    VIOL   RVIOL
    1   6688 162P 162P CA  C    1280 1284   -0.48 -179.18  178.70   41.54 -179.18  178.70   41.54
    2   6690 164N 164N CA  C    1295 1300 -156.51 -180.00   23.48    4.70 -180.00   23.48    4.70

-------------------------------------------------------------------------------------------------

Feature 25                           : Phi/Psi pair of dihedral restraints     
List of the RVIOL violations larger than   :       6.5000

    #   ICSR  RESNO1/2 ATM1/2   INDATM1/2    FEAT   restr    viol   rviol   RESTR    VIOL   RVIOL
    1   6304   1T   2D C   N       6    8  -96.59  -96.50   46.24    1.94  -63.30  163.00   22.25
    1          2D   2D N   CA      8    9  160.44  114.20                  -40.00
    2   6307   4T   5K C   N      29   31  161.83 -118.00   90.15    2.98  -70.20  134.06    8.84
    2          5K   5K N   CA     31   32 -179.66  139.10                  140.40
    3   6309   6P   7N C   N      45   47 -156.90 -119.90   81.66    2.77  -63.20  143.83   22.96
    3          7N   7N N   CA     47   48 -150.21  137.00                  -41.10
    4   6366  63I  64G C   N     506  508  -97.13  -62.40   36.14    5.98   82.20 -176.32   13.54
    4         64G  64G N   CA    508  509  -31.21  -41.20                    8.50
    5   6458 155V 156N C   N    1238 1240  -84.46 -119.90   35.45    1.50  -63.20 -179.61   21.45
    5        156N 156N N   CA   1240 1241  138.03  137.00                  -41.10
    6   6459 156N 157G C   N    1246 1248   88.58   82.20   23.59    0.83  -62.40  153.37   28.33
    6        157G 157G N   CA   1248 1249  -14.21    8.50                  -41.20
    7   6460 157G 158S C   N    1250 1252 -127.68 -136.60   81.53    3.94  -64.10  122.88    8.19
    7        158S 158S N   CA   1252 1253   70.16  151.20                  -35.00
    8   6467 164N 165L C   N    1300 1302   53.30   60.20   35.24    1.54 -108.50  175.64    7.78
    8        165L 165L N   CA   1302 1303   64.16   29.60                  132.50
    9   6523 220E 221A C   N    1733 1735 -140.43 -134.00    8.67    0.25   55.40 -159.78   23.50
    9        221A 221A N   CA   1735 1736  152.81  147.00                   38.20


report______> Distribution of short non-bonded contacts:


DISTANCE1:  0.00 2.10 2.20 2.30 2.40 2.50 2.60 2.70 2.80 2.90 3.00 3.10 3.20 3.30 3.40
DISTANCE2:  2.10 2.20 2.30 2.40 2.50 2.60 2.70 2.80 2.90 3.00 3.10 3.20 3.30 3.40 3.50
FREQUENCY:     0    0    0    0    0   10   15   74   75   95  116  147  168  206  251


<< end of ENERGY.
iupac_m_397W> Atoms were not swapped because of the uncertainty of how to handle the H atom.
iupac_m_397W> Atoms were not swapped because of the uncertainty of how to handle the H atom.
>> Model assessment by DOPE potential
iatmcls_286W> MODEL atom not classified:  ARG:OXT  ARG


>> ENERGY; Differences between the model's features and restraints:
Number of all residues in MODEL                   :      225
Number of all, selected real atoms                :     1777    1777
Number of all, selected pseudo atoms              :        0       0
Number of all static, selected restraints         :    20427   20427
COVALENT_CYS                                      :        F
NONBONDED_SEL_ATOMS                               :        1
Number of non-bonded pairs (excluding 1-2,1-3,1-4):   257449
Dynamic pairs routine                             : 1, NATM x NATM double loop
Atomic shift for contacts update (UPDATE_DYNAMIC) :    0.390
LENNARD_JONES_SWITCH                              :    6.500   7.500
COULOMB_JONES_SWITCH                              :    6.500   7.500
RESIDUE_SPAN_RANGE                                :        1    9999
NLOGN_USE                                         :       15
CONTACT_SHELL                                     :   15.000
DYNAMIC_PAIRS,_SPHERE,_COULOMB,_LENNARD,_MODELLER :        T       F       F       F       T
SPHERE_STDV                                       :    0.050
RADII_FACTOR                                      :    0.820
Current energy                                    :      -19171.8633




<< end of ENERGY.
DOPE score               : -19171.863281
>> Model assessment by GA341 potential

Surface library          : /root/miniconda3/envs/snake/lib/modeller-10.6/modlib/surf5.de
Pair library             : /root/miniconda3/envs/snake/lib/modeller-10.6/modlib/pair9.de
Chain identifier         : _
% sequence identity      :    99.111000
Sequence length          :          225
Compactness              :     0.027948
Native energy (pair)     :   -78.668154
Native energy (surface)  :    -7.720100
Native energy (combined) :    -5.177224
Z score (pair)           :    -7.882873
Z score (surface)        :    -4.994053
Z score (combined)       :    -7.775364
GA341 score              :     1.000000



>> ENERGY; Differences between the model's features and restraints:
Number of all residues in MODEL                   :      225
Number of all, selected real atoms                :     1777    1777
Number of all, selected pseudo atoms              :        0       0
Number of all static, selected restraints         :    20427   20427
COVALENT_CYS                                      :        F
NONBONDED_SEL_ATOMS                               :        1
Number of non-bonded pairs (excluding 1-2,1-3,1-4):     3191
Dynamic pairs routine                             : 2, NATM x NATM cell sorting
Atomic shift for contacts update (UPDATE_DYNAMIC) :    0.390
LENNARD_JONES_SWITCH                              :    6.500   7.500
COULOMB_JONES_SWITCH                              :    6.500   7.500
RESIDUE_SPAN_RANGE                                :        0   99999
NLOGN_USE                                         :       15
CONTACT_SHELL                                     :    4.000
DYNAMIC_PAIRS,_SPHERE,_COULOMB,_LENNARD,_MODELLER :        T       T       F       F       F
SPHERE_STDV                                       :    0.050
RADII_FACTOR                                      :    0.820
Current energy                                    :        1568.0355





Summary of the restraint violations: 

   NUM     ... number of restraints.
   NUMVI   ... number of restraints with RVIOL > VIOL_REPORT_CUT[i].
   RVIOL   ... relative difference from the best value.
   NUMVP   ... number of restraints with -Ln(pdf) > VIOL_REPORT_CUT2[i].
   RMS_1   ... RMS(feature, minimally_violated_basis_restraint, NUMB).
   RMS_2   ... RMS(feature, best_value, NUMB).
   MOL.PDF ... scaled contribution to -Ln(Molecular pdf).

 #                     RESTRAINT_GROUP      NUM   NUMVI  NUMVP   RMS_1   RMS_2         MOL.PDF     S_i
------------------------------------------------------------------------------------------------------
 1 Bond length potential              :    1825       0      1   0.006   0.006      15.664       1.000
 2 Bond angle potential               :    2484       4      7   1.997   1.997      196.78       1.000
 3 Stereochemical cosine torsion poten:    1234       0     32  50.126  50.126      486.78       1.000
 4 Stereochemical improper torsion pot:     752       1      1   2.545   2.545      86.909       1.000
 5 Soft-sphere overlap restraints     :    3191       0      0   0.003   0.003      2.6041       1.000
 6 Lennard-Jones 6-12 potential       :       0       0      0   0.000   0.000      0.0000       1.000
 7 Coulomb point-point electrostatic p:       0       0      0   0.000   0.000      0.0000       1.000
 8 H-bonding potential                :       0       0      0   0.000   0.000      0.0000       1.000
 9 Distance restraints 1 (CA-CA)      :    3448       1      4   0.175   0.175      84.102       1.000
10 Distance restraints 2 (N-O)        :    3871       1     12   0.246   0.246      170.99       1.000
11 Mainchain Phi dihedral restraints  :       0       0      0   0.000   0.000      0.0000       1.000
12 Mainchain Psi dihedral restraints  :       0       0      0   0.000   0.000      0.0000       1.000
13 Mainchain Omega dihedral restraints:     224       2      1  12.736  12.736      44.854       1.000
14 Sidechain Chi_1 dihedral restraints:     198       0      1  49.477  49.477      12.068       1.000
15 Sidechain Chi_2 dihedral restraints:     146       0      0  59.013  59.013      32.895       1.000
16 Sidechain Chi_3 dihedral restraints:      69       0      0  65.828  65.828      38.321       1.000
17 Sidechain Chi_4 dihedral restraints:      26       0      0  83.939  83.939      18.169       1.000
18 Disulfide distance restraints      :       2       0      0   0.012   0.012     0.46826E-01   1.000
19 Disulfide angle restraints         :       4       0      0   1.388   1.388     0.17019       1.000
20 Disulfide dihedral angle restraints:       2       0      0  26.083  26.083      1.3420       1.000
21 Lower bound distance restraints    :       0       0      0   0.000   0.000      0.0000       1.000
22 Upper bound distance restraints    :       0       0      0   0.000   0.000      0.0000       1.000
23 Distance restraints 3 (SDCH-MNCH)  :    4019       0      1   0.508   0.508      155.76       1.000
24 Sidechain Chi_5 dihedral restraints:       0       0      0   0.000   0.000      0.0000       1.000
25 Phi/Psi pair of dihedral restraints:     223       8     16  27.999  38.834      121.66       1.000
26 Distance restraints 4 (SDCH-SDCH)  :    1900       0      3   0.611   0.611      98.915       1.000
27 Distance restraints 5 (X-Y)        :       0       0      0   0.000   0.000      0.0000       1.000
28 NMR distance restraints 6 (X-Y)    :       0       0      0   0.000   0.000      0.0000       1.000
29 NMR distance restraints 7 (X-Y)    :       0       0      0   0.000   0.000      0.0000       1.000
30 Minimal distance restraints        :       0       0      0   0.000   0.000      0.0000       1.000
31 Non-bonded restraints              :       0       0      0   0.000   0.000      0.0000       1.000
32 Atomic accessibility restraints    :       0       0      0   0.000   0.000      0.0000       1.000
33 Atomic density restraints          :       0       0      0   0.000   0.000      0.0000       1.000
34 Absolute position restraints       :       0       0      0   0.000   0.000      0.0000       1.000
35 Dihedral angle difference restraint:       0       0      0   0.000   0.000      0.0000       1.000
36 GBSA implicit solvent potential    :       0       0      0   0.000   0.000      0.0000       1.000
37 EM density fitting potential       :       0       0      0   0.000   0.000      0.0000       1.000
38 SAXS restraints                    :       0       0      0   0.000   0.000      0.0000       1.000
39 Symmetry restraints                :       0       0      0   0.000   0.000      0.0000       1.000



# Heavy relative violation of each residue is written to: 1FQ9_2.V99990002
# The profile is NOT normalized by the number of restraints.
# The profiles are smoothed over a window of residues:    1
# The sum of all numbers in the file:   18742.6602



List of the violated restraints:
   A restraint is violated when the relative difference
   from the best value (RVIOL) is larger than CUTOFF.

   ICSR   ... index of a restraint in the current set.
   RESNO  ... residue numbers of the first two atoms.
   ATM    ... IUPAC atom names of the first two atoms.
   FEAT   ... the value of the feature in the model.
   restr  ... the mean of the basis restraint with the smallest
              difference from the model (local minimum).
   viol   ... difference from the local minimum.
   rviol  ... relative difference from the local minimum.
   RESTR  ... the best value (global minimum).
   VIOL   ... difference from the best value.
   RVIOL  ... relative difference from the best value.


-------------------------------------------------------------------------------------------------

Feature 13                           : Mainchain Omega dihedral restraints     
List of the RVIOL violations larger than   :       4.5000

    #   ICSR  RESNO1/2 ATM1/2   INDATM1/2    FEAT   restr    viol   rviol   RESTR    VIOL   RVIOL
    1   6688 162P 162P CA  C    1280 1284    0.65 -179.18  179.83   41.80 -179.18  179.83   41.80

-------------------------------------------------------------------------------------------------

Feature 25                           : Phi/Psi pair of dihedral restraints     
List of the RVIOL violations larger than   :       6.5000

    #   ICSR  RESNO1/2 ATM1/2   INDATM1/2    FEAT   restr    viol   rviol   RESTR    VIOL   RVIOL
    1   6304   1T   2D C   N       6    8  -75.12  -96.50   46.81    1.94  -63.30  164.58   21.05
    1          2D   2D N   CA      8    9  155.84  114.20                  -40.00
    2   6309   6P   7N C   N      45   47 -135.99 -119.90   91.08    3.75  -63.20  117.52   18.61
    2          7N   7N N   CA     47   48 -133.36  137.00                  -41.10
    3   6445 142D 143P C   N    1123 1125 -160.41  -64.50   95.95    9.68  -64.50   95.95    9.68
    3        143P 143P N   CA   1125 1126  149.97  147.20                  147.20
    4   6458 155V 156N C   N    1238 1240  -86.94 -119.90   33.07    1.44  -63.20 -179.27   23.93
    4        156N 156N N   CA   1240 1241  139.73  137.00                  -41.10
    5   6459 156N 157G C   N    1246 1248   92.34   82.20   30.44    0.99  -62.40  156.16   28.65
    5        157G 157G N   CA   1248 1249  -20.20    8.50                  -41.20
    6   6460 157G 158S C   N    1250 1252 -123.29 -136.60   78.59    3.69  -64.10  123.81    8.03
    6        158S 158S N   CA   1252 1253   73.74  151.20                  -35.00
    7   6466 163D 164N C   N    1292 1294 -145.43 -119.90   88.40    4.52  -71.20  116.99    9.30
    7        164N 164N N   CA   1294 1295   52.36  137.00                  142.80
    8   6523 220E 221A C   N    1733 1735 -115.97 -134.00   19.76    0.45   55.40 -161.23   14.60
    8        221A 221A N   CA   1735 1736  138.90  147.00                   38.20


report______> Distribution of short non-bonded contacts:


DISTANCE1:  0.00 2.10 2.20 2.30 2.40 2.50 2.60 2.70 2.80 2.90 3.00 3.10 3.20 3.30 3.40
DISTANCE2:  2.10 2.20 2.30 2.40 2.50 2.60 2.70 2.80 2.90 3.00 3.10 3.20 3.30 3.40 3.50
FREQUENCY:     0    0    0    0    0    7   20   55   90  100  140  151  175  202  245


<< end of ENERGY.
iupac_m_397W> Atoms were not swapped because of the uncertainty of how to handle the H atom.
iupac_m_397W> Atoms were not swapped because of the uncertainty of how to handle the H atom.
>> Model assessment by DOPE potential
iatmcls_286W> MODEL atom not classified:  ARG:OXT  ARG


>> ENERGY; Differences between the model's features and restraints:
Number of all residues in MODEL                   :      225
Number of all, selected real atoms                :     1777    1777
Number of all, selected pseudo atoms              :        0       0
Number of all static, selected restraints         :    20427   20427
COVALENT_CYS                                      :        F
NONBONDED_SEL_ATOMS                               :        1
Number of non-bonded pairs (excluding 1-2,1-3,1-4):   256604
Dynamic pairs routine                             : 1, NATM x NATM double loop
Atomic shift for contacts update (UPDATE_DYNAMIC) :    0.390
LENNARD_JONES_SWITCH                              :    6.500   7.500
COULOMB_JONES_SWITCH                              :    6.500   7.500
RESIDUE_SPAN_RANGE                                :        1    9999
NLOGN_USE                                         :       15
CONTACT_SHELL                                     :   15.000
DYNAMIC_PAIRS,_SPHERE,_COULOMB,_LENNARD,_MODELLER :        T       F       F       F       T
SPHERE_STDV                                       :    0.050
RADII_FACTOR                                      :    0.820
Current energy                                    :      -19094.3359




<< end of ENERGY.
DOPE score               : -19094.335938
>> Model assessment by GA341 potential

Surface library          : /root/miniconda3/envs/snake/lib/modeller-10.6/modlib/surf5.de
Pair library             : /root/miniconda3/envs/snake/lib/modeller-10.6/modlib/pair9.de
Chain identifier         : _
% sequence identity      :    99.111000
Sequence length          :          225
Compactness              :     0.034363
Native energy (pair)     :   -67.371943
Native energy (surface)  :    -7.100990
Native energy (combined) :    -4.511961
Z score (pair)           :    -7.882480
Z score (surface)        :    -4.996131
Z score (combined)       :    -7.710574
GA341 score              :     1.000000



>> ENERGY; Differences between the model's features and restraints:
Number of all residues in MODEL                   :      225
Number of all, selected real atoms                :     1777    1777
Number of all, selected pseudo atoms              :        0       0
Number of all static, selected restraints         :    20427   20427
COVALENT_CYS                                      :        F
NONBONDED_SEL_ATOMS                               :        1
Number of non-bonded pairs (excluding 1-2,1-3,1-4):     3191
Dynamic pairs routine                             : 2, NATM x NATM cell sorting
Atomic shift for contacts update (UPDATE_DYNAMIC) :    0.390
LENNARD_JONES_SWITCH                              :    6.500   7.500
COULOMB_JONES_SWITCH                              :    6.500   7.500
RESIDUE_SPAN_RANGE                                :        0   99999
NLOGN_USE                                         :       15
CONTACT_SHELL                                     :    4.000
DYNAMIC_PAIRS,_SPHERE,_COULOMB,_LENNARD,_MODELLER :        T       T       F       F       F
SPHERE_STDV                                       :    0.050
RADII_FACTOR                                      :    0.820
Current energy                                    :        1716.7075





Summary of the restraint violations: 

   NUM     ... number of restraints.
   NUMVI   ... number of restraints with RVIOL > VIOL_REPORT_CUT[i].
   RVIOL   ... relative difference from the best value.
   NUMVP   ... number of restraints with -Ln(pdf) > VIOL_REPORT_CUT2[i].
   RMS_1   ... RMS(feature, minimally_violated_basis_restraint, NUMB).
   RMS_2   ... RMS(feature, best_value, NUMB).
   MOL.PDF ... scaled contribution to -Ln(Molecular pdf).

 #                     RESTRAINT_GROUP      NUM   NUMVI  NUMVP   RMS_1   RMS_2         MOL.PDF     S_i
------------------------------------------------------------------------------------------------------
 1 Bond length potential              :    1825       0      0   0.006   0.006      17.121       1.000
 2 Bond angle potential               :    2484       0      3   1.984   1.984      188.08       1.000
 3 Stereochemical cosine torsion poten:    1234       0     33  50.008  50.008      483.04       1.000
 4 Stereochemical improper torsion pot:     752       0      0   1.259   1.259      26.596       1.000
 5 Soft-sphere overlap restraints     :    3191       0      0   0.003   0.003      2.9459       1.000
 6 Lennard-Jones 6-12 potential       :       0       0      0   0.000   0.000      0.0000       1.000
 7 Coulomb point-point electrostatic p:       0       0      0   0.000   0.000      0.0000       1.000
 8 H-bonding potential                :       0       0      0   0.000   0.000      0.0000       1.000
 9 Distance restraints 1 (CA-CA)      :    3448       1      9   0.212   0.212      125.00       1.000
10 Distance restraints 2 (N-O)        :    3871       3     22   0.284   0.284      247.98       1.000
11 Mainchain Phi dihedral restraints  :       0       0      0   0.000   0.000      0.0000       1.000
12 Mainchain Psi dihedral restraints  :       0       0      0   0.000   0.000      0.0000       1.000
13 Mainchain Omega dihedral restraints:     224       2      3  17.256  17.256      41.813       1.000
14 Sidechain Chi_1 dihedral restraints:     198       0      2  52.772  52.772      23.626       1.000
15 Sidechain Chi_2 dihedral restraints:     146       0      2  60.065  60.065      49.682       1.000
16 Sidechain Chi_3 dihedral restraints:      69       0      0  59.462  59.462      41.118       1.000
17 Sidechain Chi_4 dihedral restraints:      26       0      0  90.154  90.154      21.240       1.000
18 Disulfide distance restraints      :       2       0      0   0.012   0.012     0.48020E-01   1.000
19 Disulfide angle restraints         :       4       0      0   2.296   2.296     0.46566       1.000
20 Disulfide dihedral angle restraints:       2       0      0  17.056  17.056     0.67123       1.000
21 Lower bound distance restraints    :       0       0      0   0.000   0.000      0.0000       1.000
22 Upper bound distance restraints    :       0       0      0   0.000   0.000      0.0000       1.000
23 Distance restraints 3 (SDCH-MNCH)  :    4019       0      1   0.527   0.527      173.74       1.000
24 Sidechain Chi_5 dihedral restraints:       0       0      0   0.000   0.000      0.0000       1.000
25 Phi/Psi pair of dihedral restraints:     223      16     24  32.247  47.876      152.98       1.000
26 Distance restraints 4 (SDCH-SDCH)  :    1900       0      1   0.676   0.676      120.56       1.000
27 Distance restraints 5 (X-Y)        :       0       0      0   0.000   0.000      0.0000       1.000
28 NMR distance restraints 6 (X-Y)    :       0       0      0   0.000   0.000      0.0000       1.000
29 NMR distance restraints 7 (X-Y)    :       0       0      0   0.000   0.000      0.0000       1.000
30 Minimal distance restraints        :       0       0      0   0.000   0.000      0.0000       1.000
31 Non-bonded restraints              :       0       0      0   0.000   0.000      0.0000       1.000
32 Atomic accessibility restraints    :       0       0      0   0.000   0.000      0.0000       1.000
33 Atomic density restraints          :       0       0      0   0.000   0.000      0.0000       1.000
34 Absolute position restraints       :       0       0      0   0.000   0.000      0.0000       1.000
35 Dihedral angle difference restraint:       0       0      0   0.000   0.000      0.0000       1.000
36 GBSA implicit solvent potential    :       0       0      0   0.000   0.000      0.0000       1.000
37 EM density fitting potential       :       0       0      0   0.000   0.000      0.0000       1.000
38 SAXS restraints                    :       0       0      0   0.000   0.000      0.0000       1.000
39 Symmetry restraints                :       0       0      0   0.000   0.000      0.0000       1.000



# Heavy relative violation of each residue is written to: 1FQ9_2.V99990003
# The profile is NOT normalized by the number of restraints.
# The profiles are smoothed over a window of residues:    1
# The sum of all numbers in the file:   21530.8828



List of the violated restraints:
   A restraint is violated when the relative difference
   from the best value (RVIOL) is larger than CUTOFF.

   ICSR   ... index of a restraint in the current set.
   RESNO  ... residue numbers of the first two atoms.
   ATM    ... IUPAC atom names of the first two atoms.
   FEAT   ... the value of the feature in the model.
   restr  ... the mean of the basis restraint with the smallest
              difference from the model (local minimum).
   viol   ... difference from the local minimum.
   rviol  ... relative difference from the local minimum.
   RESTR  ... the best value (global minimum).
   VIOL   ... difference from the best value.
   RVIOL  ... relative difference from the best value.


-------------------------------------------------------------------------------------------------

Feature  9                           : Distance restraints 1 (CA-CA)           
List of the RVIOL violations larger than   :       4.5000

    #   ICSR  RESNO1/2 ATM1/2   INDATM1/2    FEAT   restr    viol   rviol   RESTR    VIOL   RVIOL
    1   7208   6P  95E CA  CA     41  751   16.11   13.19    2.93    4.54   13.19    2.93    4.54

-------------------------------------------------------------------------------------------------

Feature 10                           : Distance restraints 2 (N-O)             
List of the RVIOL violations larger than   :       4.5000

    #   ICSR  RESNO1/2 ATM1/2   INDATM1/2    FEAT   restr    viol   rviol   RESTR    VIOL   RVIOL
    1  13479 162P 164N N   O    1279 1301    6.69    4.16    2.53    5.02    4.16    2.53    5.02

-------------------------------------------------------------------------------------------------

Feature 13                           : Mainchain Omega dihedral restraints     
List of the RVIOL violations larger than   :       4.5000

    #   ICSR  RESNO1/2 ATM1/2   INDATM1/2    FEAT   restr    viol   rviol   RESTR    VIOL   RVIOL
    1   6685 159K 159K CA  C    1259 1265   -3.95 -179.18  175.24   40.73 -179.18  175.24   40.73

-------------------------------------------------------------------------------------------------

Feature 25                           : Phi/Psi pair of dihedral restraints     
List of the RVIOL violations larger than   :       6.5000

    #   ICSR  RESNO1/2 ATM1/2   INDATM1/2    FEAT   restr    viol   rviol   RESTR    VIOL   RVIOL
    1   6304   1T   2D C   N       6    8  -87.25  -96.50   33.92    1.41  -63.30  174.82   23.09
    1          2D   2D N   CA      8    9  146.83  114.20                  -40.00
    2   6307   4T   5K C   N      29   31   94.25 -118.00  148.50    5.87  -70.20  165.24   11.68
    2          5K   5K N   CA     31   32  124.24  139.10                  140.40
    3   6308   5K   6P C   N      38   40  -87.98  -58.70   46.43    2.98  -64.50  143.60   11.99
    3          6P   6P N   CA     40   41    5.54  -30.50                  147.20
    4   6309   6P   7N C   N      45   47  -60.77 -119.90   72.94    3.88  -63.20  139.21   17.27
    4          7N   7N N   CA     47   48  179.71  137.00                  -41.10
    5   6355  52K  53N C   N     412  414   62.61   55.90  155.46   11.37   55.90  155.46   11.37
    5         53N  53N N   CA    414  415 -165.18   39.50                   39.50
    6   6356  53N  54G C   N     420  422  -68.74  -62.40   26.37    3.68   82.20  152.86   11.04
    6         54G  54G N   CA    422  423  -15.61  -41.20                    8.50
    7   6431 128A 129L C   N    1014 1016  -37.27  -70.70  106.65    9.37  -70.70  106.65    9.37
    7        129L 129L N   CA   1016 1017 -117.12  141.60                  141.60
    8   6432 129L 130G C   N    1022 1024  -51.04  -62.40   22.86    4.02   82.20  136.55   10.08
    8        130G 130G N   CA   1024 1025  -21.37  -41.20                    8.50
    9   6458 155V 156N C   N    1238 1240  -85.89 -119.90   34.01    1.42  -63.20  179.87   21.31
    9        156N 156N N   CA   1240 1241  137.33  137.00                  -41.10
   10   6459 156N 157G C   N    1246 1248   91.59   82.20   23.15    0.69  -62.40  156.62   28.96
   10        157G 157G N   CA   1248 1249  -12.66    8.50                  -41.20
   11   6460 157G 158S C   N    1250 1252 -123.49 -136.60   66.49    3.08  -64.10  134.80    8.55
   11        158S 158S N   CA   1252 1253   86.01  151.20                  -35.00
   12   6462 159K 160I C   N    1265 1267  102.75 -120.60  137.37    9.07 -120.60  137.37    9.07
   12        160I 160I N   CA   1267 1268  144.34  130.30                  130.30
   13   6466 163D 164N C   N    1292 1294  -75.28  -63.20   14.43    2.37  -71.20  168.26   10.67
   13        164N 164N N   CA   1294 1295  -48.99  -41.10                  142.80
   14   6478 175G 176V C   N    1384 1386   57.78  -73.50  144.92   11.50  -73.50  144.92   11.50
   14        176V 176V N   CA   1386 1387 -159.42  139.20                  139.20
   15   6479 176V 177N C   N    1391 1393  -89.04 -119.90   80.63    2.88   55.90  146.75   15.27
   15        177N 177N N   CA   1393 1394   62.51  137.00                   39.50
   16   6523 220E 221A C   N    1733 1735 -121.44 -134.00   17.15    0.49   55.40 -158.25   15.29
   16        221A 221A N   CA   1735 1736  135.32  147.00                   38.20


report______> Distribution of short non-bonded contacts:


DISTANCE1:  0.00 2.10 2.20 2.30 2.40 2.50 2.60 2.70 2.80 2.90 3.00 3.10 3.20 3.30 3.40
DISTANCE2:  2.10 2.20 2.30 2.40 2.50 2.60 2.70 2.80 2.90 3.00 3.10 3.20 3.30 3.40 3.50
FREQUENCY:     0    0    0    0    1   13   22   73   78  104  134  144  174  207  239


<< end of ENERGY.
iupac_m_397W> Atoms were not swapped because of the uncertainty of how to handle the H atom.
iupac_m_397W> Atoms were not swapped because of the uncertainty of how to handle the H atom.
>> Model assessment by DOPE potential
iatmcls_286W> MODEL atom not classified:  ARG:OXT  ARG


>> ENERGY; Differences between the model's features and restraints:
Number of all residues in MODEL                   :      225
Number of all, selected real atoms                :     1777    1777
Number of all, selected pseudo atoms              :        0       0
Number of all static, selected restraints         :    20427   20427
COVALENT_CYS                                      :        F
NONBONDED_SEL_ATOMS                               :        1
Number of non-bonded pairs (excluding 1-2,1-3,1-4):   256491
Dynamic pairs routine                             : 1, NATM x NATM double loop
Atomic shift for contacts update (UPDATE_DYNAMIC) :    0.390
LENNARD_JONES_SWITCH                              :    6.500   7.500
COULOMB_JONES_SWITCH                              :    6.500   7.500
RESIDUE_SPAN_RANGE                                :        1    9999
NLOGN_USE                                         :       15
CONTACT_SHELL                                     :   15.000
DYNAMIC_PAIRS,_SPHERE,_COULOMB,_LENNARD,_MODELLER :        T       F       F       F       T
SPHERE_STDV                                       :    0.050
RADII_FACTOR                                      :    0.820
Current energy                                    :      -19041.2520




<< end of ENERGY.
DOPE score               : -19041.251953
>> Model assessment by GA341 potential

Surface library          : /root/miniconda3/envs/snake/lib/modeller-10.6/modlib/surf5.de
Pair library             : /root/miniconda3/envs/snake/lib/modeller-10.6/modlib/pair9.de
Chain identifier         : _
% sequence identity      :    99.111000
Sequence length          :          225
Compactness              :     0.029452
Native energy (pair)     :   -66.787268
Native energy (surface)  :    -5.824040
Native energy (combined) :    -4.132888
Z score (pair)           :    -7.708616
Z score (surface)        :    -4.665298
Z score (combined)       :    -7.564602
GA341 score              :     1.000000



>> ENERGY; Differences between the model's features and restraints:
Number of all residues in MODEL                   :      225
Number of all, selected real atoms                :     1777    1777
Number of all, selected pseudo atoms              :        0       0
Number of all static, selected restraints         :    20427   20427
COVALENT_CYS                                      :        F
NONBONDED_SEL_ATOMS                               :        1
Number of non-bonded pairs (excluding 1-2,1-3,1-4):     3212
Dynamic pairs routine                             : 2, NATM x NATM cell sorting
Atomic shift for contacts update (UPDATE_DYNAMIC) :    0.390
LENNARD_JONES_SWITCH                              :    6.500   7.500
COULOMB_JONES_SWITCH                              :    6.500   7.500
RESIDUE_SPAN_RANGE                                :        0   99999
NLOGN_USE                                         :       15
CONTACT_SHELL                                     :    4.000
DYNAMIC_PAIRS,_SPHERE,_COULOMB,_LENNARD,_MODELLER :        T       T       F       F       F
SPHERE_STDV                                       :    0.050
RADII_FACTOR                                      :    0.820
Current energy                                    :        1742.8608





Summary of the restraint violations: 

   NUM     ... number of restraints.
   NUMVI   ... number of restraints with RVIOL > VIOL_REPORT_CUT[i].
   RVIOL   ... relative difference from the best value.
   NUMVP   ... number of restraints with -Ln(pdf) > VIOL_REPORT_CUT2[i].
   RMS_1   ... RMS(feature, minimally_violated_basis_restraint, NUMB).
   RMS_2   ... RMS(feature, best_value, NUMB).
   MOL.PDF ... scaled contribution to -Ln(Molecular pdf).

 #                     RESTRAINT_GROUP      NUM   NUMVI  NUMVP   RMS_1   RMS_2         MOL.PDF     S_i
------------------------------------------------------------------------------------------------------
 1 Bond length potential              :    1825       0      1   0.006   0.006      20.525       1.000
 2 Bond angle potential               :    2484       0      8   2.073   2.073      201.25       1.000
 3 Stereochemical cosine torsion poten:    1234       0     38  50.124  50.124      485.59       1.000
 4 Stereochemical improper torsion pot:     752       0      0   1.225   1.225      24.714       1.000
 5 Soft-sphere overlap restraints     :    3212       0      0   0.003   0.003      3.6466       1.000
 6 Lennard-Jones 6-12 potential       :       0       0      0   0.000   0.000      0.0000       1.000
 7 Coulomb point-point electrostatic p:       0       0      0   0.000   0.000      0.0000       1.000
 8 H-bonding potential                :       0       0      0   0.000   0.000      0.0000       1.000
 9 Distance restraints 1 (CA-CA)      :    3448       0     10   0.221   0.221      149.27       1.000
10 Distance restraints 2 (N-O)        :    3871       4     31   0.307   0.307      274.53       1.000
11 Mainchain Phi dihedral restraints  :       0       0      0   0.000   0.000      0.0000       1.000
12 Mainchain Psi dihedral restraints  :       0       0      0   0.000   0.000      0.0000       1.000
13 Mainchain Omega dihedral restraints:     224       4      2  20.320  20.320      47.291       1.000
14 Sidechain Chi_1 dihedral restraints:     198       0      1  55.582  55.582      19.206       1.000
15 Sidechain Chi_2 dihedral restraints:     146       0      1  57.608  57.608      43.437       1.000
16 Sidechain Chi_3 dihedral restraints:      69       0      0  63.184  63.184      38.304       1.000
17 Sidechain Chi_4 dihedral restraints:      26       0      0  70.089  70.089      19.999       1.000
18 Disulfide distance restraints      :       2       0      0   0.017   0.017     0.95250E-01   1.000
19 Disulfide angle restraints         :       4       0      0   2.413   2.413     0.51416       1.000
20 Disulfide dihedral angle restraints:       2       0      0  24.206  24.206      1.1006       1.000
21 Lower bound distance restraints    :       0       0      0   0.000   0.000      0.0000       1.000
22 Upper bound distance restraints    :       0       0      0   0.000   0.000      0.0000       1.000
23 Distance restraints 3 (SDCH-MNCH)  :    4019       0      1   0.518   0.518      172.53       1.000
24 Sidechain Chi_5 dihedral restraints:       0       0      0   0.000   0.000      0.0000       1.000
25 Phi/Psi pair of dihedral restraints:     223      13     16  28.807  43.202      129.41       1.000
26 Distance restraints 4 (SDCH-SDCH)  :    1900       0      0   0.651   0.651      111.43       1.000
27 Distance restraints 5 (X-Y)        :       0       0      0   0.000   0.000      0.0000       1.000
28 NMR distance restraints 6 (X-Y)    :       0       0      0   0.000   0.000      0.0000       1.000
29 NMR distance restraints 7 (X-Y)    :       0       0      0   0.000   0.000      0.0000       1.000
30 Minimal distance restraints        :       0       0      0   0.000   0.000      0.0000       1.000
31 Non-bonded restraints              :       0       0      0   0.000   0.000      0.0000       1.000
32 Atomic accessibility restraints    :       0       0      0   0.000   0.000      0.0000       1.000
33 Atomic density restraints          :       0       0      0   0.000   0.000      0.0000       1.000
34 Absolute position restraints       :       0       0      0   0.000   0.000      0.0000       1.000
35 Dihedral angle difference restraint:       0       0      0   0.000   0.000      0.0000       1.000
36 GBSA implicit solvent potential    :       0       0      0   0.000   0.000      0.0000       1.000
37 EM density fitting potential       :       0       0      0   0.000   0.000      0.0000       1.000
38 SAXS restraints                    :       0       0      0   0.000   0.000      0.0000       1.000
39 Symmetry restraints                :       0       0      0   0.000   0.000      0.0000       1.000



# Heavy relative violation of each residue is written to: 1FQ9_2.V99990004
# The profile is NOT normalized by the number of restraints.
# The profiles are smoothed over a window of residues:    1
# The sum of all numbers in the file:   21275.7637



List of the violated restraints:
   A restraint is violated when the relative difference
   from the best value (RVIOL) is larger than CUTOFF.

   ICSR   ... index of a restraint in the current set.
   RESNO  ... residue numbers of the first two atoms.
   ATM    ... IUPAC atom names of the first two atoms.
   FEAT   ... the value of the feature in the model.
   restr  ... the mean of the basis restraint with the smallest
              difference from the model (local minimum).
   viol   ... difference from the local minimum.
   rviol  ... relative difference from the local minimum.
   RESTR  ... the best value (global minimum).
   VIOL   ... difference from the best value.
   RVIOL  ... relative difference from the best value.


-------------------------------------------------------------------------------------------------

Feature 10                           : Distance restraints 2 (N-O)             
List of the RVIOL violations larger than   :       4.5000

    #   ICSR  RESNO1/2 ATM1/2   INDATM1/2    FEAT   restr    viol   rviol   RESTR    VIOL   RVIOL
    1  10687  11V  43T N   O      81  333    5.11    2.83    2.27    4.83    2.83    2.27    4.83
    2  10701  12A  43T N   O      88  333    7.20    4.78    2.42    4.98    4.78    2.42    4.98
    3  13431 157G 162P N   O    1248 1285   11.66    8.72    2.94    4.95    8.72    2.94    4.95

-------------------------------------------------------------------------------------------------

Feature 13                           : Mainchain Omega dihedral restraints     
List of the RVIOL violations larger than   :       4.5000

    #   ICSR  RESNO1/2 ATM1/2   INDATM1/2    FEAT   restr    viol   rviol   RESTR    VIOL   RVIOL
    1   6569  43T  43T CA  C     328  332  161.29   -0.75  162.03   33.06   -0.75  162.03   33.06
    2   6685 159K 159K CA  C    1259 1265    0.37 -179.18  179.55   41.73 -179.18  179.55   41.73
    3   6688 162P 162P CA  C    1280 1284   -5.09 -179.18  174.09   40.46 -179.18  174.09   40.46
    4   6690 164N 164N CA  C    1295 1300 -154.91 -180.00   25.09    5.02 -180.00   25.09    5.02

-------------------------------------------------------------------------------------------------

Feature 25                           : Phi/Psi pair of dihedral restraints     
List of the RVIOL violations larger than   :       6.5000

    #   ICSR  RESNO1/2 ATM1/2   INDATM1/2    FEAT   restr    viol   rviol   RESTR    VIOL   RVIOL
    1   6307   4T   5K C   N      29   31 -171.88 -118.00   64.58    2.16  -70.20  107.31    7.02
    1          5K   5K N   CA     31   32  174.69  139.10                  140.40
    2   6309   6P   7N C   N      45   47 -136.34 -119.90   81.79    3.31  -63.20  125.33   19.65
    2          7N   7N N   CA     47   48 -142.87  137.00                  -41.10
    3   6345  42G  43T C   N     325  327  -46.72  -78.10  108.74    5.71 -124.80  135.24    7.84
    3         43T  43T N   CA    327  328 -106.08  149.80                  143.50
    4   6421 118Q 119A C   N     949  951  -23.27  -68.20  122.91   11.36  -68.20  122.91   11.36
    4        119A 119A N   CA    951  952 -100.29  145.30                  145.30
    5   6422 119A 120G C   N     954  956  -63.19  -62.40   17.65    2.60   82.20  148.89   10.98
    5        120G 120G N   CA    956  957  -23.57  -41.20                    8.50
    6   6458 155V 156N C   N    1238 1240  -92.51 -119.90   27.39    1.15  -63.20 -178.92   21.15
    6        156N 156N N   CA   1240 1241  137.59  137.00                  -41.10
    7   6459 156N 157G C   N    1246 1248   96.12   82.20   27.21    0.75  -62.40  160.69   29.62
    7        157G 157G N   CA   1248 1249  -14.88    8.50                  -41.20
    8   6460 157G 158S C   N    1250 1252 -128.35 -136.60   68.94    3.32  -64.10  134.14    8.70
    8        158S 158S N   CA   1252 1253   82.75  151.20                  -35.00
    9   6462 159K 160I C   N    1265 1267   93.78 -120.60  152.00    8.96 -120.60  152.00    8.96
    9        160I 160I N   CA   1267 1268  173.87  130.30                  130.30
   10   6464 161G 162P C   N    1277 1279  -50.01  -58.70   30.00    1.88  -64.50  154.27   12.29
   10        162P 162P N   CA   1279 1280  -59.21  -30.50                  147.20
   11   6465 162P 163D C   N    1284 1286 -153.08  -96.50   78.13    3.20  -70.90  121.86    9.73
   11        163D 163D N   CA   1286 1287   60.32  114.20                  150.30
   12   6467 164N 165L C   N    1300 1302   51.51   60.20   24.75    0.88 -108.50  178.77    7.89
   12        165L 165L N   CA   1302 1303   52.77   29.60                  132.50
   13   6523 220E 221A C   N    1733 1735 -132.01 -134.00   12.76    0.67   55.40 -162.41   23.44
   13        221A 221A N   CA   1735 1736  134.39  147.00                   38.20


report______> Distribution of short non-bonded contacts:


DISTANCE1:  0.00 2.10 2.20 2.30 2.40 2.50 2.60 2.70 2.80 2.90 3.00 3.10 3.20 3.30 3.40
DISTANCE2:  2.10 2.20 2.30 2.40 2.50 2.60 2.70 2.80 2.90 3.00 3.10 3.20 3.30 3.40 3.50
FREQUENCY:     0    0    0    0    0    9   22   68   96   92  120  161  188  191  250


<< end of ENERGY.
iupac_m_397W> Atoms were not swapped because of the uncertainty of how to handle the H atom.
iupac_m_397W> Atoms were not swapped because of the uncertainty of how to handle the H atom.
>> Model assessment by DOPE potential
iatmcls_286W> MODEL atom not classified:  ARG:OXT  ARG


>> ENERGY; Differences between the model's features and restraints:
Number of all residues in MODEL                   :      225
Number of all, selected real atoms                :     1777    1777
Number of all, selected pseudo atoms              :        0       0
Number of all static, selected restraints         :    20427   20427
COVALENT_CYS                                      :        F
NONBONDED_SEL_ATOMS                               :        1
Number of non-bonded pairs (excluding 1-2,1-3,1-4):   258541
Dynamic pairs routine                             : 1, NATM x NATM double loop
Atomic shift for contacts update (UPDATE_DYNAMIC) :    0.390
LENNARD_JONES_SWITCH                              :    6.500   7.500
COULOMB_JONES_SWITCH                              :    6.500   7.500
RESIDUE_SPAN_RANGE                                :        1    9999
NLOGN_USE                                         :       15
CONTACT_SHELL                                     :   15.000
DYNAMIC_PAIRS,_SPHERE,_COULOMB,_LENNARD,_MODELLER :        T       F       F       F       T
SPHERE_STDV                                       :    0.050
RADII_FACTOR                                      :    0.820
Current energy                                    :      -19309.9434




<< end of ENERGY.
DOPE score               : -19309.943359
>> Model assessment by GA341 potential

Surface library          : /root/miniconda3/envs/snake/lib/modeller-10.6/modlib/surf5.de
Pair library             : /root/miniconda3/envs/snake/lib/modeller-10.6/modlib/pair9.de
Chain identifier         : _
% sequence identity      :    99.111000
Sequence length          :          225
Compactness              :     0.030398
Native energy (pair)     :   -71.468675
Native energy (surface)  :    -7.194090
Native energy (combined) :    -4.782146
Z score (pair)           :    -7.537955
Z score (surface)        :    -5.251312
Z score (combined)       :    -7.713992
GA341 score              :     1.000000



>> ENERGY; Differences between the model's features and restraints:
Number of all residues in MODEL                   :      225
Number of all, selected real atoms                :     1777    1777
Number of all, selected pseudo atoms              :        0       0
Number of all static, selected restraints         :    20427   20427
COVALENT_CYS                                      :        F
NONBONDED_SEL_ATOMS                               :        1
Number of non-bonded pairs (excluding 1-2,1-3,1-4):     3250
Dynamic pairs routine                             : 2, NATM x NATM cell sorting
Atomic shift for contacts update (UPDATE_DYNAMIC) :    0.390
LENNARD_JONES_SWITCH                              :    6.500   7.500
COULOMB_JONES_SWITCH                              :    6.500   7.500
RESIDUE_SPAN_RANGE                                :        0   99999
NLOGN_USE                                         :       15
CONTACT_SHELL                                     :    4.000
DYNAMIC_PAIRS,_SPHERE,_COULOMB,_LENNARD,_MODELLER :        T       T       F       F       F
SPHERE_STDV                                       :    0.050
RADII_FACTOR                                      :    0.820
Current energy                                    :        1845.2097





Summary of the restraint violations: 

   NUM     ... number of restraints.
   NUMVI   ... number of restraints with RVIOL > VIOL_REPORT_CUT[i].
   RVIOL   ... relative difference from the best value.
   NUMVP   ... number of restraints with -Ln(pdf) > VIOL_REPORT_CUT2[i].
   RMS_1   ... RMS(feature, minimally_violated_basis_restraint, NUMB).
   RMS_2   ... RMS(feature, best_value, NUMB).
   MOL.PDF ... scaled contribution to -Ln(Molecular pdf).

 #                     RESTRAINT_GROUP      NUM   NUMVI  NUMVP   RMS_1   RMS_2         MOL.PDF     S_i
------------------------------------------------------------------------------------------------------
 1 Bond length potential              :    1825       0      1   0.006   0.006      20.421       1.000
 2 Bond angle potential               :    2484       7     11   3.785   3.785      501.66       1.000
 3 Stereochemical cosine torsion poten:    1234       0     32  49.727  49.727      481.79       1.000
 4 Stereochemical improper torsion pot:     752       0      0   1.144   1.144      23.161       1.000
 5 Soft-sphere overlap restraints     :    3250       1      1   0.006   0.006      11.983       1.000
 6 Lennard-Jones 6-12 potential       :       0       0      0   0.000   0.000      0.0000       1.000
 7 Coulomb point-point electrostatic p:       0       0      0   0.000   0.000      0.0000       1.000
 8 H-bonding potential                :       0       0      0   0.000   0.000      0.0000       1.000
 9 Distance restraints 1 (CA-CA)      :    3448       1      5   0.181   0.181      94.976       1.000
10 Distance restraints 2 (N-O)        :    3871       2     13   0.252   0.252      199.90       1.000
11 Mainchain Phi dihedral restraints  :       0       0      0   0.000   0.000      0.0000       1.000
12 Mainchain Psi dihedral restraints  :       0       0      0   0.000   0.000      0.0000       1.000
13 Mainchain Omega dihedral restraints:     224       2      3  12.744  12.744      46.472       1.000
14 Sidechain Chi_1 dihedral restraints:     198       0      2  49.700  49.700      8.4708       1.000
15 Sidechain Chi_2 dihedral restraints:     146       0      1  62.090  62.090      41.825       1.000
16 Sidechain Chi_3 dihedral restraints:      69       0      0  59.297  59.297      36.666       1.000
17 Sidechain Chi_4 dihedral restraints:      26       0      0  94.282  94.282      17.248       1.000
18 Disulfide distance restraints      :       2       0      0   0.012   0.012     0.49475E-01   1.000
19 Disulfide angle restraints         :       4       0      0   1.517   1.517     0.20325       1.000
20 Disulfide dihedral angle restraints:       2       0      0  26.248  26.248      1.3452       1.000
21 Lower bound distance restraints    :       0       0      0   0.000   0.000      0.0000       1.000
22 Upper bound distance restraints    :       0       0      0   0.000   0.000      0.0000       1.000
23 Distance restraints 3 (SDCH-MNCH)  :    4019       0      1   0.491   0.491      152.23       1.000
24 Sidechain Chi_5 dihedral restraints:       0       0      0   0.000   0.000      0.0000       1.000
25 Phi/Psi pair of dihedral restraints:     223       7     16  27.655  39.769      101.52       1.000
26 Distance restraints 4 (SDCH-SDCH)  :    1900       0      1   0.627   0.627      105.29       1.000
27 Distance restraints 5 (X-Y)        :       0       0      0   0.000   0.000      0.0000       1.000
28 NMR distance restraints 6 (X-Y)    :       0       0      0   0.000   0.000      0.0000       1.000
29 NMR distance restraints 7 (X-Y)    :       0       0      0   0.000   0.000      0.0000       1.000
30 Minimal distance restraints        :       0       0      0   0.000   0.000      0.0000       1.000
31 Non-bonded restraints              :       0       0      0   0.000   0.000      0.0000       1.000
32 Atomic accessibility restraints    :       0       0      0   0.000   0.000      0.0000       1.000
33 Atomic density restraints          :       0       0      0   0.000   0.000      0.0000       1.000
34 Absolute position restraints       :       0       0      0   0.000   0.000      0.0000       1.000
35 Dihedral angle difference restraint:       0       0      0   0.000   0.000      0.0000       1.000
36 GBSA implicit solvent potential    :       0       0      0   0.000   0.000      0.0000       1.000
37 EM density fitting potential       :       0       0      0   0.000   0.000      0.0000       1.000
38 SAXS restraints                    :       0       0      0   0.000   0.000      0.0000       1.000
39 Symmetry restraints                :       0       0      0   0.000   0.000      0.0000       1.000



# Heavy relative violation of each residue is written to: 1FQ9_2.V99990005
# The profile is NOT normalized by the number of restraints.
# The profiles are smoothed over a window of residues:    1
# The sum of all numbers in the file:   19553.2617



List of the violated restraints:
   A restraint is violated when the relative difference
   from the best value (RVIOL) is larger than CUTOFF.

   ICSR   ... index of a restraint in the current set.
   RESNO  ... residue numbers of the first two atoms.
   ATM    ... IUPAC atom names of the first two atoms.
   FEAT   ... the value of the feature in the model.
   restr  ... the mean of the basis restraint with the smallest
              difference from the model (local minimum).
   viol   ... difference from the local minimum.
   rviol  ... relative difference from the local minimum.
   RESTR  ... the best value (global minimum).
   VIOL   ... difference from the best value.
   RVIOL  ... relative difference from the best value.


-------------------------------------------------------------------------------------------------

Feature  2                           : Bond angle potential                    
List of the RVIOL violations larger than   :       4.5000

    #   ICSR  RESNO1/2 ATM1/2   INDATM1/2    FEAT   restr    viol   rviol   RESTR    VIOL   RVIOL
    1   3317 135F 135F CB  CG   1060 1061  152.20  122.30   29.90    6.50  122.30   29.90    6.50

-------------------------------------------------------------------------------------------------

Feature 13                           : Mainchain Omega dihedral restraints     
List of the RVIOL violations larger than   :       4.5000

    #   ICSR  RESNO1/2 ATM1/2   INDATM1/2    FEAT   restr    viol   rviol   RESTR    VIOL   RVIOL
    1   6688 162P 162P CA  C    1280 1284    0.45 -179.18  179.63   41.75 -179.18  179.63   41.75
    2   6690 164N 164N CA  C    1295 1300 -155.42 -180.00   24.58    4.91 -180.00   24.58    4.91

-------------------------------------------------------------------------------------------------

Feature 25                           : Phi/Psi pair of dihedral restraints     
List of the RVIOL violations larger than   :       6.5000

    #   ICSR  RESNO1/2 ATM1/2   INDATM1/2    FEAT   restr    viol   rviol   RESTR    VIOL   RVIOL
    1   6304   1T   2D C   N       6    8  -95.22  -96.50   33.73    1.42  -63.30  175.03   23.64
    1          2D   2D N   CA      8    9  147.91  114.20                  -40.00
    2   6309   6P   7N C   N      45   47  170.85 -119.90   93.39    2.71  -63.20  173.45   28.13
    2          7N   7N N   CA     47   48 -160.34  137.00                  -41.10
    3   6355  52K  53N C   N     412  414   61.88   55.90  159.54   11.60   55.90  159.54   11.60
    3         53N  53N N   CA    414  415 -161.07   39.50                   39.50
    4   6356  53N  54G C   N     420  422  -71.52  -62.40   26.96    3.70   82.20  155.63   11.23
    4         54G  54G N   CA    422  423  -15.82  -41.20                    8.50
    5   6460 157G 158S C   N    1250 1252 -120.58 -136.60   53.33    2.32  -64.10  146.65    9.11
    5        158S 158S N   CA   1252 1253  100.34  151.20                  -35.00
    6   6467 164N 165L C   N    1300 1302   53.94   60.20   36.16    1.64 -108.50  175.83    7.80
    6        165L 165L N   CA   1302 1303   65.21   29.60                  132.50
    7   6523 220E 221A C   N    1733 1735 -124.12 -134.00   12.78    0.34   55.40 -154.17   15.45
    7        221A 221A N   CA   1735 1736  138.89  147.00                   38.20


report______> Distribution of short non-bonded contacts:


DISTANCE1:  0.00 2.10 2.20 2.30 2.40 2.50 2.60 2.70 2.80 2.90 3.00 3.10 3.20 3.30 3.40
DISTANCE2:  2.10 2.20 2.30 2.40 2.50 2.60 2.70 2.80 2.90 3.00 3.10 3.20 3.30 3.40 3.50
FREQUENCY:     0    0    0    0    0    4   23   54   84   97  127  169  175  213  268


<< end of ENERGY.

>> Summary of successfully produced models:
Filename                          molpdf     DOPE score    GA341 score
----------------------------------------------------------------------
1FQ9_2.B99990001.pdb          1528.69934   -19218.64844        1.00000
1FQ9_2.B99990002.pdb          1568.03552   -19171.86328        1.00000
1FQ9_2.B99990003.pdb          1716.70752   -19094.33594        1.00000
1FQ9_2.B99990004.pdb          1742.86084   -19041.25195        1.00000
1FQ9_2.B99990005.pdb          1845.20972   -19309.94336        1.00000

Modeling complete. Target: 1FQ9_2, Template: 5w59B
