
Using parameters from /workspace/modeller/scwrl4//Scwrl4.ini

<Timing tag = "Loading_PDB_file"  duration = "0.002" />

Using rotamer library: /workspace/modeller/scwrl4/bbDepRotLib.bin

Residue A   1  is being treated as N-terminal

Residue A 225  is being treated as C-terminal

<Timing tag = "Adding_residues"  duration = "0.002" />

<Timing tag = "Creating_Default_Rotamers"  duration = "0.035" />

<Timing tag = "Building_Atoms_Sets"  duration = "0.006" />

<Timing tag = "Building_Flexible_Subrotamers"  duration = "0.007" />

<Timing tag = "Computing_Symmetry_Operators"  duration = "0.000" />

<Timing tag = "Updating_Self_Energies"  duration = "2.132" />

<Timing tag = "Computing_Active_Rotamers"  duration = "0.002" />

<Timing tag = "Resolving_Disulfide_Bonds"  duration = "0.000" />


Total number of subrotamer interactions = 3216323

<Timing tag = "Updating_Pairwise_Energies"  duration = "1.264" />

<Timing tag = "Normalizing_Atoms_Sets"  duration = "0.000" />

<Timing tag = "Computing_Interaction_Graph"  duration = "3.412" />
 

<Timing tag = "Building_Atoms_Sets"  duration = "0.005" />

<Timing tag = "Building_Flexible_Subrotamers"  duration = "0.006" />

<Timing tag = "Computing_Symmetry_Operators"  duration = "0.000" />

<Timing tag = "Updating_Self_Energies"  duration = "0.019" />

<Timing tag = "Computing_Active_Rotamers"  duration = "0.001" />

<Timing tag = "Resolving_Disulfide_Bonds"  duration = "0.000" />


Total number of subrotamer interactions = 0

<Timing tag = "Updating_Pairwise_Energies"  duration = "0.004" />

<Timing tag = "Normalizing_Atoms_Sets"  duration = "0.000" />


Running Goldstein's DEE (version G)
:::::::::::::::::::::::::::::::::::

Initial number of residues - 189
Initial number of rotamers - 2748

	546 redundant edges eliminated

	Isolated residues removed - 2 

round 1:
	71 redundant edges eliminated

	Isolated residues removed - 89 
	Rotamers eliminated  -  2257

round 2:
	7 redundant edges eliminated

	Isolated residues removed - 32 
	Rotamers eliminated  -  203

round 3:
	2 redundant edges eliminated

	Isolated residues removed - 8 
	Rotamers eliminated  -  42

round 4:
	0 redundant edges eliminated

	Isolated residues removed - 4 
	Rotamers eliminated  -  11

round 5:
	0 redundant edges eliminated

	Isolated residues removed - 2 
	Rotamers eliminated  -  5

round 6:
	0 redundant edges eliminated

	Isolated residues removed - 0 
	Rotamers eliminated  -  0
Energy accumulated during DEE = 344.163
<Timing tag = "DEE"  duration = "0.011" />

Searching for clusters... 10 clusters found

Processing cluster of 10 vertices

Redundant nodes eliminated : 3
Tree-decomposition has been built. Width+1 = 3

Total combinations to search = 6.27e+2
   6        :   ->  147 128 170 160
   5(   6 ) :  147 128 160  ->  148
   4(   5 ) :  148  ->  156
   3(   4 ) :  156  ->  153
   2(   3 ) :  156  ->  152
   1(   5 ) :  147  ->  145
   0(   1 ) :  145  ->  132

ArtPts =  0	MaxDegree =  3	MaxBag =  3	AvgBag = 2.57143

===============================
Launching bottom-to-top process
Combinations:
	in intersections -  85
	in exclusions   -  223.2
	total to search  - 3.9e+02

Maximal size of a key is 60 elements

Processing nodes ......
<Timing tag = "Bottom_To_Top"  duration = "0.005" />

<Trace tag = "Deciding_on_the_root_node" >

Number of combinations = 2.4e+2
<Timing tag = "Deciding_on_the_root_node"  duration = "0.000" />
</Trace>
<Trace tag = "Top_To_Bottom" >

<Timing tag = "Top_To_Bottom"  duration = "0.000" />
</Trace>
Energy of this cluster = 28.0805


Processing cluster of 6 vertices

Redundant nodes eliminated : 2
Tree-decomposition has been built. Width+1 = 2

Total combinations to search = 3.84e+2
   3        :   ->   87  74  76
   2(   3 ) :   74  ->   89
   1(   2 ) :   89  ->   91
   0(   1 ) :   91  ->   73

ArtPts =  0	MaxDegree =  2	MaxBag =  2	AvgBag = 2.25

===============================
Launching bottom-to-top process
Combinations:
	in intersections -  15
	in exclusions   -  113.2
	total to search  -  60

Maximal size of a key is 6 elements

Processing nodes ...
<Timing tag = "Bottom_To_Top"  duration = "0.004" />

<Trace tag = "Deciding_on_the_root_node" >

Number of combinations = 3.24e+2
<Timing tag = "Deciding_on_the_root_node"  duration = "0.000" />
</Trace>
<Trace tag = "Top_To_Bottom" >

<Timing tag = "Top_To_Bottom"  duration = "0.000" />
</Trace>
Energy of this cluster = 28.1138


Processing cluster of 3 vertices

Redundant nodes eliminated : 1
Tree-decomposition has been built. Width+1 = 1

Total combinations to search = 3e+1
   1        :   ->   39  40
   0(   1 ) :   39  ->   60

ArtPts =  0	MaxDegree =  1	MaxBag =  1	AvgBag = 2

===============================
Launching bottom-to-top process
Combinations:
	in intersections -   6
	in exclusions   -  33.2
	total to search  -  18

Maximal size of a key is 6 elements

Processing nodes .
<Timing tag = "Bottom_To_Top"  duration = "0.004" />

<Trace tag = "Deciding_on_the_root_node" >

Number of combinations = 1.2e+1
<Timing tag = "Deciding_on_the_root_node"  duration = "0.000" />
</Trace>
<Trace tag = "Top_To_Bottom" >

<Timing tag = "Top_To_Bottom"  duration = "0.000" />
</Trace>
Energy of this cluster = 6.31454


Processing cluster of 2 vertices

Redundant nodes eliminated : 1
Tree-decomposition has been built. Width+1 = 1

Total combinations to search = 6
   0        :   ->  149 127

ArtPts =  0	MaxDegree =  0	MaxBag =  1	AvgBag = 2

<Trace tag = "Deciding_on_the_root_node" >

Number of combinations = 6
<Timing tag = "Deciding_on_the_root_node"  duration = "0.000" />
</Trace>
<Trace tag = "Top_To_Bottom" >

<Timing tag = "Top_To_Bottom"  duration = "0.000" />
</Trace>
Energy of this cluster = 6.80416


Processing cluster of 5 vertices

Redundant nodes eliminated : 2
Tree-decomposition has been built. Width+1 = 2

Total combinations to search = 3.48e+2
   2        :   ->  169 179 131
   1(   2 ) :  169 179  ->  180
   0(   1 ) :  179  ->  171

ArtPts =  0	MaxDegree =  2	MaxBag =  2	AvgBag = 2.66667

===============================
Launching bottom-to-top process
Combinations:
	in intersections -  48
	in exclusions   -  83.2
	total to search  - 2.6e+02

Maximal size of a key is 42 elements

Processing nodes ..
<Timing tag = "Bottom_To_Top"  duration = "0.004" />

<Trace tag = "Deciding_on_the_root_node" >

Number of combinations = 8.4e+1
<Timing tag = "Deciding_on_the_root_node"  duration = "0.000" />
</Trace>
<Trace tag = "Top_To_Bottom" >

<Timing tag = "Top_To_Bottom"  duration = "0.000" />
</Trace>
Energy of this cluster = 15.6381


Processing cluster of 14 vertices

Redundant nodes eliminated : 5
Tree-decomposition has been built. Width+1 = 5

Total combinations to search = 2.82752e+5
   8        :   ->   46  75  66  64  57  50
   7(   8 ) :   46  75  64  57  50  ->   44
   6(   8 ) :   46  75  66  57  50  ->   55
   5(   6 ) :   46  75  55  66  ->   72
   4(   6 ) :   46  55  50  ->   54
   3(   5 ) :   75  66  ->   32
   2(   3 ) :   66  32  ->   30
   1(   5 ) :   55  72  ->   71
   0(   4 ) :   46  ->   47

ArtPts =  0	MaxDegree =  3	MaxBag =  5	AvgBag = 4.22222

===============================
Launching bottom-to-top process
Combinations:
	in intersections - 3.5e+04
	in exclusions   -  293.2
	total to search  - 2.1e+05

Maximal size of a key is 14112 elements

Processing nodes ........
<Timing tag = "Bottom_To_Top"  duration = "0.013" />

<Trace tag = "Deciding_on_the_root_node" >

Number of combinations = 7.056e+4
<Timing tag = "Deciding_on_the_root_node"  duration = "0.007" />
</Trace>
<Trace tag = "Top_To_Bottom" >

<Timing tag = "Top_To_Bottom"  duration = "0.000" />
</Trace>
Energy of this cluster = 42.3403


Processing cluster of 2 vertices

Redundant nodes eliminated : 1
Tree-decomposition has been built. Width+1 = 1

Total combinations to search = 1.8e+1
   0        :   ->   36  13

ArtPts =  0	MaxDegree =  0	MaxBag =  1	AvgBag = 2

<Trace tag = "Deciding_on_the_root_node" >

Number of combinations = 1.8e+1
<Timing tag = "Deciding_on_the_root_node"  duration = "0.000" />
</Trace>
<Trace tag = "Top_To_Bottom" >

<Timing tag = "Top_To_Bottom"  duration = "0.000" />
</Trace>
Energy of this cluster = 9.68907


Processing cluster of 4 vertices

Redundant nodes eliminated : 1
Tree-decomposition has been built. Width+1 = 1

Total combinations to search = 1.2e+1
   2        :   ->   33  63
   1(   2 ) :   33  ->   31
   0(   2 ) :   63  ->   61

ArtPts =  0	MaxDegree =  2	MaxBag =  1	AvgBag = 2

===============================
Launching bottom-to-top process
Combinations:
	in intersections -   4
	in exclusions   -  43.2
	total to search  -   8

Maximal size of a key is 2 elements

Processing nodes ..
<Timing tag = "Bottom_To_Top"  duration = "0.004" />

<Trace tag = "Deciding_on_the_root_node" >

Number of combinations = 4
<Timing tag = "Deciding_on_the_root_node"  duration = "0.000" />
</Trace>
<Trace tag = "Top_To_Bottom" >

<Timing tag = "Top_To_Bottom"  duration = "0.000" />
</Trace>
Energy of this cluster = 19.4439


Processing cluster of 4 vertices

Redundant nodes eliminated : 1
Tree-decomposition has been built. Width+1 = 1

Total combinations to search = 3.5e+1
   2        :   ->   43  49
   1(   2 ) :   43  ->   79
   0(   1 ) :   43  ->   77

ArtPts =  0	MaxDegree =  2	MaxBag =  1	AvgBag = 2

===============================
Launching bottom-to-top process
Combinations:
	in intersections -  10
	in exclusions   -  53.2
	total to search  -  25

Maximal size of a key is 5 elements

Processing nodes ..
<Timing tag = "Bottom_To_Top"  duration = "0.004" />

<Trace tag = "Deciding_on_the_root_node" >

Number of combinations = 1e+1
<Timing tag = "Deciding_on_the_root_node"  duration = "0.000" />
</Trace>
<Trace tag = "Top_To_Bottom" >

<Timing tag = "Top_To_Bottom"  duration = "0.000" />
</Trace>
Energy of this cluster = 18.3039


Processing cluster of 2 vertices

Redundant nodes eliminated : 1
Tree-decomposition has been built. Width+1 = 1

Total combinations to search = 6
   0        :   ->  165 167

ArtPts =  0	MaxDegree =  0	MaxBag =  1	AvgBag = 2

<Trace tag = "Deciding_on_the_root_node" >

Number of combinations = 6
<Timing tag = "Deciding_on_the_root_node"  duration = "0.000" />
</Trace>
<Trace tag = "Top_To_Bottom" >

<Timing tag = "Top_To_Bottom"  duration = "0.000" />
</Trace>
Energy of this cluster = 6.75208


Total minimal energy of the graph = 525.644

Warning: Cumulative energy mismatch (perhaps due to edge decompositions) = -0.0248

<Timing tag = "Combinatorial_Search"  duration = "0.057" />

<Timing tag = "Deriving_Optimum"  duration = "0.093" />

<Timing tag = "Saving_to_PDB_file"  duration = "0.005" />


Deleting workspace.

<Timing tag = "Scwrl4_Execution"  duration = "3.564" />

