host: 5a8e3f68e509
Building DAG of jobs...
Using shell: /usr/bin/bash
Provided cores: 128
Rules claiming more threads will be scaled down.
Provided resources: gpu=1
Job stats:
job                         count
------------------------  -------
all                             1
run_alphafold_prediction        2
run_modeller                    2
total                           5

Select jobs to execute...
Execute 1 jobs...

[Tue Dec 24 06:07:04 2024]
localrule run_alphafold_prediction:
    input: input/rcsb_pdb_1FQ9.fasta, localcolabfold/colabfold-conda/bin/colabfold_batch
    output: output/colab_fold_output/rcsb_pdb_1FQ9/log.txt
    jobid: 5
    reason: Code has changed since last execution
    wildcards: SAMPLE_NAME=rcsb_pdb_1FQ9
    resources: tmpdir=/tmp, gpu=1

[Tue Dec 24 06:07:07 2024]
Finished job 5.
1 of 5 steps (20%) done
Select jobs to execute...
Execute 1 jobs...

[Tue Dec 24 06:07:07 2024]
localrule run_alphafold_prediction:
    input: input/rcsb_pdb_6DXR.fasta, localcolabfold/colabfold-conda/bin/colabfold_batch
    output: output/colab_fold_output/rcsb_pdb_6DXR/log.txt
    jobid: 2
    reason: Code has changed since last execution
    wildcards: SAMPLE_NAME=rcsb_pdb_6DXR
    resources: tmpdir=/tmp, gpu=1

[Tue Dec 24 06:07:11 2024]
Finished job 2.
2 of 5 steps (40%) done
Select jobs to execute...
Execute 1 jobs...

[Tue Dec 24 06:07:11 2024]
localrule run_modeller:
    input: output/colab_fold_output/rcsb_pdb_1FQ9/log.txt, input/rcsb_pdb_1FQ9.fasta
    output: modeller/rcsb_pdb_1FQ9.fasta_processed.success
    jobid: 4
    reason: Missing output files: modeller/rcsb_pdb_1FQ9.fasta_processed.success; Input files updated by another job: output/colab_fold_output/rcsb_pdb_1FQ9/log.txt
    wildcards: SAMPLE_NAME=rcsb_pdb_1FQ9
    resources: tmpdir=/tmp, gpu=1

[Tue Dec 24 06:09:56 2024]
Finished job 4.
3 of 5 steps (60%) done
Select jobs to execute...
Execute 1 jobs...

[Tue Dec 24 06:09:56 2024]
localrule run_modeller:
    input: output/colab_fold_output/rcsb_pdb_6DXR/log.txt, input/rcsb_pdb_6DXR.fasta
    output: modeller/rcsb_pdb_6DXR.fasta_processed.success
    jobid: 1
    reason: Missing output files: modeller/rcsb_pdb_6DXR.fasta_processed.success; Input files updated by another job: output/colab_fold_output/rcsb_pdb_6DXR/log.txt
    wildcards: SAMPLE_NAME=rcsb_pdb_6DXR
    resources: tmpdir=/tmp, gpu=1

[Tue Dec 24 06:10:34 2024]
Finished job 1.
4 of 5 steps (80%) done
Select jobs to execute...
Execute 1 jobs...

[Tue Dec 24 06:10:34 2024]
localrule all:
    input: modeller/rcsb_pdb_6DXR.fasta_processed.success, modeller/rcsb_pdb_1FQ9.fasta_processed.success
    jobid: 0
    reason: Input files updated by another job: modeller/rcsb_pdb_6DXR.fasta_processed.success, modeller/rcsb_pdb_1FQ9.fasta_processed.success
    resources: tmpdir=/tmp

[Tue Dec 24 06:10:34 2024]
Finished job 0.
5 of 5 steps (100%) done
Complete log: .snakemake/log/2024-12-24T060704.349629.snakemake.log
