host: 5a8e3f68e509
Building DAG of jobs...
Using shell: /usr/bin/bash
Provided cores: 128
Rules claiming more threads will be scaled down.
Provided resources: gpu=2
Job stats:
job             count
------------  -------
all                 1
run_modeller        3
total               4

Select jobs to execute...
Execute 1 jobs...

[Tue Dec 24 05:48:39 2024]
localrule run_modeller:
    input: output/colab_fold_output/rcsb_pdb_1FQ9/log.txt, input/rcsb_pdb_1FQ9.fasta
    output: modeller/rcsb_pdb_1FQ9.fasta_processed.success
    jobid: 4
    reason: Missing output files: modeller/rcsb_pdb_1FQ9.fasta_processed.success; Code has changed since last execution
    wildcards: SAMPLE_NAME=rcsb_pdb_1FQ9
    resources: tmpdir=/tmp, gpu=2

[Tue Dec 24 05:51:25 2024]
Error in rule run_modeller:
    jobid: 4
    input: output/colab_fold_output/rcsb_pdb_1FQ9/log.txt, input/rcsb_pdb_1FQ9.fasta
    output: modeller/rcsb_pdb_1FQ9.fasta_processed.success
    shell:
        
        echo "output/colab_fold_output/rcsb_pdb_1FQ9/log.txt generated. Initiating modeller for input/rcsb_pdb_1FQ9.fasta"
        mv input/rcsb_pdb_1FQ9.fasta ./modeller
        cd modeller
        bash run.sh $(basename input/rcsb_pdb_1FQ9.fasta) 2>&1 | tee -a output/logs/run_modeller.log
        echo "Pipeline completed and all results moved to ./output"
        
        (one of the commands exited with non-zero exit code; note that snakemake uses bash strict mode!)

Removing output files of failed job run_modeller since they might be corrupted:
modeller/rcsb_pdb_1FQ9.fasta_processed.success
Shutting down, this might take some time.
Exiting because a job execution failed. Look above for error message
Complete log: .snakemake/log/2024-12-24T054839.662049.snakemake.log
WorkflowError:
At least one job did not complete successfully.
