host: 5a8e3f68e509
Building DAG of jobs...
Using shell: /usr/bin/bash
Provided cores: 128
Rules claiming more threads will be scaled down.
Provided resources: gpu=1
Job stats:
job                         count
------------------------  -------
all                             1
run_alphafold_prediction        3
run_modeller                    3
total                           7

Select jobs to execute...
Execute 1 jobs...

[Tue Dec 24 06:15:26 2024]
localrule run_alphafold_prediction:
    input: input/rcsb_pdb_6DXR.fasta, localcolabfold/colabfold-conda/bin/colabfold_batch
    output: output/colab_fold_output/rcsb_pdb_6DXR/log.txt
    jobid: 5
    reason: Missing output files: output/colab_fold_output/rcsb_pdb_6DXR/log.txt
    wildcards: SAMPLE_NAME=rcsb_pdb_6DXR
    resources: tmpdir=/tmp, gpu=1

[Tue Dec 24 06:18:38 2024]
Finished job 5.
1 of 7 steps (14%) done
Select jobs to execute...
Execute 1 jobs...

[Tue Dec 24 06:18:38 2024]
localrule run_alphafold_prediction:
    input: input/P09038.fasta, localcolabfold/colabfold-conda/bin/colabfold_batch
    output: output/colab_fold_output/P09038/log.txt
    jobid: 7
    reason: Missing output files: output/colab_fold_output/P09038/log.txt; Code has changed since last execution
    wildcards: SAMPLE_NAME=P09038
    resources: tmpdir=/tmp, gpu=1

[Tue Dec 24 06:30:39 2024]
Finished job 7.
2 of 7 steps (29%) done
Select jobs to execute...
Execute 1 jobs...

[Tue Dec 24 06:30:39 2024]
localrule run_modeller:
    input: output/colab_fold_output/rcsb_pdb_6DXR/log.txt, input/rcsb_pdb_6DXR.fasta
    output: modeller/rcsb_pdb_6DXR.fasta_processed.success
    jobid: 4
    reason: Missing output files: modeller/rcsb_pdb_6DXR.fasta_processed.success; Input files updated by another job: output/colab_fold_output/rcsb_pdb_6DXR/log.txt
    wildcards: SAMPLE_NAME=rcsb_pdb_6DXR
    resources: tmpdir=/tmp, gpu=1

[Tue Dec 24 06:31:16 2024]
Finished job 4.
3 of 7 steps (43%) done
Select jobs to execute...
Execute 1 jobs...

[Tue Dec 24 06:31:16 2024]
localrule run_modeller:
    input: output/colab_fold_output/P09038/log.txt, input/P09038.fasta
    output: modeller/P09038.fasta_processed.success
    jobid: 6
    reason: Missing output files: modeller/P09038.fasta_processed.success; Input files updated by another job: output/colab_fold_output/P09038/log.txt
    wildcards: SAMPLE_NAME=P09038
    resources: tmpdir=/tmp, gpu=1

[Tue Dec 24 06:33:13 2024]
Finished job 6.
4 of 7 steps (57%) done
Select jobs to execute...
Execute 1 jobs...

[Tue Dec 24 06:33:13 2024]
localrule run_alphafold_prediction:
    input: input/rcsb_pdb_1FQ9.fasta, localcolabfold/colabfold-conda/bin/colabfold_batch
    output: output/colab_fold_output/rcsb_pdb_1FQ9/log.txt
    jobid: 2
    reason: Missing output files: output/colab_fold_output/rcsb_pdb_1FQ9/log.txt
    wildcards: SAMPLE_NAME=rcsb_pdb_1FQ9
    resources: tmpdir=/tmp, gpu=1

[Tue Dec 24 06:43:48 2024]
Finished job 2.
5 of 7 steps (71%) done
Select jobs to execute...
Execute 1 jobs...

[Tue Dec 24 06:43:48 2024]
localrule run_modeller:
    input: output/colab_fold_output/rcsb_pdb_1FQ9/log.txt, input/rcsb_pdb_1FQ9.fasta
    output: modeller/rcsb_pdb_1FQ9.fasta_processed.success
    jobid: 1
    reason: Missing output files: modeller/rcsb_pdb_1FQ9.fasta_processed.success; Input files updated by another job: output/colab_fold_output/rcsb_pdb_1FQ9/log.txt
    wildcards: SAMPLE_NAME=rcsb_pdb_1FQ9
    resources: tmpdir=/tmp, gpu=1

[Tue Dec 24 06:46:32 2024]
Finished job 1.
6 of 7 steps (86%) done
Select jobs to execute...
Execute 1 jobs...

[Tue Dec 24 06:46:32 2024]
localrule all:
    input: modeller/rcsb_pdb_1FQ9.fasta_processed.success, modeller/rcsb_pdb_6DXR.fasta_processed.success, modeller/P09038.fasta_processed.success
    jobid: 0
    reason: Input files updated by another job: modeller/rcsb_pdb_1FQ9.fasta_processed.success, modeller/P09038.fasta_processed.success, modeller/rcsb_pdb_6DXR.fasta_processed.success
    resources: tmpdir=/tmp

[Tue Dec 24 06:46:32 2024]
Finished job 0.
7 of 7 steps (100%) done
Complete log: .snakemake/log/2024-12-24T061526.797300.snakemake.log
