host: 5a8e3f68e509
Building DAG of jobs...
Using shell: /usr/bin/bash
Provided cores: 128
Rules claiming more threads will be scaled down.
Provided resources: gpu=2
Job stats:
job                         count
------------------------  -------
all                             1
install_colabfold               1
run_alphafold_prediction        3
run_modeller                    3
total                           8

Select jobs to execute...
Execute 1 jobs...

[Tue Dec 24 04:44:55 2024]
localrule install_colabfold:
    output: localcolabfold/colabfold-conda/bin/colabfold_batch
    jobid: 3
    reason: Missing output files: localcolabfold/colabfold-conda/bin/colabfold_batch
    resources: tmpdir=/tmp

[Tue Dec 24 04:49:27 2024]
Finished job 3.
1 of 8 steps (12%) done
Select jobs to execute...
Execute 1 jobs...

[Tue Dec 24 04:49:27 2024]
localrule run_alphafold_prediction:
    input: input/rcsb_pdb_1FQ9.fasta, localcolabfold/colabfold-conda/bin/colabfold_batch
    output: output/colab_fold_output/rcsb_pdb_1FQ9/log.txt
    jobid: 5
    reason: Missing output files: output/colab_fold_output/rcsb_pdb_1FQ9/log.txt; Input files updated by another job: localcolabfold/colabfold-conda/bin/colabfold_batch
    wildcards: SAMPLE_NAME=rcsb_pdb_1FQ9
    resources: tmpdir=/tmp, gpu=2

[Tue Dec 24 04:59:17 2024]
Finished job 5.
2 of 8 steps (25%) done
Select jobs to execute...
Execute 1 jobs...

[Tue Dec 24 04:59:17 2024]
localrule run_alphafold_prediction:
    input: input/rcsb_pdb_6DXR.fasta, localcolabfold/colabfold-conda/bin/colabfold_batch
    output: output/colab_fold_output/rcsb_pdb_6DXR/log.txt
    jobid: 7
    reason: Missing output files: output/colab_fold_output/rcsb_pdb_6DXR/log.txt; Input files updated by another job: localcolabfold/colabfold-conda/bin/colabfold_batch
    wildcards: SAMPLE_NAME=rcsb_pdb_6DXR
    resources: tmpdir=/tmp, gpu=2

[Tue Dec 24 05:02:21 2024]
Finished job 7.
3 of 8 steps (38%) done
Select jobs to execute...
Execute 1 jobs...

[Tue Dec 24 05:02:21 2024]
localrule run_modeller:
    input: output/colab_fold_output/rcsb_pdb_1FQ9/log.txt, input/rcsb_pdb_1FQ9.fasta
    output: modeller/rcsb_pdb_1FQ9.fasta_processed.success
    jobid: 4
    reason: Missing output files: modeller/rcsb_pdb_1FQ9.fasta_processed.success; Input files updated by another job: output/colab_fold_output/rcsb_pdb_1FQ9/log.txt
    wildcards: SAMPLE_NAME=rcsb_pdb_1FQ9
    resources: tmpdir=/tmp, gpu=2

[Tue Dec 24 05:02:23 2024]
Error in rule run_modeller:
    jobid: 4
    input: output/colab_fold_output/rcsb_pdb_1FQ9/log.txt, input/rcsb_pdb_1FQ9.fasta
    output: modeller/rcsb_pdb_1FQ9.fasta_processed.success
    shell:
        
        echo "output/colab_fold_output/rcsb_pdb_1FQ9/log.txt generated. Initiating modeller for input/rcsb_pdb_1FQ9.fasta"
        mv input/rcsb_pdb_1FQ9.fasta ./modeller
        cd modeller
        bash run.sh $(basename input/rcsb_pdb_1FQ9.fasta) 2>&1 | tee -a output/logs/run_modeller.log
        # Create the output directory and move result folders
        echo "Pipeline completed and all results moved to ./output"
        
        (one of the commands exited with non-zero exit code; note that snakemake uses bash strict mode!)

Shutting down, this might take some time.
Exiting because a job execution failed. Look above for error message
Complete log: .snakemake/log/2024-12-24T044455.909957.snakemake.log
WorkflowError:
At least one job did not complete successfully.
