
                         MODELLER 10.6, 2024/10/17, r12888

     PROTEIN STRUCTURE MODELLING BY SATISFACTION OF SPATIAL RESTRAINTS


                     Copyright(c) 1989-2024 Andrej Sali
                            All Rights Reserved

                             Written by A. Sali
                               with help from
              B. Webb, M.S. Madhusudhan, M-Y. Shen, G.Q. Dong,
          M.A. Marti-Renom, N. Eswar, F. Alber, M. Topf, B. Oliva,
             A. Fiser, R. Sanchez, B. Yerkovich, A. Badretdinov,
                     F. Melo, J.P. Overington, E. Feyfant
                 University of California, San Francisco, USA
                    Rockefeller University, New York, USA
                      Harvard University, Cambridge, USA
                   Imperial Cancer Research Fund, London, UK
              Birkbeck College, University of London, London, UK


Kind, OS, HostName, Kernel, Processor: 4, Linux 5a8e3f68e509 5.4.0-107-generic x86_64
Date and time of compilation         : 2024/10/17 20:34:40
MODELLER executable type             : x86_64-intel8
Job starting time (YY/MM/DD HH:MM:SS): 2024/12/24 06:30:41

openf___224_> Open           $(LIB)/restyp.lib
openf___224_> Open           ${MODINSTALL10v6}/modlib/resgrp.lib
rdresgr_266_> Number of residue groups:        2
openf___224_> Open           ${MODINSTALL10v6}/modlib/sstruc.lib

Dynamically allocated memory at   amaxlibraries [B,KiB,MiB]:       191566     187.076     0.183

Dynamically allocated memory at   amaxlibraries [B,KiB,MiB]:       192094     187.592     0.183
openf___224_> Open           ${MODINSTALL10v6}/modlib/resdih.lib

Dynamically allocated memory at   amaxlibraries [B,KiB,MiB]:       240694     235.053     0.230
rdrdih__263_> Number of dihedral angle types         :        9
              Maximal number of dihedral angle optima:        3
              Dihedral angle names                   :  Alph Phi Psi Omeg chi1 chi2 chi3 chi4 chi5
openf___224_> Open           ${MODINSTALL10v6}/modlib/radii.lib

Dynamically allocated memory at   amaxlibraries [B,KiB,MiB]:       253994     248.041     0.242
openf___224_> Open           ${MODINSTALL10v6}/modlib/af_mnchdef.lib
rdwilmo_274_> Mainchain residue conformation classes:  APBLE
openf___224_> Open           ${MODINSTALL10v6}/modlib/mnch.lib
rdclass_257_> Number of classes:        5
openf___224_> Open           ${MODINSTALL10v6}/modlib/mnch1.lib
openf___224_> Open           ${MODINSTALL10v6}/modlib/mnch2.lib
openf___224_> Open           ${MODINSTALL10v6}/modlib/mnch3.lib
openf___224_> Open           ${MODINSTALL10v6}/modlib/xs4.mat
rdrrwgh_268_> Number of residue types:       21
openf___224_> Open           pdb_95.pir
readlinef__W> File: pdb_95.pir, Line: 7084
              Modeller will only read the first 4096 characters of this line.

readlinef__W> File: pdb_95.pir, Line: 7105
              Modeller will only read the first 4096 characters of this line.

readlinef__W> File: pdb_95.pir, Line: 9456
              Modeller will only read the first 4096 characters of this line.

readlinef__W> File: pdb_95.pir, Line: 11794
              Modeller will only read the first 4096 characters of this line.

readlinef__W> File: pdb_95.pir, Line: 32903
              Modeller will only read the first 4096 characters of this line.

readlinef__W> File: pdb_95.pir, Line: 36925
              No more warnings will be printed for truncated lines in this file.


Dynamically allocated memory at amaxsequence_db [B,KiB,MiB]:       571564     558.168     0.545

Dynamically allocated memory at amaxsequence_db [B,KiB,MiB]:      4772715    4660.854     4.552

Dynamically allocated memory at   amaxalignment [B,KiB,MiB]:      4774957    4663.044     4.554

Dynamically allocated memory at   amaxalignment [B,KiB,MiB]:      4776407    4664.460     4.555

Dynamically allocated memory at   amaxalignment [B,KiB,MiB]:      4779307    4667.292     4.558

Dynamically allocated memory at   amaxalignment [B,KiB,MiB]:      4785107    4672.956     4.563

Dynamically allocated memory at amaxsequence_db [B,KiB,MiB]:     20638706   20154.986    19.683

Dynamically allocated memory at   amaxalignment [B,KiB,MiB]:     20650306   20166.314    19.694

Dynamically allocated memory at   amaxalignment [B,KiB,MiB]:     20673506   20188.971    19.716

Dynamically allocated memory at   amaxalignment [B,KiB,MiB]:     20719906   20234.283    19.760

Dynamically allocated memory at   amaxalignment [B,KiB,MiB]:     20812706   20324.908    19.849

Dynamically allocated memory at amaxsequence_db [B,KiB,MiB]:     28739506   28065.924    27.408

SEQ_DATABASE_FILE         : pdb_95.pir
SEQ_DATABASE_FORMAT       : PIR
CHAINS_LIST               : ALL
CLEAN_SEQUENCES           :            T
MINMAX_DB_SEQ_LEN         :           30        4000
Number of sequences       :        79268
Number of residues        :     20470869
Length of longest sequence:         3725


SEQ_DATABASE_FILE         : pdb_95.bin
SEQ_DATABASE_FORMAT       : BINARY
SEARCH_CHAINS_LIST        : ALL
Number of sequences       :        79268
Number of residues        :     20470869
Length of longest sequence:         3725


SEQ_DATABASE_FILE         : pdb_95.bin
SEQ_DATABASE_FORMAT       : BINARY
CHAINS_LIST               : ALL
CLEAN_SEQUENCES           :            T
MINMAX_DB_SEQ_LEN         :            0      999999
Number of sequences       :        79268
Number of residues        :     20470869
Length of longest sequence:         3725

openf___224_> Open           6DXR_1.ali

Dynamically allocated memory at   amaxalignment [B,KiB,MiB]:       573884     560.434     0.547

Dynamically allocated memory at   amaxalignment [B,KiB,MiB]:       575334     561.850     0.549

Dynamically allocated memory at    amaxsequence [B,KiB,MiB]:       575662     562.170     0.549

Read the alignment from file       : 6DXR_1.ali

Total number of alignment positions:    83

  #  Code        #_Res #_Segm PDB_code    Name
-------------------------------------------------------------------------------
  1     6DXR_1      83      1      6DXR_1

Dynamically allocated memory at     amaxprofile [B,KiB,MiB]:       576327     562.819     0.550
openf___224_> Open           ${LIB}/blosum62.sim.mat
rdrrwgh_268_> Number of residue types:       21

Dynamically allocated memory at amaxsequence_db [B,KiB,MiB]:       903404     882.230     0.862
profile_iteration_> processing sequence:       1     83      1     0.0000000     0.0000000     0.0000000     1

Dynamically allocated memory at amaxsequence_db [B,KiB,MiB]:       906342     885.100     0.864
profile_iteration_> processing sequence:    7928     83      1     1.2400000     0.0001564     0.0000006  6394
profile_iteration_> processing sequence:   15855     83      1     2.4400001     0.0001539     0.0000006  6498
profile_iteration_> processing sequence:   23782     83      1     3.6700001     0.0001543     0.0000006  6480
profile_iteration_> processing sequence:   31709     83      1     4.8800001     0.0001539     0.0000006  6498

Dynamically allocated memory at amaxsequence_db [B,KiB,MiB]:       907904     886.625     0.866
profile_iteration_> processing sequence:   39636     83      1     6.0900002     0.0001536     0.0000006  6508

Dynamically allocated memory at amaxsequence_db [B,KiB,MiB]:       909280     887.969     0.867
profile_iteration_> processing sequence:   47563     83      1     7.2700000     0.0001528     0.0000006  6542
profile_iteration_> processing sequence:   55490     83      1     8.4899998     0.0001530     0.0000006  6536
profile_iteration_> processing sequence:   63417     83      1     9.7100000     0.0001531     0.0000006  6531

Dynamically allocated memory at amaxsequence_db [B,KiB,MiB]:       909945     888.618     0.868
profile_iteration_> processing sequence:   71344     83      1    10.9300003     0.0001532     0.0000006  6527

Dynamically allocated memory at amaxsequence_db [B,KiB,MiB]:       914573     893.138     0.872
 AVERAGE RESIDUAL STANDARD ERROR:    72.15520
 AVERAGE RESIDUAL STANDARD DEVIATION:    255.4544
profile_660_> Quality of the fit between observed/expected score distributions.
              [Iteration, Chi2, nbins, KS-Stat, nscores ] =        1,        0.0267,      121,        0.0071,    79268

HISTOGRAM OF Z-SCORES:

Z:         1  -3.95000   0.00000   0.00000
Z:         1  -3.85000   0.00000   0.00000
Z:         1  -3.75000   0.00000   0.00000
Z:         1  -3.65000   0.00000   0.00000
Z:         1  -3.55000   0.00000   0.00000
Z:         1  -3.45000   0.00000   0.00000
Z:         1  -3.35000   0.00000   0.00000
Z:         1  -3.25000   0.00000   0.00000
Z:         1  -3.15000   0.00000   0.00000
Z:         1  -3.05000   0.00000   0.00000
Z:         1  -2.95000   0.00013   0.00000
Z:         1  -2.85000   0.00025   0.00000
Z:         1  -2.75000   0.00000   0.00000
Z:         1  -2.65000   0.00013   0.00000
Z:         1  -2.55000   0.00050   0.00001
Z:         1  -2.45000   0.00063   0.00004
Z:         1  -2.35000   0.00025   0.00016
Z:         1  -2.25000   0.00101   0.00055
Z:         1  -2.15000   0.00101   0.00163
Z:         1  -2.05000   0.00265   0.00416
Z:         1  -1.95000   0.00618   0.00933
Z:         1  -1.85000   0.01577   0.01872
Z:         1  -1.75000   0.02725   0.03400
Z:         1  -1.65000   0.05954   0.05658
Z:         1  -1.55000   0.08314   0.08721
Z:         1  -1.45000   0.14533   0.12565
Z:         1  -1.35000   0.17712   0.17059
Z:         1  -1.25000   0.23288   0.21981
Z:         1  -1.15000   0.24209   0.27052
Z:         1  -1.05000   0.32005   0.31973
Z:         1  -0.95000   0.34592   0.36469
Z:         1  -0.85000   0.40432   0.40316
Z:         1  -0.75000   0.41984   0.43360
Z:         1  -0.65000   0.50525   0.45519
Z:         1  -0.55000   0.44305   0.46779
Z:         1  -0.45000   0.49074   0.47182
Z:         1  -0.35000   0.43372   0.46811
Z:         1  -0.25000   0.45012   0.45775
Z:         1  -0.15000   0.42388   0.44196
Z:         1  -0.05000   0.46664   0.42194
Z:         1   0.05000   0.38300   0.39889
Z:         1   0.15000   0.37821   0.37383
Z:         1   0.25000   0.32460   0.34769
Z:         1   0.35000   0.31753   0.32121
Z:         1   0.45000   0.27640   0.29500
Z:         1   0.55000   0.28145   0.26953
Z:         1   0.65000   0.24007   0.24513
Z:         1   0.75000   0.21598   0.22205
Z:         1   0.85000   0.19491   0.20043
Z:         1   0.95000   0.18696   0.18036
Z:         1   1.05000   0.16249   0.16185
Z:         1   1.15000   0.13991   0.14489
Z:         1   1.25000   0.13070   0.12944
Z:         1   1.35000   0.12729   0.11542
Z:         1   1.45000   0.11051   0.10275
Z:         1   1.55000   0.08906   0.09133
Z:         1   1.65000   0.08238   0.08109
Z:         1   1.75000   0.07191   0.07191
Z:         1   1.85000   0.06674   0.06371
Z:         1   1.95000   0.06043   0.05639
Z:         1   2.05000   0.05210   0.04988
Z:         1   2.15000   0.05046   0.04409
Z:         1   2.25000   0.04378   0.03895
Z:         1   2.35000   0.03583   0.03439
Z:         1   2.45000   0.03078   0.03035
Z:         1   2.55000   0.02397   0.02678
Z:         1   2.65000   0.02637   0.02361
Z:         1   2.75000   0.02536   0.02082
Z:         1   2.85000   0.01918   0.01835
Z:         1   2.95000   0.02283   0.01617
Z:         1   3.05000   0.01451   0.01424
Z:         1   3.15000   0.01602   0.01255
Z:         1   3.25000   0.01009   0.01105
Z:         1   3.35000   0.01274   0.00973
Z:         1   3.45000   0.00833   0.00857
Z:         1   3.55000   0.00845   0.00754
Z:         1   3.65000   0.00883   0.00664
Z:         1   3.75000   0.00568   0.00584
Z:         1   3.85000   0.00467   0.00514
Z:         1   3.95000   0.00467   0.00453
Z:         1   4.05000   0.00442   0.00398
Z:         1   4.15000   0.00366   0.00350
Z:         1   4.25000   0.00442   0.00308
Z:         1   4.35000   0.00341   0.00271
Z:         1   4.45000   0.00189   0.00239
Z:         1   4.55000   0.00164   0.00210
Z:         1   4.65000   0.00101   0.00185
Z:         1   4.75000   0.00189   0.00163
Z:         1   4.85000   0.00088   0.00143
Z:         1   4.95000   0.00177   0.00126
Z:         1   5.05000   0.00139   0.00111
Z:         1   5.15000   0.00114   0.00097
Z:         1   5.25000   0.00126   0.00086
Z:         1   5.35000   0.00101   0.00075
Z:         1   5.45000   0.00025   0.00066
Z:         1   5.55000   0.00101   0.00058
Z:         1   5.65000   0.00076   0.00051
Z:         1   5.75000   0.00050   0.00045
Z:         1   5.85000   0.00013   0.00040
Z:         1   5.95000   0.00063   0.00035
Z:         1   6.05000   0.00013   0.00031
Z:         1   6.15000   0.00000   0.00027
Z:         1   6.25000   0.00000   0.00024
Z:         1   6.35000   0.00013   0.00021
Z:         1   6.45000   0.00038   0.00018
Z:         1   6.55000   0.00013   0.00016
Z:         1   6.65000   0.00000   0.00014
Z:         1   6.75000   0.00000   0.00013
Z:         1   6.85000   0.00025   0.00011
Z:         1   6.95000   0.00013   0.00010
Z:         1   7.05000   0.00013   0.00009
Z:         1   7.15000   0.00013   0.00007
Z:         1   7.25000   0.00000   0.00007
Z:         1   7.35000   0.00000   0.00006
Z:         1   7.45000   0.00000   0.00005
Z:         1   7.55000   0.00000   0.00004
Z:         1   7.65000   0.00038   0.00004
Z:         1   7.75000   0.00000   0.00003
Z:         1   7.85000   0.00000   0.00003
Z:         1   7.95000   0.00013   0.00003
Z:         1   8.05000   0.00000   0.00002

HITS FOUND IN ITERATION:     1


Dynamically allocated memory at     amaxprofile [B,KiB,MiB]:       997973     974.583     0.952
> 1ezeA                      1   29132    7450      38      83   86.11    0.47E-09       2    36    28    63     2    37
> 6dvuA                      1   32935   12450      51      83  100.00     0.0           3    51    31    81     1    51
> 1oppA                      1   54097    9100      38      83  100.00     0.0           4    38    27    64     1    38
> 6nf3A                      1   71642   11400      46      83  100.00     0.0           5    46    34    79     1    46

profile_iteration__> Weight Matrix           [sec]:     0.000000
profile_iteration__> Score Collection        [sec]:    12.180000
profile_iteration__> Score Collection/Seq    [sec]:     0.000154
profile_iteration__> DP Steps per sec    [ali/sec]:  6545.665039
profile_iteration__> Statistics              [sec]:     0.060000
profile_iteration__> Add to profile          [sec]:     0.000000
profile_iteration__> Overall performance    [/seq]:     0.000155
profile_iteration__> Overall performance [seq/sec]:  6465.579102
openf___224_> Open           build_profile.prf

Dynamically allocated memory at   amaxalignment [B,KiB,MiB]:       668346     652.682     0.637

Dynamically allocated memory at    amaxsequence [B,KiB,MiB]:       668674     653.002     0.638

Dynamically allocated memory at    amaxsequence [B,KiB,MiB]:       668814     653.139     0.638

Dynamically allocated memory at    amaxsequence [B,KiB,MiB]:       669014     653.334     0.638

Dynamically allocated memory at    amaxsequence [B,KiB,MiB]:       669162     653.479     0.638

Dynamically allocated memory at    amaxsequence [B,KiB,MiB]:       669342     653.654     0.638
openf___224_> Open           build_profile.ali
