
                         MODELLER 10.6, 2024/10/17, r12888

     PROTEIN STRUCTURE MODELLING BY SATISFACTION OF SPATIAL RESTRAINTS


                     Copyright(c) 1989-2024 Andrej Sali
                            All Rights Reserved

                             Written by A. Sali
                               with help from
              B. Webb, M.S. Madhusudhan, M-Y. Shen, G.Q. Dong,
          M.A. Marti-Renom, N. Eswar, F. Alber, M. Topf, B. Oliva,
             A. Fiser, R. Sanchez, B. Yerkovich, A. Badretdinov,
                     F. Melo, J.P. Overington, E. Feyfant
                 University of California, San Francisco, USA
                    Rockefeller University, New York, USA
                      Harvard University, Cambridge, USA
                   Imperial Cancer Research Fund, London, UK
              Birkbeck College, University of London, London, UK


Kind, OS, HostName, Kernel, Processor: 4, Linux 5a8e3f68e509 5.4.0-107-generic x86_64
Date and time of compilation         : 2024/10/17 20:34:40
MODELLER executable type             : x86_64-intel8
Job starting time (YY/MM/DD HH:MM:SS): 2024/12/24 06:31:03


check_ali___> Checking the sequence-structure alignment. 

Implied intrachain target CA(i)-CA(i+1) distances longer than  8.0 angstroms:

ALN_POS  TMPL  RID1  RID2  NAM1  NAM2     DIST
----------------------------------------------
END OF TABLE
read_to_681_> topology.submodel read from topology file:        3
mdtrsr__446W> A potential that relies on one protein is used, yet you have at
              least one known structure available. MDT, not library, potential is used.
0 atoms in HETATM/BLK residues constrained
to protein atoms within 2.30 angstroms
and protein CA atoms within 10.00 angstroms
0 atoms in residues without defined topology
constrained to be rigid bodies
condens_443_> Restraints marked for deletion were removed.
              Total number of restraints before, now:     5294     4690
iupac_m_397W> Atoms were not swapped because of the uncertainty of how to handle the H atom.
>> Model assessment by DOPE potential
iatmcls_286W> MODEL atom not classified:  SER:OXT  SER


>> ENERGY; Differences between the model's features and restraints:
Number of all residues in MODEL                   :       83
Number of all, selected real atoms                :      656     656
Number of all, selected pseudo atoms              :        0       0
Number of all static, selected restraints         :     4690    4690
COVALENT_CYS                                      :        F
NONBONDED_SEL_ATOMS                               :        1
Number of non-bonded pairs (excluding 1-2,1-3,1-4):    43028
Dynamic pairs routine                             : 1, NATM x NATM double loop
Atomic shift for contacts update (UPDATE_DYNAMIC) :    0.390
LENNARD_JONES_SWITCH                              :    6.500   7.500
COULOMB_JONES_SWITCH                              :    6.500   7.500
RESIDUE_SPAN_RANGE                                :        1    9999
NLOGN_USE                                         :       15
CONTACT_SHELL                                     :   15.000
DYNAMIC_PAIRS,_SPHERE,_COULOMB,_LENNARD,_MODELLER :        T       F       F       F       T
SPHERE_STDV                                       :    0.050
RADII_FACTOR                                      :    0.820
Current energy                                    :       -5323.9072




<< end of ENERGY.
DOPE score               : -5323.907227
>> Model assessment by GA341 potential

Surface library          : /root/miniconda3/envs/snake/lib/modeller-10.6/modlib/surf5.de
Pair library             : /root/miniconda3/envs/snake/lib/modeller-10.6/modlib/pair9.de
Chain identifier         : _
% sequence identity      :   100.000000
Sequence length          :           83
Compactness              :     0.030648
Native energy (pair)     :  -112.971324
Native energy (surface)  :     8.546268
Native energy (combined) :     1.996079
Z score (pair)           :    -3.354087
Z score (surface)        :    -1.076693
Z score (combined)       :    -3.220657
GA341 score              :     1.000000



>> ENERGY; Differences between the model's features and restraints:
Number of all residues in MODEL                   :       83
Number of all, selected real atoms                :      656     656
Number of all, selected pseudo atoms              :        0       0
Number of all static, selected restraints         :     4690    4690
COVALENT_CYS                                      :        F
NONBONDED_SEL_ATOMS                               :        1
Number of non-bonded pairs (excluding 1-2,1-3,1-4):     1112
Dynamic pairs routine                             : 2, NATM x NATM cell sorting
Atomic shift for contacts update (UPDATE_DYNAMIC) :    0.390
LENNARD_JONES_SWITCH                              :    6.500   7.500
COULOMB_JONES_SWITCH                              :    6.500   7.500
RESIDUE_SPAN_RANGE                                :        0   99999
NLOGN_USE                                         :       15
CONTACT_SHELL                                     :    4.000
DYNAMIC_PAIRS,_SPHERE,_COULOMB,_LENNARD,_MODELLER :        T       T       F       F       F
SPHERE_STDV                                       :    0.050
RADII_FACTOR                                      :    0.820
Current energy                                    :         786.6157





Summary of the restraint violations: 

   NUM     ... number of restraints.
   NUMVI   ... number of restraints with RVIOL > VIOL_REPORT_CUT[i].
   RVIOL   ... relative difference from the best value.
   NUMVP   ... number of restraints with -Ln(pdf) > VIOL_REPORT_CUT2[i].
   RMS_1   ... RMS(feature, minimally_violated_basis_restraint, NUMB).
   RMS_2   ... RMS(feature, best_value, NUMB).
   MOL.PDF ... scaled contribution to -Ln(Molecular pdf).

 #                     RESTRAINT_GROUP      NUM   NUMVI  NUMVP   RMS_1   RMS_2         MOL.PDF     S_i
------------------------------------------------------------------------------------------------------
 1 Bond length potential              :     665       0      0   0.009   0.009      14.393       1.000
 2 Bond angle potential               :     894       1      2   2.168   2.168      81.704       1.000
 3 Stereochemical cosine torsion poten:     392       0      9  44.027  44.027      129.03       1.000
 4 Stereochemical improper torsion pot:     244       0      0   1.272   1.272      7.8352       1.000
 5 Soft-sphere overlap restraints     :    1112       0      0   0.002   0.002     0.53540       1.000
 6 Lennard-Jones 6-12 potential       :       0       0      0   0.000   0.000      0.0000       1.000
 7 Coulomb point-point electrostatic p:       0       0      0   0.000   0.000      0.0000       1.000
 8 H-bonding potential                :       0       0      0   0.000   0.000      0.0000       1.000
 9 Distance restraints 1 (CA-CA)      :     381      14     37   0.997   0.997      247.60       1.000
10 Distance restraints 2 (N-O)        :     574       0     18   0.680   0.680      137.15       1.000
11 Mainchain Phi dihedral restraints  :       0       0      0   0.000   0.000      0.0000       1.000
12 Mainchain Psi dihedral restraints  :       0       0      0   0.000   0.000      0.0000       1.000
13 Mainchain Omega dihedral restraints:      82       1      1   4.871   4.871      20.609       1.000
14 Sidechain Chi_1 dihedral restraints:      75       0      0  66.909  66.909      17.483       1.000
15 Sidechain Chi_2 dihedral restraints:      56       0      1  66.438  66.438      20.645       1.000
16 Sidechain Chi_3 dihedral restraints:      30       0      1  79.119  79.119      21.332       1.000
17 Sidechain Chi_4 dihedral restraints:      13       0      0  71.361  71.361      8.6709       1.000
18 Disulfide distance restraints      :       0       0      0   0.000   0.000      0.0000       1.000
19 Disulfide angle restraints         :       0       0      0   0.000   0.000      0.0000       1.000
20 Disulfide dihedral angle restraints:       0       0      0   0.000   0.000      0.0000       1.000
21 Lower bound distance restraints    :       0       0      0   0.000   0.000      0.0000       1.000
22 Upper bound distance restraints    :       0       0      0   0.000   0.000      0.0000       1.000
23 Distance restraints 3 (SDCH-MNCH)  :    1038       0      0   0.712   0.712      45.466       1.000
24 Sidechain Chi_5 dihedral restraints:       0       0      0   0.000   0.000      0.0000       1.000
25 Phi/Psi pair of dihedral restraints:      81       6     10  34.167  57.862      4.3493       1.000
26 Distance restraints 4 (SDCH-SDCH)  :     165       0      2   1.205   1.205      29.816       1.000
27 Distance restraints 5 (X-Y)        :       0       0      0   0.000   0.000      0.0000       1.000
28 NMR distance restraints 6 (X-Y)    :       0       0      0   0.000   0.000      0.0000       1.000
29 NMR distance restraints 7 (X-Y)    :       0       0      0   0.000   0.000      0.0000       1.000
30 Minimal distance restraints        :       0       0      0   0.000   0.000      0.0000       1.000
31 Non-bonded restraints              :       0       0      0   0.000   0.000      0.0000       1.000
32 Atomic accessibility restraints    :       0       0      0   0.000   0.000      0.0000       1.000
33 Atomic density restraints          :       0       0      0   0.000   0.000      0.0000       1.000
34 Absolute position restraints       :       0       0      0   0.000   0.000      0.0000       1.000
35 Dihedral angle difference restraint:       0       0      0   0.000   0.000      0.0000       1.000
36 GBSA implicit solvent potential    :       0       0      0   0.000   0.000      0.0000       1.000
37 EM density fitting potential       :       0       0      0   0.000   0.000      0.0000       1.000
38 SAXS restraints                    :       0       0      0   0.000   0.000      0.0000       1.000
39 Symmetry restraints                :       0       0      0   0.000   0.000      0.0000       1.000



# Heavy relative violation of each residue is written to: 6DXR_1.V99990001
# The profile is NOT normalized by the number of restraints.
# The profiles are smoothed over a window of residues:    1
# The sum of all numbers in the file:    8592.3916



List of the violated restraints:
   A restraint is violated when the relative difference
   from the best value (RVIOL) is larger than CUTOFF.

   ICSR   ... index of a restraint in the current set.
   RESNO  ... residue numbers of the first two atoms.
   ATM    ... IUPAC atom names of the first two atoms.
   FEAT   ... the value of the feature in the model.
   restr  ... the mean of the basis restraint with the smallest
              difference from the model (local minimum).
   viol   ... difference from the local minimum.
   rviol  ... relative difference from the local minimum.
   RESTR  ... the best value (global minimum).
   VIOL   ... difference from the best value.
   RVIOL  ... relative difference from the best value.


-------------------------------------------------------------------------------------------------

Feature  2                           : Bond angle potential                    
List of the RVIOL violations larger than   :       4.5000

    #   ICSR  RESNO1/2 ATM1/2   INDATM1/2    FEAT   restr    viol   rviol   RESTR    VIOL   RVIOL
    1    967  30V  30V N   CA    213  214  123.31  107.00   16.31    4.69  107.00   16.31    4.69

-------------------------------------------------------------------------------------------------

Feature 13                           : Mainchain Omega dihedral restraints     
List of the RVIOL violations larger than   :       4.5000

    #   ICSR  RESNO1/2 ATM1/2   INDATM1/2    FEAT   restr    viol   rviol   RESTR    VIOL   RVIOL
    1   2306  30V  30V CA  C     214  218 -155.83 -179.18   23.35    5.43 -179.18   23.35    5.43

-------------------------------------------------------------------------------------------------

Feature 25                           : Phi/Psi pair of dihedral restraints     
List of the RVIOL violations larger than   :       6.5000

    #   ICSR  RESNO1/2 ATM1/2   INDATM1/2    FEAT   restr    viol   rviol   RESTR    VIOL   RVIOL
    1   2200   5L   6S C   N      45   47 -170.78 -136.60   36.06    1.17  -64.10 -165.78   21.77
    1          6S   6S N   CA     47   48  162.69  151.20                  -35.00
    2   2213  18L  19E C   N     139  141  172.49 -117.80   69.73    2.60   54.60  149.96   19.42
    2         19E  19E N   CA    141  142  135.09  136.80                   42.40
    3   2216  21P  22A C   N     159  161 -168.13 -134.00   40.92    0.99  -62.50 -176.92   35.58
    3         22A  22A N   CA    161  162  169.57  147.00                  -40.90
    4   2218  23P  24A C   N     171  173  -86.46  -68.20   18.97    1.43   55.40 -179.12   11.23
    4         24A  24A N   CA    173  174  150.42  145.30                   38.20
    5   2220  25Q  26G C   N     185  187   69.41   82.20  110.53    4.72  -62.40 -153.09   37.75
    5         26G  26G N   CA    187  188  118.29    8.50                  -41.20
    6   2225  30V  31S C   N     218  220  -75.40  -72.40   34.05    2.11   56.90  155.70   12.34
    6         31S  31S N   CA    220  221  118.49  152.40                   36.40


report______> Distribution of short non-bonded contacts:


DISTANCE1:  0.00 2.10 2.20 2.30 2.40 2.50 2.60 2.70 2.80 2.90 3.00 3.10 3.20 3.30 3.40
DISTANCE2:  2.10 2.20 2.30 2.40 2.50 2.60 2.70 2.80 2.90 3.00 3.10 3.20 3.30 3.40 3.50
FREQUENCY:     0    0    0    0    0    1   10   29   52   43   51   57   95   94  116


<< end of ENERGY.
>> Model assessment by DOPE potential
iatmcls_286W> MODEL atom not classified:  SER:OXT  SER


>> ENERGY; Differences between the model's features and restraints:
Number of all residues in MODEL                   :       83
Number of all, selected real atoms                :      656     656
Number of all, selected pseudo atoms              :        0       0
Number of all static, selected restraints         :     4690    4690
COVALENT_CYS                                      :        F
NONBONDED_SEL_ATOMS                               :        1
Number of non-bonded pairs (excluding 1-2,1-3,1-4):    39293
Dynamic pairs routine                             : 1, NATM x NATM double loop
Atomic shift for contacts update (UPDATE_DYNAMIC) :    0.390
LENNARD_JONES_SWITCH                              :    6.500   7.500
COULOMB_JONES_SWITCH                              :    6.500   7.500
RESIDUE_SPAN_RANGE                                :        1    9999
NLOGN_USE                                         :       15
CONTACT_SHELL                                     :   15.000
DYNAMIC_PAIRS,_SPHERE,_COULOMB,_LENNARD,_MODELLER :        T       F       F       F       T
SPHERE_STDV                                       :    0.050
RADII_FACTOR                                      :    0.820
Current energy                                    :       -5249.2612




<< end of ENERGY.
DOPE score               : -5249.261230
>> Model assessment by GA341 potential

Surface library          : /root/miniconda3/envs/snake/lib/modeller-10.6/modlib/surf5.de
Pair library             : /root/miniconda3/envs/snake/lib/modeller-10.6/modlib/pair9.de
Chain identifier         : _
% sequence identity      :   100.000000
Sequence length          :           83
Compactness              :     0.020802
Native energy (pair)     :  -163.287198
Native energy (surface)  :     6.785289
Native energy (combined) :    -1.084126
Z score (pair)           :    -3.007565
Z score (surface)        :    -2.341560
Z score (combined)       :    -3.733469
GA341 score              :     1.000000



>> ENERGY; Differences between the model's features and restraints:
Number of all residues in MODEL                   :       83
Number of all, selected real atoms                :      656     656
Number of all, selected pseudo atoms              :        0       0
Number of all static, selected restraints         :     4690    4690
COVALENT_CYS                                      :        F
NONBONDED_SEL_ATOMS                               :        1
Number of non-bonded pairs (excluding 1-2,1-3,1-4):     1204
Dynamic pairs routine                             : 2, NATM x NATM cell sorting
Atomic shift for contacts update (UPDATE_DYNAMIC) :    0.390
LENNARD_JONES_SWITCH                              :    6.500   7.500
COULOMB_JONES_SWITCH                              :    6.500   7.500
RESIDUE_SPAN_RANGE                                :        0   99999
NLOGN_USE                                         :       15
CONTACT_SHELL                                     :    4.000
DYNAMIC_PAIRS,_SPHERE,_COULOMB,_LENNARD,_MODELLER :        T       T       F       F       F
SPHERE_STDV                                       :    0.050
RADII_FACTOR                                      :    0.820
Current energy                                    :         693.2714





Summary of the restraint violations: 

   NUM     ... number of restraints.
   NUMVI   ... number of restraints with RVIOL > VIOL_REPORT_CUT[i].
   RVIOL   ... relative difference from the best value.
   NUMVP   ... number of restraints with -Ln(pdf) > VIOL_REPORT_CUT2[i].
   RMS_1   ... RMS(feature, minimally_violated_basis_restraint, NUMB).
   RMS_2   ... RMS(feature, best_value, NUMB).
   MOL.PDF ... scaled contribution to -Ln(Molecular pdf).

 #                     RESTRAINT_GROUP      NUM   NUMVI  NUMVP   RMS_1   RMS_2         MOL.PDF     S_i
------------------------------------------------------------------------------------------------------
 1 Bond length potential              :     665       0      0   0.008   0.008      12.737       1.000
 2 Bond angle potential               :     894       0      2   1.991   1.991      69.814       1.000
 3 Stereochemical cosine torsion poten:     392       0      9  44.736  44.736      129.19       1.000
 4 Stereochemical improper torsion pot:     244       0      0   1.219   1.219      7.2439       1.000
 5 Soft-sphere overlap restraints     :    1204       0      0   0.001   0.001     0.27951       1.000
 6 Lennard-Jones 6-12 potential       :       0       0      0   0.000   0.000      0.0000       1.000
 7 Coulomb point-point electrostatic p:       0       0      0   0.000   0.000      0.0000       1.000
 8 H-bonding potential                :       0       0      0   0.000   0.000      0.0000       1.000
 9 Distance restraints 1 (CA-CA)      :     381      13     35   0.970   0.970      220.10       1.000
10 Distance restraints 2 (N-O)        :     574       0     16   0.654   0.654      121.61       1.000
11 Mainchain Phi dihedral restraints  :       0       0      0   0.000   0.000      0.0000       1.000
12 Mainchain Psi dihedral restraints  :       0       0      0   0.000   0.000      0.0000       1.000
13 Mainchain Omega dihedral restraints:      82       1      1   5.648   5.648      21.134       1.000
14 Sidechain Chi_1 dihedral restraints:      75       0      0  54.858  54.858      6.0394       1.000
15 Sidechain Chi_2 dihedral restraints:      56       0      1  53.823  53.823      12.127       1.000
16 Sidechain Chi_3 dihedral restraints:      30       0      0  62.496  62.496      20.849       1.000
17 Sidechain Chi_4 dihedral restraints:      13       0      0  50.240  50.240      8.9051       1.000
18 Disulfide distance restraints      :       0       0      0   0.000   0.000      0.0000       1.000
19 Disulfide angle restraints         :       0       0      0   0.000   0.000      0.0000       1.000
20 Disulfide dihedral angle restraints:       0       0      0   0.000   0.000      0.0000       1.000
21 Lower bound distance restraints    :       0       0      0   0.000   0.000      0.0000       1.000
22 Upper bound distance restraints    :       0       0      0   0.000   0.000      0.0000       1.000
23 Distance restraints 3 (SDCH-MNCH)  :    1038       0      0   0.559   0.559      39.199       1.000
24 Sidechain Chi_5 dihedral restraints:       0       0      0   0.000   0.000      0.0000       1.000
25 Phi/Psi pair of dihedral restraints:      81       7     13  34.774  56.618      3.8868       1.000
26 Distance restraints 4 (SDCH-SDCH)  :     165       0      0   0.991   0.991      20.160       1.000
27 Distance restraints 5 (X-Y)        :       0       0      0   0.000   0.000      0.0000       1.000
28 NMR distance restraints 6 (X-Y)    :       0       0      0   0.000   0.000      0.0000       1.000
29 NMR distance restraints 7 (X-Y)    :       0       0      0   0.000   0.000      0.0000       1.000
30 Minimal distance restraints        :       0       0      0   0.000   0.000      0.0000       1.000
31 Non-bonded restraints              :       0       0      0   0.000   0.000      0.0000       1.000
32 Atomic accessibility restraints    :       0       0      0   0.000   0.000      0.0000       1.000
33 Atomic density restraints          :       0       0      0   0.000   0.000      0.0000       1.000
34 Absolute position restraints       :       0       0      0   0.000   0.000      0.0000       1.000
35 Dihedral angle difference restraint:       0       0      0   0.000   0.000      0.0000       1.000
36 GBSA implicit solvent potential    :       0       0      0   0.000   0.000      0.0000       1.000
37 EM density fitting potential       :       0       0      0   0.000   0.000      0.0000       1.000
38 SAXS restraints                    :       0       0      0   0.000   0.000      0.0000       1.000
39 Symmetry restraints                :       0       0      0   0.000   0.000      0.0000       1.000



# Heavy relative violation of each residue is written to: 6DXR_1.V99990002
# The profile is NOT normalized by the number of restraints.
# The profiles are smoothed over a window of residues:    1
# The sum of all numbers in the file:    7425.3228



List of the violated restraints:
   A restraint is violated when the relative difference
   from the best value (RVIOL) is larger than CUTOFF.

   ICSR   ... index of a restraint in the current set.
   RESNO  ... residue numbers of the first two atoms.
   ATM    ... IUPAC atom names of the first two atoms.
   FEAT   ... the value of the feature in the model.
   restr  ... the mean of the basis restraint with the smallest
              difference from the model (local minimum).
   viol   ... difference from the local minimum.
   rviol  ... relative difference from the local minimum.
   RESTR  ... the best value (global minimum).
   VIOL   ... difference from the best value.
   RVIOL  ... relative difference from the best value.


-------------------------------------------------------------------------------------------------

Feature 13                           : Mainchain Omega dihedral restraints     
List of the RVIOL violations larger than   :       4.5000

    #   ICSR  RESNO1/2 ATM1/2   INDATM1/2    FEAT   restr    viol   rviol   RESTR    VIOL   RVIOL
    1   2306  30V  30V CA  C     214  218 -138.10 -179.18   41.09    9.55 -179.18   41.09    9.55

-------------------------------------------------------------------------------------------------

Feature 25                           : Phi/Psi pair of dihedral restraints     
List of the RVIOL violations larger than   :       6.5000

    #   ICSR  RESNO1/2 ATM1/2   INDATM1/2    FEAT   restr    viol   rviol   RESTR    VIOL   RVIOL
    1   2200   5L   6S C   N      45   47  -95.10  -72.40   35.47    1.64  -64.10  148.61   12.86
    1          6S   6S N   CA     47   48  179.66  152.40                  -35.00
    2   2210  15S  16I C   N     116  118  116.54 -120.60  123.22    8.25 -120.60  123.22    8.25
    2         16I  16I N   CA    118  119  139.66  130.30                  130.30
    3   2213  18L  19E C   N     139  141 -139.14 -117.80   45.04    1.75   54.60 -146.42   27.61
    3         19E  19E N   CA    141  142  176.46  136.80                   42.40
    4   2216  21P  22A C   N     159  161  -81.71  -68.20   29.97    1.97  -62.50  148.30   25.29
    4         22A  22A N   CA    161  162  172.05  145.30                  -40.90
    5   2218  23P  24A C   N     171  173  161.29 -134.00   76.67    1.84   55.40 -176.46   19.26
    5         24A  24A N   CA    173  174 -171.89  147.00                   38.20
    6   2220  25Q  26G C   N     185  187  129.97   82.20   86.64    2.38  -62.40  169.14   31.03
    6         26G  26G N   CA    187  188  -63.78    8.50                  -41.20
    7   2225  30V  31S C   N     218  220  -98.76  -72.40   49.46    3.75   56.90  172.42   15.26
    7         31S  31S N   CA    220  221  110.55  152.40                   36.40


report______> Distribution of short non-bonded contacts:


DISTANCE1:  0.00 2.10 2.20 2.30 2.40 2.50 2.60 2.70 2.80 2.90 3.00 3.10 3.20 3.30 3.40
DISTANCE2:  2.10 2.20 2.30 2.40 2.50 2.60 2.70 2.80 2.90 3.00 3.10 3.20 3.30 3.40 3.50
FREQUENCY:     0    0    0    0    0    2    3   30   44   68   52   71   95  103   92


<< end of ENERGY.
>> Model assessment by DOPE potential
iatmcls_286W> MODEL atom not classified:  SER:OXT  SER


>> ENERGY; Differences between the model's features and restraints:
Number of all residues in MODEL                   :       83
Number of all, selected real atoms                :      656     656
Number of all, selected pseudo atoms              :        0       0
Number of all static, selected restraints         :     4690    4690
COVALENT_CYS                                      :        F
NONBONDED_SEL_ATOMS                               :        1
Number of non-bonded pairs (excluding 1-2,1-3,1-4):    39142
Dynamic pairs routine                             : 1, NATM x NATM double loop
Atomic shift for contacts update (UPDATE_DYNAMIC) :    0.390
LENNARD_JONES_SWITCH                              :    6.500   7.500
COULOMB_JONES_SWITCH                              :    6.500   7.500
RESIDUE_SPAN_RANGE                                :        1    9999
NLOGN_USE                                         :       15
CONTACT_SHELL                                     :   15.000
DYNAMIC_PAIRS,_SPHERE,_COULOMB,_LENNARD,_MODELLER :        T       F       F       F       T
SPHERE_STDV                                       :    0.050
RADII_FACTOR                                      :    0.820
Current energy                                    :       -5331.2656




<< end of ENERGY.
DOPE score               : -5331.265625
>> Model assessment by GA341 potential

Surface library          : /root/miniconda3/envs/snake/lib/modeller-10.6/modlib/surf5.de
Pair library             : /root/miniconda3/envs/snake/lib/modeller-10.6/modlib/pair9.de
Chain identifier         : _
% sequence identity      :   100.000000
Sequence length          :           83
Compactness              :     0.019121
Native energy (pair)     :  -176.303477
Native energy (surface)  :     6.635365
Native energy (combined) :    -2.049846
Z score (pair)           :    -3.296768
Z score (surface)        :    -2.559235
Z score (combined)       :    -4.022068
GA341 score              :     1.000000



>> ENERGY; Differences between the model's features and restraints:
Number of all residues in MODEL                   :       83
Number of all, selected real atoms                :      656     656
Number of all, selected pseudo atoms              :        0       0
Number of all static, selected restraints         :     4690    4690
COVALENT_CYS                                      :        F
NONBONDED_SEL_ATOMS                               :        1
Number of non-bonded pairs (excluding 1-2,1-3,1-4):     1212
Dynamic pairs routine                             : 2, NATM x NATM cell sorting
Atomic shift for contacts update (UPDATE_DYNAMIC) :    0.390
LENNARD_JONES_SWITCH                              :    6.500   7.500
COULOMB_JONES_SWITCH                              :    6.500   7.500
RESIDUE_SPAN_RANGE                                :        0   99999
NLOGN_USE                                         :       15
CONTACT_SHELL                                     :    4.000
DYNAMIC_PAIRS,_SPHERE,_COULOMB,_LENNARD,_MODELLER :        T       T       F       F       F
SPHERE_STDV                                       :    0.050
RADII_FACTOR                                      :    0.820
Current energy                                    :         737.6572





Summary of the restraint violations: 

   NUM     ... number of restraints.
   NUMVI   ... number of restraints with RVIOL > VIOL_REPORT_CUT[i].
   RVIOL   ... relative difference from the best value.
   NUMVP   ... number of restraints with -Ln(pdf) > VIOL_REPORT_CUT2[i].
   RMS_1   ... RMS(feature, minimally_violated_basis_restraint, NUMB).
   RMS_2   ... RMS(feature, best_value, NUMB).
   MOL.PDF ... scaled contribution to -Ln(Molecular pdf).

 #                     RESTRAINT_GROUP      NUM   NUMVI  NUMVP   RMS_1   RMS_2         MOL.PDF     S_i
------------------------------------------------------------------------------------------------------
 1 Bond length potential              :     665       0      0   0.008   0.008      12.660       1.000
 2 Bond angle potential               :     894       0      2   2.001   2.001      68.118       1.000
 3 Stereochemical cosine torsion poten:     392       0     10  46.637  46.637      137.58       1.000
 4 Stereochemical improper torsion pot:     244       0      0   1.178   1.178      6.7458       1.000
 5 Soft-sphere overlap restraints     :    1212       0      0   0.002   0.002     0.32460       1.000
 6 Lennard-Jones 6-12 potential       :       0       0      0   0.000   0.000      0.0000       1.000
 7 Coulomb point-point electrostatic p:       0       0      0   0.000   0.000      0.0000       1.000
 8 H-bonding potential                :       0       0      0   0.000   0.000      0.0000       1.000
 9 Distance restraints 1 (CA-CA)      :     381      17     36   1.000   1.000      233.52       1.000
10 Distance restraints 2 (N-O)        :     574       1     22   0.636   0.636      119.77       1.000
11 Mainchain Phi dihedral restraints  :       0       0      0   0.000   0.000      0.0000       1.000
12 Mainchain Psi dihedral restraints  :       0       0      0   0.000   0.000      0.0000       1.000
13 Mainchain Omega dihedral restraints:      82       0      0   2.959   2.959      7.1123       1.000
14 Sidechain Chi_1 dihedral restraints:      75       0      0  70.266  70.266      16.234       1.000
15 Sidechain Chi_2 dihedral restraints:      56       0      1  69.143  69.143      20.679       1.000
16 Sidechain Chi_3 dihedral restraints:      30       0      0  71.678  71.678      20.613       1.000
17 Sidechain Chi_4 dihedral restraints:      13       0      0  75.594  75.594      8.0698       1.000
18 Disulfide distance restraints      :       0       0      0   0.000   0.000      0.0000       1.000
19 Disulfide angle restraints         :       0       0      0   0.000   0.000      0.0000       1.000
20 Disulfide dihedral angle restraints:       0       0      0   0.000   0.000      0.0000       1.000
21 Lower bound distance restraints    :       0       0      0   0.000   0.000      0.0000       1.000
22 Upper bound distance restraints    :       0       0      0   0.000   0.000      0.0000       1.000
23 Distance restraints 3 (SDCH-MNCH)  :    1038       0      0   0.793   0.793      55.345       1.000
24 Sidechain Chi_5 dihedral restraints:       0       0      0   0.000   0.000      0.0000       1.000
25 Phi/Psi pair of dihedral restraints:      81       5     11  34.292  57.129      7.6885       1.000
26 Distance restraints 4 (SDCH-SDCH)  :     165       0      0   1.060   1.060      23.200       1.000
27 Distance restraints 5 (X-Y)        :       0       0      0   0.000   0.000      0.0000       1.000
28 NMR distance restraints 6 (X-Y)    :       0       0      0   0.000   0.000      0.0000       1.000
29 NMR distance restraints 7 (X-Y)    :       0       0      0   0.000   0.000      0.0000       1.000
30 Minimal distance restraints        :       0       0      0   0.000   0.000      0.0000       1.000
31 Non-bonded restraints              :       0       0      0   0.000   0.000      0.0000       1.000
32 Atomic accessibility restraints    :       0       0      0   0.000   0.000      0.0000       1.000
33 Atomic density restraints          :       0       0      0   0.000   0.000      0.0000       1.000
34 Absolute position restraints       :       0       0      0   0.000   0.000      0.0000       1.000
35 Dihedral angle difference restraint:       0       0      0   0.000   0.000      0.0000       1.000
36 GBSA implicit solvent potential    :       0       0      0   0.000   0.000      0.0000       1.000
37 EM density fitting potential       :       0       0      0   0.000   0.000      0.0000       1.000
38 SAXS restraints                    :       0       0      0   0.000   0.000      0.0000       1.000
39 Symmetry restraints                :       0       0      0   0.000   0.000      0.0000       1.000



# Heavy relative violation of each residue is written to: 6DXR_1.V99990003
# The profile is NOT normalized by the number of restraints.
# The profiles are smoothed over a window of residues:    1
# The sum of all numbers in the file:    8041.4746



List of the violated restraints:
   A restraint is violated when the relative difference
   from the best value (RVIOL) is larger than CUTOFF.

   ICSR   ... index of a restraint in the current set.
   RESNO  ... residue numbers of the first two atoms.
   ATM    ... IUPAC atom names of the first two atoms.
   FEAT   ... the value of the feature in the model.
   restr  ... the mean of the basis restraint with the smallest
              difference from the model (local minimum).
   viol   ... difference from the local minimum.
   rviol  ... relative difference from the local minimum.
   RESTR  ... the best value (global minimum).
   VIOL   ... difference from the best value.
   RVIOL  ... relative difference from the best value.


-------------------------------------------------------------------------------------------------

Feature 25                           : Phi/Psi pair of dihedral restraints     
List of the RVIOL violations larger than   :       6.5000

    #   ICSR  RESNO1/2 ATM1/2   INDATM1/2    FEAT   restr    viol   rviol   RESTR    VIOL   RVIOL
    1   2199   4F   5L C   N      37   39   64.69  -70.70  136.42   11.83 -108.50  173.36    8.17
    1          5L   5L N   CA     39   40  124.83  141.60                  132.50
    2   2200   5L   6S C   N      45   47 -176.10 -136.60   44.56    1.37  -64.10 -170.25   21.83
    2          6S   6S N   CA     47   48  171.82  151.20                  -35.00
    3   2213  18L  19E C   N     139  141 -123.59 -117.80   68.07    3.31   54.60 -119.03   15.50
    3         19E  19E N   CA    141  142 -155.37  136.80                   42.40
    4   2216  21P  22A C   N     159  161 -165.42 -134.00   36.39    0.85  -62.50 -174.98   35.77
    4         22A  22A N   CA    161  162  165.36  147.00                  -40.90
    5   2218  23P  24A C   N     171  173  150.94 -134.00   97.42    2.63   55.40 -164.22   19.37
    5         24A  24A N   CA    173  174 -150.91  147.00                   38.20


report______> Distribution of short non-bonded contacts:


DISTANCE1:  0.00 2.10 2.20 2.30 2.40 2.50 2.60 2.70 2.80 2.90 3.00 3.10 3.20 3.30 3.40
DISTANCE2:  2.10 2.20 2.30 2.40 2.50 2.60 2.70 2.80 2.90 3.00 3.10 3.20 3.30 3.40 3.50
FREQUENCY:     0    0    0    0    0    1    7   29   48   65   52   79  103  100   92


<< end of ENERGY.
>> Model assessment by DOPE potential
iatmcls_286W> MODEL atom not classified:  SER:OXT  SER


>> ENERGY; Differences between the model's features and restraints:
Number of all residues in MODEL                   :       83
Number of all, selected real atoms                :      656     656
Number of all, selected pseudo atoms              :        0       0
Number of all static, selected restraints         :     4690    4690
COVALENT_CYS                                      :        F
NONBONDED_SEL_ATOMS                               :        1
Number of non-bonded pairs (excluding 1-2,1-3,1-4):    47835
Dynamic pairs routine                             : 1, NATM x NATM double loop
Atomic shift for contacts update (UPDATE_DYNAMIC) :    0.390
LENNARD_JONES_SWITCH                              :    6.500   7.500
COULOMB_JONES_SWITCH                              :    6.500   7.500
RESIDUE_SPAN_RANGE                                :        1    9999
NLOGN_USE                                         :       15
CONTACT_SHELL                                     :   15.000
DYNAMIC_PAIRS,_SPHERE,_COULOMB,_LENNARD,_MODELLER :        T       F       F       F       T
SPHERE_STDV                                       :    0.050
RADII_FACTOR                                      :    0.820
Current energy                                    :       -5717.0347




<< end of ENERGY.
DOPE score               : -5717.034668
>> Model assessment by GA341 potential

Surface library          : /root/miniconda3/envs/snake/lib/modeller-10.6/modlib/surf5.de
Pair library             : /root/miniconda3/envs/snake/lib/modeller-10.6/modlib/pair9.de
Chain identifier         : _
% sequence identity      :   100.000000
Sequence length          :           83
Compactness              :     0.026316
Native energy (pair)     :  -140.985749
Native energy (surface)  :    10.877855
Native energy (combined) :     2.909470
Z score (pair)           :    -2.957298
Z score (surface)        :     1.091419
Z score (combined)       :    -1.192769
GA341 score              :     0.875398



>> ENERGY; Differences between the model's features and restraints:
Number of all residues in MODEL                   :       83
Number of all, selected real atoms                :      656     656
Number of all, selected pseudo atoms              :        0       0
Number of all static, selected restraints         :     4690    4690
COVALENT_CYS                                      :        F
NONBONDED_SEL_ATOMS                               :        1
Number of non-bonded pairs (excluding 1-2,1-3,1-4):     1145
Dynamic pairs routine                             : 2, NATM x NATM cell sorting
Atomic shift for contacts update (UPDATE_DYNAMIC) :    0.390
LENNARD_JONES_SWITCH                              :    6.500   7.500
COULOMB_JONES_SWITCH                              :    6.500   7.500
RESIDUE_SPAN_RANGE                                :        0   99999
NLOGN_USE                                         :       15
CONTACT_SHELL                                     :    4.000
DYNAMIC_PAIRS,_SPHERE,_COULOMB,_LENNARD,_MODELLER :        T       T       F       F       F
SPHERE_STDV                                       :    0.050
RADII_FACTOR                                      :    0.820
Current energy                                    :         728.4187





Summary of the restraint violations: 

   NUM     ... number of restraints.
   NUMVI   ... number of restraints with RVIOL > VIOL_REPORT_CUT[i].
   RVIOL   ... relative difference from the best value.
   NUMVP   ... number of restraints with -Ln(pdf) > VIOL_REPORT_CUT2[i].
   RMS_1   ... RMS(feature, minimally_violated_basis_restraint, NUMB).
   RMS_2   ... RMS(feature, best_value, NUMB).
   MOL.PDF ... scaled contribution to -Ln(Molecular pdf).

 #                     RESTRAINT_GROUP      NUM   NUMVI  NUMVP   RMS_1   RMS_2         MOL.PDF     S_i
------------------------------------------------------------------------------------------------------
 1 Bond length potential              :     665       0      0   0.008   0.008      13.204       1.000
 2 Bond angle potential               :     894       0      2   1.964   1.964      67.609       1.000
 3 Stereochemical cosine torsion poten:     392       0      9  43.810  43.810      126.61       1.000
 4 Stereochemical improper torsion pot:     244       0      0   1.173   1.173      6.8489       1.000
 5 Soft-sphere overlap restraints     :    1145       0      0   0.002   0.002     0.40672       1.000
 6 Lennard-Jones 6-12 potential       :       0       0      0   0.000   0.000      0.0000       1.000
 7 Coulomb point-point electrostatic p:       0       0      0   0.000   0.000      0.0000       1.000
 8 H-bonding potential                :       0       0      0   0.000   0.000      0.0000       1.000
 9 Distance restraints 1 (CA-CA)      :     381      16     35   1.013   1.013      247.94       1.000
10 Distance restraints 2 (N-O)        :     574       1     23   0.676   0.676      134.04       1.000
11 Mainchain Phi dihedral restraints  :       0       0      0   0.000   0.000      0.0000       1.000
12 Mainchain Psi dihedral restraints  :       0       0      0   0.000   0.000      0.0000       1.000
13 Mainchain Omega dihedral restraints:      82       0      0   3.442   3.442      10.202       1.000
14 Sidechain Chi_1 dihedral restraints:      75       0      0  72.524  72.524      16.852       1.000
15 Sidechain Chi_2 dihedral restraints:      56       0      0  65.692  65.692      21.256       1.000
16 Sidechain Chi_3 dihedral restraints:      30       0      0  80.525  80.525      18.728       1.000
17 Sidechain Chi_4 dihedral restraints:      13       0      0  61.481  61.481      6.9180       1.000
18 Disulfide distance restraints      :       0       0      0   0.000   0.000      0.0000       1.000
19 Disulfide angle restraints         :       0       0      0   0.000   0.000      0.0000       1.000
20 Disulfide dihedral angle restraints:       0       0      0   0.000   0.000      0.0000       1.000
21 Lower bound distance restraints    :       0       0      0   0.000   0.000      0.0000       1.000
22 Upper bound distance restraints    :       0       0      0   0.000   0.000      0.0000       1.000
23 Distance restraints 3 (SDCH-MNCH)  :    1038       0      0   0.615   0.615      46.986       1.000
24 Sidechain Chi_5 dihedral restraints:       0       0      0   0.000   0.000      0.0000       1.000
25 Phi/Psi pair of dihedral restraints:      81       4     13  31.088  52.605     -10.804       1.000
26 Distance restraints 4 (SDCH-SDCH)  :     165       0      0   1.023   1.023      21.626       1.000
27 Distance restraints 5 (X-Y)        :       0       0      0   0.000   0.000      0.0000       1.000
28 NMR distance restraints 6 (X-Y)    :       0       0      0   0.000   0.000      0.0000       1.000
29 NMR distance restraints 7 (X-Y)    :       0       0      0   0.000   0.000      0.0000       1.000
30 Minimal distance restraints        :       0       0      0   0.000   0.000      0.0000       1.000
31 Non-bonded restraints              :       0       0      0   0.000   0.000      0.0000       1.000
32 Atomic accessibility restraints    :       0       0      0   0.000   0.000      0.0000       1.000
33 Atomic density restraints          :       0       0      0   0.000   0.000      0.0000       1.000
34 Absolute position restraints       :       0       0      0   0.000   0.000      0.0000       1.000
35 Dihedral angle difference restraint:       0       0      0   0.000   0.000      0.0000       1.000
36 GBSA implicit solvent potential    :       0       0      0   0.000   0.000      0.0000       1.000
37 EM density fitting potential       :       0       0      0   0.000   0.000      0.0000       1.000
38 SAXS restraints                    :       0       0      0   0.000   0.000      0.0000       1.000
39 Symmetry restraints                :       0       0      0   0.000   0.000      0.0000       1.000



# Heavy relative violation of each residue is written to: 6DXR_1.V99990004
# The profile is NOT normalized by the number of restraints.
# The profiles are smoothed over a window of residues:    1
# The sum of all numbers in the file:    8109.6196



List of the violated restraints:
   A restraint is violated when the relative difference
   from the best value (RVIOL) is larger than CUTOFF.

   ICSR   ... index of a restraint in the current set.
   RESNO  ... residue numbers of the first two atoms.
   ATM    ... IUPAC atom names of the first two atoms.
   FEAT   ... the value of the feature in the model.
   restr  ... the mean of the basis restraint with the smallest
              difference from the model (local minimum).
   viol   ... difference from the local minimum.
   rviol  ... relative difference from the local minimum.
   RESTR  ... the best value (global minimum).
   VIOL   ... difference from the best value.
   RVIOL  ... relative difference from the best value.


-------------------------------------------------------------------------------------------------

Feature 25                           : Phi/Psi pair of dihedral restraints     
List of the RVIOL violations larger than   :       6.5000

    #   ICSR  RESNO1/2 ATM1/2   INDATM1/2    FEAT   restr    viol   rviol   RESTR    VIOL   RVIOL
    1   2200   5L   6S C   N      45   47 -151.53 -136.60   44.52    1.89  -64.10  158.21   17.77
    1          6S   6S N   CA     47   48 -166.86  151.20                  -35.00
    2   2213  18L  19E C   N     139  141 -131.35 -117.80   30.57    1.21   54.60 -147.56   27.69
    2         19E  19E N   CA    141  142  164.20  136.80                   42.40
    3   2216  21P  22A C   N     159  161 -162.20 -134.00   28.78    0.76  -62.50 -166.06   37.09
    3         22A  22A N   CA    161  162  152.76  147.00                  -40.90
    4   2218  23P  24A C   N     171  173  -89.46  -68.20   37.10    2.36   55.40 -160.27   10.93
    4         24A  24A N   CA    173  174  175.70  145.30                   38.20


report______> Distribution of short non-bonded contacts:


DISTANCE1:  0.00 2.10 2.20 2.30 2.40 2.50 2.60 2.70 2.80 2.90 3.00 3.10 3.20 3.30 3.40
DISTANCE2:  2.10 2.20 2.30 2.40 2.50 2.60 2.70 2.80 2.90 3.00 3.10 3.20 3.30 3.40 3.50
FREQUENCY:     0    0    0    0    0    2    4   36   53   46   46   63  104  117   74


<< end of ENERGY.
>> Model assessment by DOPE potential
iatmcls_286W> MODEL atom not classified:  SER:OXT  SER


>> ENERGY; Differences between the model's features and restraints:
Number of all residues in MODEL                   :       83
Number of all, selected real atoms                :      656     656
Number of all, selected pseudo atoms              :        0       0
Number of all static, selected restraints         :     4690    4690
COVALENT_CYS                                      :        F
NONBONDED_SEL_ATOMS                               :        1
Number of non-bonded pairs (excluding 1-2,1-3,1-4):    46536
Dynamic pairs routine                             : 1, NATM x NATM double loop
Atomic shift for contacts update (UPDATE_DYNAMIC) :    0.390
LENNARD_JONES_SWITCH                              :    6.500   7.500
COULOMB_JONES_SWITCH                              :    6.500   7.500
RESIDUE_SPAN_RANGE                                :        1    9999
NLOGN_USE                                         :       15
CONTACT_SHELL                                     :   15.000
DYNAMIC_PAIRS,_SPHERE,_COULOMB,_LENNARD,_MODELLER :        T       F       F       F       T
SPHERE_STDV                                       :    0.050
RADII_FACTOR                                      :    0.820
Current energy                                    :       -5410.2075




<< end of ENERGY.
DOPE score               : -5410.207520
>> Model assessment by GA341 potential

Surface library          : /root/miniconda3/envs/snake/lib/modeller-10.6/modlib/surf5.de
Pair library             : /root/miniconda3/envs/snake/lib/modeller-10.6/modlib/pair9.de
Chain identifier         : _
% sequence identity      :   100.000000
Sequence length          :           83
Compactness              :     0.038131
Native energy (pair)     :  -101.466503
Native energy (surface)  :     5.537785
Native energy (combined) :    -0.284358
Z score (pair)           :    -2.465648
Z score (surface)        :    -2.550480
Z score (combined)       :    -3.343485
GA341 score              :     1.000000



>> ENERGY; Differences between the model's features and restraints:
Number of all residues in MODEL                   :       83
Number of all, selected real atoms                :      656     656
Number of all, selected pseudo atoms              :        0       0
Number of all static, selected restraints         :     4690    4690
COVALENT_CYS                                      :        F
NONBONDED_SEL_ATOMS                               :        1
Number of non-bonded pairs (excluding 1-2,1-3,1-4):     1225
Dynamic pairs routine                             : 2, NATM x NATM cell sorting
Atomic shift for contacts update (UPDATE_DYNAMIC) :    0.390
LENNARD_JONES_SWITCH                              :    6.500   7.500
COULOMB_JONES_SWITCH                              :    6.500   7.500
RESIDUE_SPAN_RANGE                                :        0   99999
NLOGN_USE                                         :       15
CONTACT_SHELL                                     :    4.000
DYNAMIC_PAIRS,_SPHERE,_COULOMB,_LENNARD,_MODELLER :        T       T       F       F       F
SPHERE_STDV                                       :    0.050
RADII_FACTOR                                      :    0.820
Current energy                                    :         818.3088





Summary of the restraint violations: 

   NUM     ... number of restraints.
   NUMVI   ... number of restraints with RVIOL > VIOL_REPORT_CUT[i].
   RVIOL   ... relative difference from the best value.
   NUMVP   ... number of restraints with -Ln(pdf) > VIOL_REPORT_CUT2[i].
   RMS_1   ... RMS(feature, minimally_violated_basis_restraint, NUMB).
   RMS_2   ... RMS(feature, best_value, NUMB).
   MOL.PDF ... scaled contribution to -Ln(Molecular pdf).

 #                     RESTRAINT_GROUP      NUM   NUMVI  NUMVP   RMS_1   RMS_2         MOL.PDF     S_i
------------------------------------------------------------------------------------------------------
 1 Bond length potential              :     665       0      0   0.009   0.009      15.879       1.000
 2 Bond angle potential               :     894       1      3   2.256   2.256      88.452       1.000
 3 Stereochemical cosine torsion poten:     392       0      7  45.058  45.058      135.75       1.000
 4 Stereochemical improper torsion pot:     244       0      0   1.314   1.314      8.3099       1.000
 5 Soft-sphere overlap restraints     :    1225       0      0   0.002   0.002     0.66952       1.000
 6 Lennard-Jones 6-12 potential       :       0       0      0   0.000   0.000      0.0000       1.000
 7 Coulomb point-point electrostatic p:       0       0      0   0.000   0.000      0.0000       1.000
 8 H-bonding potential                :       0       0      0   0.000   0.000      0.0000       1.000
 9 Distance restraints 1 (CA-CA)      :     381      13     37   1.025   1.025      272.10       1.000
10 Distance restraints 2 (N-O)        :     574       2     19   0.659   0.659      138.65       1.000
11 Mainchain Phi dihedral restraints  :       0       0      0   0.000   0.000      0.0000       1.000
12 Mainchain Psi dihedral restraints  :       0       0      0   0.000   0.000      0.0000       1.000
13 Mainchain Omega dihedral restraints:      82       0      0   3.967   3.967      13.992       1.000
14 Sidechain Chi_1 dihedral restraints:      75       0      1  61.542  61.542      19.644       1.000
15 Sidechain Chi_2 dihedral restraints:      56       0      0  77.029  77.029      27.530       1.000
16 Sidechain Chi_3 dihedral restraints:      30       0      0  69.839  69.839      20.654       1.000
17 Sidechain Chi_4 dihedral restraints:      13       0      0  82.691  82.691      8.9240       1.000
18 Disulfide distance restraints      :       0       0      0   0.000   0.000      0.0000       1.000
19 Disulfide angle restraints         :       0       0      0   0.000   0.000      0.0000       1.000
20 Disulfide dihedral angle restraints:       0       0      0   0.000   0.000      0.0000       1.000
21 Lower bound distance restraints    :       0       0      0   0.000   0.000      0.0000       1.000
22 Upper bound distance restraints    :       0       0      0   0.000   0.000      0.0000       1.000
23 Distance restraints 3 (SDCH-MNCH)  :    1038       0      0   0.560   0.560      43.143       1.000
24 Sidechain Chi_5 dihedral restraints:       0       0      0   0.000   0.000      0.0000       1.000
25 Phi/Psi pair of dihedral restraints:      81       5     10  30.455  55.639     -4.3767       1.000
26 Distance restraints 4 (SDCH-SDCH)  :     165       0      0   1.185   1.185      28.986       1.000
27 Distance restraints 5 (X-Y)        :       0       0      0   0.000   0.000      0.0000       1.000
28 NMR distance restraints 6 (X-Y)    :       0       0      0   0.000   0.000      0.0000       1.000
29 NMR distance restraints 7 (X-Y)    :       0       0      0   0.000   0.000      0.0000       1.000
30 Minimal distance restraints        :       0       0      0   0.000   0.000      0.0000       1.000
31 Non-bonded restraints              :       0       0      0   0.000   0.000      0.0000       1.000
32 Atomic accessibility restraints    :       0       0      0   0.000   0.000      0.0000       1.000
33 Atomic density restraints          :       0       0      0   0.000   0.000      0.0000       1.000
34 Absolute position restraints       :       0       0      0   0.000   0.000      0.0000       1.000
35 Dihedral angle difference restraint:       0       0      0   0.000   0.000      0.0000       1.000
36 GBSA implicit solvent potential    :       0       0      0   0.000   0.000      0.0000       1.000
37 EM density fitting potential       :       0       0      0   0.000   0.000      0.0000       1.000
38 SAXS restraints                    :       0       0      0   0.000   0.000      0.0000       1.000
39 Symmetry restraints                :       0       0      0   0.000   0.000      0.0000       1.000



# Heavy relative violation of each residue is written to: 6DXR_1.V99990005
# The profile is NOT normalized by the number of restraints.
# The profiles are smoothed over a window of residues:    1
# The sum of all numbers in the file:    8723.3340



List of the violated restraints:
   A restraint is violated when the relative difference
   from the best value (RVIOL) is larger than CUTOFF.

   ICSR   ... index of a restraint in the current set.
   RESNO  ... residue numbers of the first two atoms.
   ATM    ... IUPAC atom names of the first two atoms.
   FEAT   ... the value of the feature in the model.
   restr  ... the mean of the basis restraint with the smallest
              difference from the model (local minimum).
   viol   ... difference from the local minimum.
   rviol  ... relative difference from the local minimum.
   RESTR  ... the best value (global minimum).
   VIOL   ... difference from the best value.
   RVIOL  ... relative difference from the best value.


-------------------------------------------------------------------------------------------------

Feature  2                           : Bond angle potential                    
List of the RVIOL violations larger than   :       4.5000

    #   ICSR  RESNO1/2 ATM1/2   INDATM1/2    FEAT   restr    viol   rviol   RESTR    VIOL   RVIOL
    1    967  30V  30V N   CA    213  214  122.70  107.00   15.70    4.51  107.00   15.70    4.51

-------------------------------------------------------------------------------------------------

Feature 25                           : Phi/Psi pair of dihedral restraints     
List of the RVIOL violations larger than   :       6.5000

    #   ICSR  RESNO1/2 ATM1/2   INDATM1/2    FEAT   restr    viol   rviol   RESTR    VIOL   RVIOL
    1   2200   5L   6S C   N      45   47 -149.92 -136.60   14.91    0.46  -64.10 -172.15   19.77
    1          6S   6S N   CA     47   48  157.90  151.20                  -35.00
    2   2213  18L  19E C   N     139  141 -147.75 -117.80   34.91    1.02   54.60 -166.42   25.21
    2         19E  19E N   CA    141  142  154.73  136.80                   42.40
    3   2216  21P  22A C   N     159  161 -131.18 -134.00    6.49    0.40  -62.50  179.89   33.16
    3         22A  22A N   CA    161  162  152.84  147.00                  -40.90
    4   2218  23P  24A C   N     171  173 -107.69 -134.00   30.79    1.62   55.40 -154.65   13.02
    4         24A  24A N   CA    173  174  162.99  147.00                   38.20
    5   2220  25Q  26G C   N     185  187   87.37   82.20   45.35    2.46  -62.40  177.23   33.48
    5         26G  26G N   CA    187  188   53.56    8.50                  -41.20


report______> Distribution of short non-bonded contacts:


DISTANCE1:  0.00 2.10 2.20 2.30 2.40 2.50 2.60 2.70 2.80 2.90 3.00 3.10 3.20 3.30 3.40
DISTANCE2:  2.10 2.20 2.30 2.40 2.50 2.60 2.70 2.80 2.90 3.00 3.10 3.20 3.30 3.40 3.50
FREQUENCY:     0    0    0    0    0    3   11   33   55   64   55   81  108  103   85


<< end of ENERGY.

>> Summary of successfully produced models:
Filename                          molpdf     DOPE score    GA341 score
----------------------------------------------------------------------
6DXR_1.B99990001.pdb           786.61572    -5323.90723        1.00000
6DXR_1.B99990002.pdb           693.27142    -5249.26123        1.00000
6DXR_1.B99990003.pdb           737.65717    -5331.26562        1.00000
6DXR_1.B99990004.pdb           728.41870    -5717.03467        0.87540
6DXR_1.B99990005.pdb           818.30878    -5410.20752        1.00000

Modeling complete. Target: 6DXR_1, Template: 6dvuA
