
Using parameters from /workspace/modeller/scwrl4//Scwrl4.ini

<Timing tag = "Loading_PDB_file"  duration = "0.001" />

Using rotamer library: /workspace/modeller/scwrl4/bbDepRotLib.bin

Residue A   1  is being treated as N-terminal

Residue A  83  is being treated as C-terminal

<Timing tag = "Adding_residues"  duration = "0.001" />

<Timing tag = "Creating_Default_Rotamers"  duration = "0.013" />

<Timing tag = "Building_Atoms_Sets"  duration = "0.002" />

<Timing tag = "Building_Flexible_Subrotamers"  duration = "0.002" />

<Timing tag = "Computing_Symmetry_Operators"  duration = "0.000" />

<Timing tag = "Updating_Self_Energies"  duration = "0.765" />

<Timing tag = "Computing_Active_Rotamers"  duration = "0.001" />

<Timing tag = "Resolving_Disulfide_Bonds"  duration = "0.000" />


Total number of subrotamer interactions = 977488

<Timing tag = "Updating_Pairwise_Energies"  duration = "0.358" />

<Timing tag = "Normalizing_Atoms_Sets"  duration = "0.000" />

<Timing tag = "Computing_Interaction_Graph"  duration = "1.128" />
 

<Timing tag = "Building_Atoms_Sets"  duration = "0.002" />

<Timing tag = "Building_Flexible_Subrotamers"  duration = "0.002" />

<Timing tag = "Computing_Symmetry_Operators"  duration = "0.000" />

<Timing tag = "Updating_Self_Energies"  duration = "0.002" />

<Timing tag = "Computing_Active_Rotamers"  duration = "0.000" />

<Timing tag = "Resolving_Disulfide_Bonds"  duration = "0.000" />


Total number of subrotamer interactions = 0

<Timing tag = "Updating_Pairwise_Energies"  duration = "0.001" />

<Timing tag = "Normalizing_Atoms_Sets"  duration = "0.000" />


Running Goldstein's DEE (version G)
:::::::::::::::::::::::::::::::::::

Initial number of residues - 74
Initial number of rotamers - 972

	112 redundant edges eliminated

	Isolated residues removed - 4 

round 1:
	40 redundant edges eliminated

	Isolated residues removed - 34 
	Rotamers eliminated  -  823

round 2:
	3 redundant edges eliminated

	Isolated residues removed - 5 
	Rotamers eliminated  -  33

round 3:
	0 redundant edges eliminated

	Isolated residues removed - 1 
	Rotamers eliminated  -  4

round 4:
	0 redundant edges eliminated

	Isolated residues removed - 1 
	Rotamers eliminated  -  2

round 5:
	0 redundant edges eliminated

	Isolated residues removed - 0 
	Rotamers eliminated  -  0
Energy accumulated during DEE = 91.434
<Timing tag = "DEE"  duration = "0.003" />

Searching for clusters... 10 clusters found

Processing cluster of 2 vertices

Redundant nodes eliminated : 1
Tree-decomposition has been built. Width+1 = 1

Total combinations to search = 4
   0        :   ->   30  20

ArtPts =  0	MaxDegree =  0	MaxBag =  1	AvgBag = 2

<Trace tag = "Deciding_on_the_root_node" >

Number of combinations = 4
<Timing tag = "Deciding_on_the_root_node"  duration = "0.000" />
</Trace>
<Trace tag = "Top_To_Bottom" >

<Timing tag = "Top_To_Bottom"  duration = "0.000" />
</Trace>
Energy of this cluster = 4.21034


Processing cluster of 2 vertices

Redundant nodes eliminated : 1
Tree-decomposition has been built. Width+1 = 1

Total combinations to search = 4
   0        :   ->    2   3

ArtPts =  0	MaxDegree =  0	MaxBag =  1	AvgBag = 2

<Trace tag = "Deciding_on_the_root_node" >

Number of combinations = 4
<Timing tag = "Deciding_on_the_root_node"  duration = "0.000" />
</Trace>
<Trace tag = "Top_To_Bottom" >

<Timing tag = "Top_To_Bottom"  duration = "0.000" />
</Trace>
Energy of this cluster = 8.12309


Processing cluster of 2 vertices

Redundant nodes eliminated : 1
Tree-decomposition has been built. Width+1 = 1

Total combinations to search = 4
   0        :   ->    4   5

ArtPts =  0	MaxDegree =  0	MaxBag =  1	AvgBag = 2

<Trace tag = "Deciding_on_the_root_node" >

Number of combinations = 4
<Timing tag = "Deciding_on_the_root_node"  duration = "0.000" />
</Trace>
<Trace tag = "Top_To_Bottom" >

<Timing tag = "Top_To_Bottom"  duration = "0.000" />
</Trace>
Energy of this cluster = 4.35504


Processing cluster of 2 vertices

Redundant nodes eliminated : 1
Tree-decomposition has been built. Width+1 = 1

Total combinations to search = 1.6e+1
   0        :   ->   38  41

ArtPts =  0	MaxDegree =  0	MaxBag =  1	AvgBag = 2

<Trace tag = "Deciding_on_the_root_node" >

Number of combinations = 1.6e+1
<Timing tag = "Deciding_on_the_root_node"  duration = "0.000" />
</Trace>
<Trace tag = "Top_To_Bottom" >

<Timing tag = "Top_To_Bottom"  duration = "0.000" />
</Trace>
Energy of this cluster = 7.49709


Processing cluster of 2 vertices

Redundant nodes eliminated : 1
Tree-decomposition has been built. Width+1 = 1

Total combinations to search = 2.4e+1
   0        :   ->   68  64

ArtPts =  0	MaxDegree =  0	MaxBag =  1	AvgBag = 2

<Trace tag = "Deciding_on_the_root_node" >

Number of combinations = 2.4e+1
<Timing tag = "Deciding_on_the_root_node"  duration = "0.000" />
</Trace>
<Trace tag = "Top_To_Bottom" >

<Timing tag = "Top_To_Bottom"  duration = "0.000" />
</Trace>
Energy of this cluster = 5.66374


Processing cluster of 11 vertices

Redundant nodes eliminated : 3
Tree-decomposition has been built. Width+1 = 2

Total combinations to search = 3.7e+2
   7(   6 ) :   42  49  ->   46
   6        :   ->   42  49  45
   5(   7 ) :   46  ->   43  14
   4(   5 ) :   46  ->   15
   3(   7 ) :   49  ->   55
   2(   3 ) :   55  ->   59
   1(   2 ) :   59  ->   63
   0(   1 ) :   63  ->   67

ArtPts =  0	MaxDegree =  3	MaxBag =  2	AvgBag = 2.375

===============================
Launching bottom-to-top process
Combinations:
	in intersections -  52
	in exclusions   -  343.2
	total to search  - 3.1e+02

Maximal size of a key is 20 elements

Processing nodes .......
<Timing tag = "Bottom_To_Top"  duration = "0.008" />

<Trace tag = "Deciding_on_the_root_node" >

Number of combinations = 6e+1
<Timing tag = "Deciding_on_the_root_node"  duration = "0.000" />
</Trace>
<Trace tag = "Top_To_Bottom" >

<Timing tag = "Top_To_Bottom"  duration = "0.000" />
</Trace>
Energy of this cluster = 35.288


Processing cluster of 2 vertices

Redundant nodes eliminated : 1
Tree-decomposition has been built. Width+1 = 1

Total combinations to search = 6
   0        :   ->   65  61

ArtPts =  0	MaxDegree =  0	MaxBag =  1	AvgBag = 2

<Trace tag = "Deciding_on_the_root_node" >

Number of combinations = 6
<Timing tag = "Deciding_on_the_root_node"  duration = "0.000" />
</Trace>
<Trace tag = "Top_To_Bottom" >

<Timing tag = "Top_To_Bottom"  duration = "0.000" />
</Trace>
Energy of this cluster = 5.48379


Processing cluster of 2 vertices

Redundant nodes eliminated : 1
Tree-decomposition has been built. Width+1 = 1

Total combinations to search = 4
   0        :   ->   16  18

ArtPts =  0	MaxDegree =  0	MaxBag =  1	AvgBag = 2

<Trace tag = "Deciding_on_the_root_node" >

Number of combinations = 4
<Timing tag = "Deciding_on_the_root_node"  duration = "0.000" />
</Trace>
<Trace tag = "Top_To_Bottom" >

<Timing tag = "Top_To_Bottom"  duration = "0.000" />
</Trace>
Energy of this cluster = 5.22541


Processing cluster of 2 vertices

Redundant nodes eliminated : 1
Tree-decomposition has been built. Width+1 = 1

Total combinations to search = 9
   0        :   ->   51  54

ArtPts =  0	MaxDegree =  0	MaxBag =  1	AvgBag = 2

<Trace tag = "Deciding_on_the_root_node" >

Number of combinations = 9
<Timing tag = "Deciding_on_the_root_node"  duration = "0.000" />
</Trace>
<Trace tag = "Top_To_Bottom" >

<Timing tag = "Top_To_Bottom"  duration = "0.000" />
</Trace>
Energy of this cluster = 5.4869


Processing cluster of 2 vertices

Redundant nodes eliminated : 1
Tree-decomposition has been built. Width+1 = 1

Total combinations to search = 4
   0        :   ->   56  57

ArtPts =  0	MaxDegree =  0	MaxBag =  1	AvgBag = 2

<Trace tag = "Deciding_on_the_root_node" >

Number of combinations = 4
<Timing tag = "Deciding_on_the_root_node"  duration = "0.000" />
</Trace>
<Trace tag = "Top_To_Bottom" >

<Timing tag = "Top_To_Bottom"  duration = "0.000" />
</Trace>
Energy of this cluster = 7.49552


Total minimal energy of the graph = 180.263

<Timing tag = "Combinatorial_Search"  duration = "0.011" />

<Timing tag = "Deriving_Optimum"  duration = "0.018" />

<Timing tag = "Saving_to_PDB_file"  duration = "0.002" />


Deleting workspace.

<Timing tag = "Scwrl4_Execution"  duration = "1.174" />

