
                         MODELLER 10.6, 2024/10/17, r12888

     PROTEIN STRUCTURE MODELLING BY SATISFACTION OF SPATIAL RESTRAINTS


                     Copyright(c) 1989-2024 Andrej Sali
                            All Rights Reserved

                             Written by A. Sali
                               with help from
              B. Webb, M.S. Madhusudhan, M-Y. Shen, G.Q. Dong,
          M.A. Marti-Renom, N. Eswar, F. Alber, M. Topf, B. Oliva,
             A. Fiser, R. Sanchez, B. Yerkovich, A. Badretdinov,
                     F. Melo, J.P. Overington, E. Feyfant
                 University of California, San Francisco, USA
                    Rockefeller University, New York, USA
                      Harvard University, Cambridge, USA
                   Imperial Cancer Research Fund, London, UK
              Birkbeck College, University of London, London, UK


Kind, OS, HostName, Kernel, Processor: 4, Linux 5a8e3f68e509 5.4.0-107-generic x86_64
Date and time of compilation         : 2024/10/17 20:34:40
MODELLER executable type             : x86_64-intel8
Job starting time (YY/MM/DD HH:MM:SS): 2024/12/24 06:43:48

openf___224_> Open           $(LIB)/restyp.lib
openf___224_> Open           ${MODINSTALL10v6}/modlib/resgrp.lib
rdresgr_266_> Number of residue groups:        2
openf___224_> Open           ${MODINSTALL10v6}/modlib/sstruc.lib

Dynamically allocated memory at   amaxlibraries [B,KiB,MiB]:       191566     187.076     0.183

Dynamically allocated memory at   amaxlibraries [B,KiB,MiB]:       192094     187.592     0.183
openf___224_> Open           ${MODINSTALL10v6}/modlib/resdih.lib

Dynamically allocated memory at   amaxlibraries [B,KiB,MiB]:       240694     235.053     0.230
rdrdih__263_> Number of dihedral angle types         :        9
              Maximal number of dihedral angle optima:        3
              Dihedral angle names                   :  Alph Phi Psi Omeg chi1 chi2 chi3 chi4 chi5
openf___224_> Open           ${MODINSTALL10v6}/modlib/radii.lib

Dynamically allocated memory at   amaxlibraries [B,KiB,MiB]:       253994     248.041     0.242
openf___224_> Open           ${MODINSTALL10v6}/modlib/af_mnchdef.lib
rdwilmo_274_> Mainchain residue conformation classes:  APBLE
openf___224_> Open           ${MODINSTALL10v6}/modlib/mnch.lib
rdclass_257_> Number of classes:        5
openf___224_> Open           ${MODINSTALL10v6}/modlib/mnch1.lib
openf___224_> Open           ${MODINSTALL10v6}/modlib/mnch2.lib
openf___224_> Open           ${MODINSTALL10v6}/modlib/mnch3.lib
openf___224_> Open           ${MODINSTALL10v6}/modlib/xs4.mat
rdrrwgh_268_> Number of residue types:       21
openf___224_> Open           pdb_95.pir
readlinef__W> File: pdb_95.pir, Line: 7084
              Modeller will only read the first 4096 characters of this line.

readlinef__W> File: pdb_95.pir, Line: 7105
              Modeller will only read the first 4096 characters of this line.

readlinef__W> File: pdb_95.pir, Line: 9456
              Modeller will only read the first 4096 characters of this line.

readlinef__W> File: pdb_95.pir, Line: 11794
              Modeller will only read the first 4096 characters of this line.

readlinef__W> File: pdb_95.pir, Line: 32903
              Modeller will only read the first 4096 characters of this line.

readlinef__W> File: pdb_95.pir, Line: 36925
              No more warnings will be printed for truncated lines in this file.


Dynamically allocated memory at amaxsequence_db [B,KiB,MiB]:       571564     558.168     0.545

Dynamically allocated memory at amaxsequence_db [B,KiB,MiB]:      4772715    4660.854     4.552

Dynamically allocated memory at   amaxalignment [B,KiB,MiB]:      4774957    4663.044     4.554

Dynamically allocated memory at   amaxalignment [B,KiB,MiB]:      4776407    4664.460     4.555

Dynamically allocated memory at   amaxalignment [B,KiB,MiB]:      4779307    4667.292     4.558

Dynamically allocated memory at   amaxalignment [B,KiB,MiB]:      4785107    4672.956     4.563

Dynamically allocated memory at amaxsequence_db [B,KiB,MiB]:     20638706   20154.986    19.683

Dynamically allocated memory at   amaxalignment [B,KiB,MiB]:     20650306   20166.314    19.694

Dynamically allocated memory at   amaxalignment [B,KiB,MiB]:     20673506   20188.971    19.716

Dynamically allocated memory at   amaxalignment [B,KiB,MiB]:     20719906   20234.283    19.760

Dynamically allocated memory at   amaxalignment [B,KiB,MiB]:     20812706   20324.908    19.849

Dynamically allocated memory at amaxsequence_db [B,KiB,MiB]:     28739506   28065.924    27.408

SEQ_DATABASE_FILE         : pdb_95.pir
SEQ_DATABASE_FORMAT       : PIR
CHAINS_LIST               : ALL
CLEAN_SEQUENCES           :            T
MINMAX_DB_SEQ_LEN         :           30        4000
Number of sequences       :        79268
Number of residues        :     20470869
Length of longest sequence:         3725


SEQ_DATABASE_FILE         : pdb_95.bin
SEQ_DATABASE_FORMAT       : BINARY
SEARCH_CHAINS_LIST        : ALL
Number of sequences       :        79268
Number of residues        :     20470869
Length of longest sequence:         3725


SEQ_DATABASE_FILE         : pdb_95.bin
SEQ_DATABASE_FORMAT       : BINARY
CHAINS_LIST               : ALL
CLEAN_SEQUENCES           :            T
MINMAX_DB_SEQ_LEN         :            0      999999
Number of sequences       :        79268
Number of residues        :     20470869
Length of longest sequence:         3725

openf___224_> Open           1FQ9_1.ali

Dynamically allocated memory at   amaxalignment [B,KiB,MiB]:       573884     560.434     0.547

Dynamically allocated memory at   amaxalignment [B,KiB,MiB]:       575334     561.850     0.549

Dynamically allocated memory at   amaxalignment [B,KiB,MiB]:       578234     564.682     0.551

Dynamically allocated memory at    amaxsequence [B,KiB,MiB]:       578758     565.193     0.552

Read the alignment from file       : 1FQ9_1.ali

Total number of alignment positions:   132

  #  Code        #_Res #_Segm PDB_code    Name
-------------------------------------------------------------------------------
  1     1FQ9_1     132      1      1FQ9_1

Dynamically allocated memory at     amaxprofile [B,KiB,MiB]:       579619     566.034     0.553
openf___224_> Open           ${LIB}/blosum62.sim.mat
rdrrwgh_268_> Number of residue types:       21

Dynamically allocated memory at amaxsequence_db [B,KiB,MiB]:       906696     885.445     0.865
profile_iteration_> processing sequence:       1    132      1     0.0100000     0.0100000     0.0100000     1

Dynamically allocated memory at amaxsequence_db [B,KiB,MiB]:       909634     888.314     0.867
profile_iteration_> processing sequence:    7928    132      1     1.9500000     0.0002460     0.0000009  4066
profile_iteration_> processing sequence:   15855    132      1     3.8099999     0.0002403     0.0000009  4161
profile_iteration_> processing sequence:   23782    132      1     5.6900001     0.0002393     0.0000009  4180
profile_iteration_> processing sequence:   31709    132      1     7.5799999     0.0002390     0.0000009  4183

Dynamically allocated memory at amaxsequence_db [B,KiB,MiB]:       911196     889.840     0.869
profile_iteration_> processing sequence:   39636    132      1     9.4799995     0.0002392     0.0000009  4181

Dynamically allocated memory at amaxsequence_db [B,KiB,MiB]:       912572     891.184     0.870
profile_iteration_> processing sequence:   47563    132      1    11.3500004     0.0002386     0.0000009  4191
profile_iteration_> processing sequence:   55490    132      1    13.2500000     0.0002388     0.0000009  4188
profile_iteration_> processing sequence:   63417    132      1    15.1499996     0.0002389     0.0000009  4186

Dynamically allocated memory at amaxsequence_db [B,KiB,MiB]:       913237     891.833     0.871
profile_iteration_> processing sequence:   71344    132      1    17.0400009     0.0002388     0.0000009  4187

Dynamically allocated memory at amaxsequence_db [B,KiB,MiB]:       917865     896.353     0.875
 AVERAGE RESIDUAL STANDARD ERROR:    29.30599
 AVERAGE RESIDUAL STANDARD DEVIATION:    233.8530
profile_660_> Quality of the fit between observed/expected score distributions.
              [Iteration, Chi2, nbins, KS-Stat, nscores ] =        1,        0.0167,      121,        0.0072,    79268

HISTOGRAM OF Z-SCORES:

Z:         1  -3.95000   0.00000   0.00000
Z:         1  -3.85000   0.00000   0.00000
Z:         1  -3.75000   0.00013   0.00000
Z:         1  -3.65000   0.00000   0.00000
Z:         1  -3.55000   0.00000   0.00000
Z:         1  -3.45000   0.00000   0.00000
Z:         1  -3.35000   0.00000   0.00000
Z:         1  -3.25000   0.00000   0.00000
Z:         1  -3.15000   0.00000   0.00000
Z:         1  -3.05000   0.00000   0.00000
Z:         1  -2.95000   0.00000   0.00000
Z:         1  -2.85000   0.00000   0.00000
Z:         1  -2.75000   0.00000   0.00000
Z:         1  -2.65000   0.00000   0.00000
Z:         1  -2.55000   0.00025   0.00001
Z:         1  -2.45000   0.00050   0.00004
Z:         1  -2.35000   0.00063   0.00016
Z:         1  -2.25000   0.00126   0.00055
Z:         1  -2.15000   0.00189   0.00163
Z:         1  -2.05000   0.00315   0.00416
Z:         1  -1.95000   0.01085   0.00933
Z:         1  -1.85000   0.02044   0.01872
Z:         1  -1.75000   0.03419   0.03400
Z:         1  -1.65000   0.05690   0.05658
Z:         1  -1.55000   0.09007   0.08721
Z:         1  -1.45000   0.13019   0.12565
Z:         1  -1.35000   0.15731   0.17059
Z:         1  -1.25000   0.21799   0.21981
Z:         1  -1.15000   0.25748   0.27052
Z:         1  -1.05000   0.31892   0.31973
Z:         1  -0.95000   0.36988   0.36469
Z:         1  -0.85000   0.41202   0.40316
Z:         1  -0.75000   0.43120   0.43360
Z:         1  -0.65000   0.47724   0.45519
Z:         1  -0.55000   0.44936   0.46779
Z:         1  -0.45000   0.47207   0.47182
Z:         1  -0.35000   0.44633   0.46811
Z:         1  -0.25000   0.45832   0.45775
Z:         1  -0.15000   0.41517   0.44196
Z:         1  -0.05000   0.45529   0.42194
Z:         1   0.05000   0.39146   0.39889
Z:         1   0.15000   0.37279   0.37383
Z:         1   0.25000   0.32687   0.34769
Z:         1   0.35000   0.31740   0.32121
Z:         1   0.45000   0.28284   0.29500
Z:         1   0.55000   0.27514   0.26953
Z:         1   0.65000   0.26000   0.24513
Z:         1   0.75000   0.20929   0.22205
Z:         1   0.85000   0.21900   0.20043
Z:         1   0.95000   0.17069   0.18036
Z:         1   1.05000   0.15984   0.16185
Z:         1   1.15000   0.14331   0.14489
Z:         1   1.25000   0.13625   0.12944
Z:         1   1.35000   0.10673   0.11542
Z:         1   1.45000   0.11001   0.10275
Z:         1   1.55000   0.08717   0.09133
Z:         1   1.65000   0.08389   0.08109
Z:         1   1.75000   0.07430   0.07191
Z:         1   1.85000   0.07266   0.06371
Z:         1   1.95000   0.06106   0.05639
Z:         1   2.05000   0.05235   0.04988
Z:         1   2.15000   0.04680   0.04409
Z:         1   2.25000   0.03911   0.03895
Z:         1   2.35000   0.03759   0.03439
Z:         1   2.45000   0.02914   0.03035
Z:         1   2.55000   0.02649   0.02678
Z:         1   2.65000   0.02271   0.02361
Z:         1   2.75000   0.02346   0.02082
Z:         1   2.85000   0.01552   0.01835
Z:         1   2.95000   0.01564   0.01617
Z:         1   3.05000   0.01400   0.01424
Z:         1   3.15000   0.01539   0.01255
Z:         1   3.25000   0.01072   0.01105
Z:         1   3.35000   0.01438   0.00973
Z:         1   3.45000   0.01198   0.00857
Z:         1   3.55000   0.00921   0.00754
Z:         1   3.65000   0.00782   0.00664
Z:         1   3.75000   0.00744   0.00584
Z:         1   3.85000   0.00656   0.00514
Z:         1   3.95000   0.00328   0.00453
Z:         1   4.05000   0.00442   0.00398
Z:         1   4.15000   0.00391   0.00350
Z:         1   4.25000   0.00278   0.00308
Z:         1   4.35000   0.00214   0.00271
Z:         1   4.45000   0.00240   0.00239
Z:         1   4.55000   0.00265   0.00210
Z:         1   4.65000   0.00227   0.00185
Z:         1   4.75000   0.00177   0.00163
Z:         1   4.85000   0.00214   0.00143
Z:         1   4.95000   0.00114   0.00126
Z:         1   5.05000   0.00126   0.00111
Z:         1   5.15000   0.00126   0.00097
Z:         1   5.25000   0.00114   0.00086
Z:         1   5.35000   0.00025   0.00075
Z:         1   5.45000   0.00038   0.00066
Z:         1   5.55000   0.00076   0.00058
Z:         1   5.65000   0.00050   0.00051
Z:         1   5.75000   0.00038   0.00045
Z:         1   5.85000   0.00013   0.00040
Z:         1   5.95000   0.00025   0.00035
Z:         1   6.05000   0.00038   0.00031
Z:         1   6.15000   0.00025   0.00027
Z:         1   6.25000   0.00063   0.00024
Z:         1   6.35000   0.00013   0.00021
Z:         1   6.45000   0.00025   0.00018
Z:         1   6.55000   0.00013   0.00016
Z:         1   6.65000   0.00013   0.00014
Z:         1   6.75000   0.00000   0.00013
Z:         1   6.85000   0.00000   0.00011
Z:         1   6.95000   0.00013   0.00010
Z:         1   7.05000   0.00038   0.00009
Z:         1   7.15000   0.00000   0.00007
Z:         1   7.25000   0.00000   0.00007
Z:         1   7.35000   0.00038   0.00006
Z:         1   7.45000   0.00000   0.00005
Z:         1   7.55000   0.00025   0.00004
Z:         1   7.65000   0.00000   0.00004
Z:         1   7.75000   0.00000   0.00003
Z:         1   7.85000   0.00000   0.00003
Z:         1   7.95000   0.00000   0.00003
Z:         1   8.05000   0.00000   0.00002

HITS FOUND IN ITERATION:     1


Dynamically allocated memory at     amaxprofile [B,KiB,MiB]:      1040465    1016.079     0.992
> 3f1rA                      1    3387   10250     157     132   38.89     0.0           2   120     7   127    16   141
> 4d8hA                      1    6153    6050     124     132   38.71    0.22E-06       3    62    15    76    11    72
> 2fdbM                      1    7980    8700     149     132   30.58     0.0           4   119     8   126    24   144
> 4qkrA                      1   10377    6450     125     132   29.79    0.25E-07       5    94    15   108    12   105
> 4qksA                      1   10403    6000     124     132   32.18    0.29E-06       6    86    15   100    11    97
> 3snvA                      1   14144    6950     125     132   31.91    0.16E-08       7    94    15   108     1    94
> 5w59A                      1   17128   10550     146     132   39.68     0.0           8   120     7   127     7   132
> 3p6iA                      1   22737    6800     127     132   32.22    0.37E-08       9    90    15   104    36   125
> 3p6jA                      1   22745    6950     125     132   31.91    0.16E-08      10    94    15   108    26   119
> 4oeeA                      1   23334   34150     132     132  100.00     0.0          11   129     1   129     4   132
> 3o49A                      1   28232    6750     123     132   36.36    0.46E-08      12    77     6    82     2    78
> 3o4cA                      1   28233    6900     124     132   31.07    0.21E-08      13   103     6   108     1   103
> 3o4dA                      1   28234    7400     123     132   32.04    0.13E-09      14   103     6   108     1   103
> 1nunA                      1   34145   10400     139     132   37.61     0.0          15   113    16   128    20   136
> 1q1uA                      1   37885    8850     138     132   32.80     0.0          16   119     8   127     9   133
> 1ihkA                      1   38148   10550     157     132   39.68     0.0          17   120     7   127    13   138
> 1pwaA                      1   39882    6900     123     132   41.98    0.20E-08      18    80    17    97    19    99
> 1barA                      1   42381   18000     127     132   56.00     0.0          19   123     6   128     1   125
> 1barB                      1   42382   18700     138     132   55.38     0.0          20   128     1   128     6   135
> 3ojmA                      1   45574   18850     145     132   55.22     0.0          21   132     1   132    12   145
> 4cjmA                      1   48729    7600     129     132   30.83    0.44E-10      22   118     8   126     6   125
> 4ow4A                      1   50818    7050     123     132   46.03    0.90E-09      23    63    15    77    11    73
> 6m6eA                      1   53389    6250     128     132   40.00    0.75E-07      24    79    18    97    20    99
> 6m6fA                      1   53405    5800     129     132   38.75    0.90E-06      25    79    18    97    21   100
> 1qqlA                      1   53787   13900     131     132   43.31     0.0          26   125     7   132     5   131
> 1qqkA                      1   53815   10550     129     132   38.21     0.0          27   122     7   129     5   127
> 1rg8A                      1   54028   18700     141     132   56.15     0.0          28   128     1   128    10   139
> 3hbwA                      1   55324    8500     149     132   32.56     0.0          29   123     8   131     9   137
> 3ol0A                      1   55582    5250      43     132   51.28    0.56E-05      30    39     6    44     4    42
> 4q9pA                      1   57597   17100     131     132   54.76     0.0          31   124     3   126     1   126
> 2q9xA                      1   57654   18200     127     132   57.60     0.0          32   123     6   128     1   125
> 3ogfA                      1   59061    7150      81     132   37.66    0.33E-09      33    77     6    82     1    77
> 3o3qA                      1   59279   16450     123     132   55.46     0.0          34   119     6   128     2   120
> 3q7xA                      1   63063    6400     125     132   36.76    0.32E-07      35    68    15    82    11    78
> 3q7yA                      1   63065    5900     124     132   33.80    0.50E-06      36    71     6    76     1    71
> 1fmmS                      1   66028   19300     132     132   56.59     0.0          37   127     6   132     3   131
> 3b9uA                      1   67874   18300     132     132   55.04     0.0          38   127     2   128     1   129
> 5zxeA                      1   69745   17300     130     132   56.91     0.0          39   122     7   128     4   126
> 2j3pA                      1   69961   18850     134     132   54.89     0.0          40   131     2   132     1   133
> 2j3pB                      1   69962   18650     132     132   55.73     0.0          41   129     4   132     1   131
> 1blaA                      1   70897   34800     155     132  100.00     0.0          42   132     1   132    24   155
> 2p39A                      1   71738    5600     142     132   34.15    0.30E-05      43    81    16    97    23   104
> 5w21B                      1   74459    5600     182     132   34.15    0.39E-05      44    81    16    97    33   114
> 1ijtA                      1   78279   12150     128     132   44.63     0.0          45   120     7   127     6   126
> 2p23A                      1   79090    7150     136     132   40.95    0.58E-09      46   104    17   129    20   124

profile_iteration__> Weight Matrix           [sec]:     0.000000
profile_iteration__> Score Collection        [sec]:    18.990000
profile_iteration__> Score Collection/Seq    [sec]:     0.000240
profile_iteration__> DP Steps per sec    [ali/sec]:  4187.427246
profile_iteration__> Statistics              [sec]:     0.080000
profile_iteration__> Add to profile          [sec]:     0.020000
profile_iteration__> Overall performance    [/seq]:     0.000241
profile_iteration__> Overall performance [seq/sec]:  4147.985352
openf___224_> Open           build_profile.prf

Dynamically allocated memory at   amaxalignment [B,KiB,MiB]:       786019     767.597     0.750

Dynamically allocated memory at    amaxsequence [B,KiB,MiB]:       786543     768.108     0.750

Dynamically allocated memory at    amaxsequence [B,KiB,MiB]:       787019     768.573     0.751

Dynamically allocated memory at    amaxsequence [B,KiB,MiB]:       787263     768.812     0.751

Dynamically allocated memory at    amaxsequence [B,KiB,MiB]:       787735     769.272     0.751

Dynamically allocated memory at    amaxsequence [B,KiB,MiB]:       788107     769.636     0.752

Dynamically allocated memory at    amaxsequence [B,KiB,MiB]:       788447     769.968     0.752

Dynamically allocated memory at    amaxsequence [B,KiB,MiB]:       788819     770.331     0.752

Dynamically allocated memory at    amaxsequence [B,KiB,MiB]:       789295     770.796     0.753

Dynamically allocated memory at    amaxsequence [B,KiB,MiB]:       789651     771.144     0.753

Dynamically allocated memory at    amaxsequence [B,KiB,MiB]:       790023     771.507     0.753

Dynamically allocated memory at    amaxsequence [B,KiB,MiB]:       790535     772.007     0.754

Dynamically allocated memory at    amaxsequence [B,KiB,MiB]:       790839     772.304     0.754

Dynamically allocated memory at    amaxsequence [B,KiB,MiB]:       791247     772.702     0.755

Dynamically allocated memory at    amaxsequence [B,KiB,MiB]:       791655     773.101     0.755

Dynamically allocated memory at    amaxsequence [B,KiB,MiB]:       792103     773.538     0.755

Dynamically allocated memory at    amaxsequence [B,KiB,MiB]:       792575     773.999     0.756

Dynamically allocated memory at    amaxsequence [B,KiB,MiB]:       793051     774.464     0.756

Dynamically allocated memory at    amaxsequence [B,KiB,MiB]:       793367     774.772     0.757

Dynamically allocated memory at    amaxsequence [B,KiB,MiB]:       793855     775.249     0.757

Dynamically allocated memory at    amaxsequence [B,KiB,MiB]:       794363     775.745     0.758

Dynamically allocated memory at    amaxsequence [B,KiB,MiB]:       794887     776.257     0.758

Dynamically allocated memory at    amaxsequence [B,KiB,MiB]:       795355     776.714     0.759

Dynamically allocated memory at    amaxsequence [B,KiB,MiB]:       795603     776.956     0.759

Dynamically allocated memory at    amaxsequence [B,KiB,MiB]:       795915     777.261     0.759

Dynamically allocated memory at    amaxsequence [B,KiB,MiB]:       796227     777.565     0.759

Dynamically allocated memory at    amaxsequence [B,KiB,MiB]:       796723     778.050     0.760

Dynamically allocated memory at    amaxsequence [B,KiB,MiB]:       797207     778.522     0.760

Dynamically allocated memory at    amaxsequence [B,KiB,MiB]:       797715     779.019     0.761

Dynamically allocated memory at    amaxsequence [B,KiB,MiB]:       798203     779.495     0.761

Dynamically allocated memory at    amaxsequence [B,KiB,MiB]:       798355     779.644     0.761

Dynamically allocated memory at    amaxsequence [B,KiB,MiB]:       798847     780.124     0.762

Dynamically allocated memory at    amaxsequence [B,KiB,MiB]:       799335     780.601     0.762

Dynamically allocated memory at    amaxsequence [B,KiB,MiB]:       799639     780.897     0.763

Dynamically allocated memory at    amaxsequence [B,KiB,MiB]:       800111     781.358     0.763

Dynamically allocated memory at    amaxsequence [B,KiB,MiB]:       800379     781.620     0.763

Dynamically allocated memory at    amaxsequence [B,KiB,MiB]:       800659     781.894     0.764

Dynamically allocated memory at    amaxsequence [B,KiB,MiB]:       801163     782.386     0.764

Dynamically allocated memory at    amaxsequence [B,KiB,MiB]:       801667     782.878     0.765

Dynamically allocated memory at    amaxsequence [B,KiB,MiB]:       802151     783.351     0.765

Dynamically allocated memory at    amaxsequence [B,KiB,MiB]:       802671     783.858     0.765

Dynamically allocated memory at    amaxsequence [B,KiB,MiB]:       803183     784.358     0.766

Dynamically allocated memory at    amaxsequence [B,KiB,MiB]:       803707     784.870     0.766

Dynamically allocated memory at    amaxsequence [B,KiB,MiB]:       804027     785.183     0.767

Dynamically allocated memory at    amaxsequence [B,KiB,MiB]:       804347     785.495     0.767

Dynamically allocated memory at    amaxsequence [B,KiB,MiB]:       804823     785.960     0.768

Dynamically allocated memory at    amaxsequence [B,KiB,MiB]:       805235     786.362     0.768
openf___224_> Open           build_profile.ali
