11	4oeeA	100.
42	1blaA	100.
32	2q9xA	58.
37	1fmmS	57.
39	5zxeA	57.
19	1barA	56.
28	1rg8A	56.
41	2j3pB	56.
20	1barB	55.
21	3ojmA	55.
31	4q9pA	55.
34	3o3qA	55.
38	3b9uA	55.
40	2j3pA	55.
30	3ol0A	51.
23	4ow4A	46.
45	1ijtA	45.
26	1qqlA	43.
18	1pwaA	42.
46	2p23A	41.
17	1ihkA	40.
24	6m6eA	40.
8	5w59A	40.
2	3f1rA	39.
25	6m6fA	39.
3	4d8hA	39.
15	1nunA	38.
27	1qqkA	38.
33	3ogfA	38.
35	3q7xA	37.
12	3o49A	36.
36	3q7yA	34.
43	2p39A	34.
44	5w21B	34.
16	1q1uA	33.
29	3hbwA	33.
10	3p6jA	32.
14	3o4dA	32.
6	4qksA	32.
7	3snvA	32.
9	3p6iA	32.
13	3o4cA	31.
22	4cjmA	31.
4	2fdbM	31.
5	4qkrA	30.
