
                         MODELLER 10.6, 2024/10/17, r12888

     PROTEIN STRUCTURE MODELLING BY SATISFACTION OF SPATIAL RESTRAINTS


                     Copyright(c) 1989-2024 Andrej Sali
                            All Rights Reserved

                             Written by A. Sali
                               with help from
              B. Webb, M.S. Madhusudhan, M-Y. Shen, G.Q. Dong,
          M.A. Marti-Renom, N. Eswar, F. Alber, M. Topf, B. Oliva,
             A. Fiser, R. Sanchez, B. Yerkovich, A. Badretdinov,
                     F. Melo, J.P. Overington, E. Feyfant
                 University of California, San Francisco, USA
                    Rockefeller University, New York, USA
                      Harvard University, Cambridge, USA
                   Imperial Cancer Research Fund, London, UK
              Birkbeck College, University of London, London, UK


Kind, OS, HostName, Kernel, Processor: 4, Linux 5a8e3f68e509 5.4.0-107-generic x86_64
Date and time of compilation         : 2024/10/17 20:34:40
MODELLER executable type             : x86_64-intel8
Job starting time (YY/MM/DD HH:MM:SS): 2024/12/24 06:44:18


check_ali___> Checking the sequence-structure alignment. 

Implied intrachain target CA(i)-CA(i+1) distances longer than  8.0 angstroms:

ALN_POS  TMPL  RID1  RID2  NAM1  NAM2     DIST
----------------------------------------------
END OF TABLE
read_to_681_> topology.submodel read from topology file:        3
mdtrsr__446W> A potential that relies on one protein is used, yet you have at
              least one known structure available. MDT, not library, potential is used.
0 atoms in HETATM/BLK residues constrained
to protein atoms within 2.30 angstroms
and protein CA atoms within 10.00 angstroms
0 atoms in residues without defined topology
constrained to be rigid bodies
condens_443_> Restraints marked for deletion were removed.
              Total number of restraints before, now:    14443    13497
iupac_m_397W> Atoms were not swapped because of the uncertainty of how to handle the H atom.
iupac_m_397W> Atoms were not swapped because of the uncertainty of how to handle the H atom.
iupac_m_397W> Atoms were not swapped because of the uncertainty of how to handle the H atom.
>> Model assessment by DOPE potential
iatmcls_286W> MODEL atom not classified:  SER:OXT  SER


>> ENERGY; Differences between the model's features and restraints:
Number of all residues in MODEL                   :      132
Number of all, selected real atoms                :     1064    1064
Number of all, selected pseudo atoms              :        0       0
Number of all static, selected restraints         :    13497   13497
COVALENT_CYS                                      :        F
NONBONDED_SEL_ATOMS                               :        1
Number of non-bonded pairs (excluding 1-2,1-3,1-4):   195935
Dynamic pairs routine                             : 1, NATM x NATM double loop
Atomic shift for contacts update (UPDATE_DYNAMIC) :    0.390
LENNARD_JONES_SWITCH                              :    6.500   7.500
COULOMB_JONES_SWITCH                              :    6.500   7.500
RESIDUE_SPAN_RANGE                                :        1    9999
NLOGN_USE                                         :       15
CONTACT_SHELL                                     :   15.000
DYNAMIC_PAIRS,_SPHERE,_COULOMB,_LENNARD,_MODELLER :        T       F       F       F       T
SPHERE_STDV                                       :    0.050
RADII_FACTOR                                      :    0.820
Current energy                                    :      -13460.1338




<< end of ENERGY.
DOPE score               : -13460.133789
>> Model assessment by GA341 potential

Surface library          : /root/miniconda3/envs/snake/lib/modeller-10.6/modlib/surf5.de
Pair library             : /root/miniconda3/envs/snake/lib/modeller-10.6/modlib/pair9.de
Chain identifier         : _
% sequence identity      :   100.000000
Sequence length          :          132
Compactness              :     0.454662
Native energy (pair)     :     3.599928
Native energy (surface)  :   -10.318761
Native energy (combined) :    -2.572901
Z score (pair)           :    -4.525715
Z score (surface)        :    -5.588350
Z score (combined)       :    -7.198521
GA341 score              :     1.000000



>> ENERGY; Differences between the model's features and restraints:
Number of all residues in MODEL                   :      132
Number of all, selected real atoms                :     1064    1064
Number of all, selected pseudo atoms              :        0       0
Number of all static, selected restraints         :    13497   13497
COVALENT_CYS                                      :        F
NONBONDED_SEL_ATOMS                               :        1
Number of non-bonded pairs (excluding 1-2,1-3,1-4):     2120
Dynamic pairs routine                             : 2, NATM x NATM cell sorting
Atomic shift for contacts update (UPDATE_DYNAMIC) :    0.390
LENNARD_JONES_SWITCH                              :    6.500   7.500
COULOMB_JONES_SWITCH                              :    6.500   7.500
RESIDUE_SPAN_RANGE                                :        0   99999
NLOGN_USE                                         :       15
CONTACT_SHELL                                     :    4.000
DYNAMIC_PAIRS,_SPHERE,_COULOMB,_LENNARD,_MODELLER :        T       T       F       F       F
SPHERE_STDV                                       :    0.050
RADII_FACTOR                                      :    0.820
Current energy                                    :         743.6882





Summary of the restraint violations: 

   NUM     ... number of restraints.
   NUMVI   ... number of restraints with RVIOL > VIOL_REPORT_CUT[i].
   RVIOL   ... relative difference from the best value.
   NUMVP   ... number of restraints with -Ln(pdf) > VIOL_REPORT_CUT2[i].
   RMS_1   ... RMS(feature, minimally_violated_basis_restraint, NUMB).
   RMS_2   ... RMS(feature, best_value, NUMB).
   MOL.PDF ... scaled contribution to -Ln(Molecular pdf).

 #                     RESTRAINT_GROUP      NUM   NUMVI  NUMVP   RMS_1   RMS_2         MOL.PDF     S_i
------------------------------------------------------------------------------------------------------
 1 Bond length potential              :    1087       0      0   0.005   0.005      9.1886       1.000
 2 Bond angle potential               :    1455       0      1   1.920   1.920      105.66       1.000
 3 Stereochemical cosine torsion poten:     670       0     22  49.470  49.470      253.89       1.000
 4 Stereochemical improper torsion pot:     445       0      0   1.261   1.261      15.810       1.000
 5 Soft-sphere overlap restraints     :    2120       0      0   0.001   0.001     0.22494       1.000
 6 Lennard-Jones 6-12 potential       :       0       0      0   0.000   0.000      0.0000       1.000
 7 Coulomb point-point electrostatic p:       0       0      0   0.000   0.000      0.0000       1.000
 8 H-bonding potential                :       0       0      0   0.000   0.000      0.0000       1.000
 9 Distance restraints 1 (CA-CA)      :    2647       0      0   0.170   0.170      36.135       1.000
10 Distance restraints 2 (N-O)        :    2938       0      1   0.181   0.181      66.971       1.000
11 Mainchain Phi dihedral restraints  :       0       0      0   0.000   0.000      0.0000       1.000
12 Mainchain Psi dihedral restraints  :       0       0      0   0.000   0.000      0.0000       1.000
13 Mainchain Omega dihedral restraints:     131       0      2   4.239   4.239      27.759       1.000
14 Sidechain Chi_1 dihedral restraints:     113       0      0  41.693  41.693      3.3820       1.000
15 Sidechain Chi_2 dihedral restraints:      88       0      0  54.893  54.893      16.817       1.000
16 Sidechain Chi_3 dihedral restraints:      43       0      1  62.507  62.507      25.689       1.000
17 Sidechain Chi_4 dihedral restraints:      25       0      0  99.113  99.113      12.369       1.000
18 Disulfide distance restraints      :       0       0      0   0.000   0.000      0.0000       1.000
19 Disulfide angle restraints         :       0       0      0   0.000   0.000      0.0000       1.000
20 Disulfide dihedral angle restraints:       0       0      0   0.000   0.000      0.0000       1.000
21 Lower bound distance restraints    :       0       0      0   0.000   0.000      0.0000       1.000
22 Upper bound distance restraints    :       0       0      0   0.000   0.000      0.0000       1.000
23 Distance restraints 3 (SDCH-MNCH)  :    2325       0      0   0.399   0.399      53.397       1.000
24 Sidechain Chi_5 dihedral restraints:       0       0      0   0.000   0.000      0.0000       1.000
25 Phi/Psi pair of dihedral restraints:     130       5     11  25.516  41.979      43.808       1.000
26 Distance restraints 4 (SDCH-SDCH)  :    1400       0      0   0.620   0.620      72.593       1.000
27 Distance restraints 5 (X-Y)        :       0       0      0   0.000   0.000      0.0000       1.000
28 NMR distance restraints 6 (X-Y)    :       0       0      0   0.000   0.000      0.0000       1.000
29 NMR distance restraints 7 (X-Y)    :       0       0      0   0.000   0.000      0.0000       1.000
30 Minimal distance restraints        :       0       0      0   0.000   0.000      0.0000       1.000
31 Non-bonded restraints              :       0       0      0   0.000   0.000      0.0000       1.000
32 Atomic accessibility restraints    :       0       0      0   0.000   0.000      0.0000       1.000
33 Atomic density restraints          :       0       0      0   0.000   0.000      0.0000       1.000
34 Absolute position restraints       :       0       0      0   0.000   0.000      0.0000       1.000
35 Dihedral angle difference restraint:       0       0      0   0.000   0.000      0.0000       1.000
36 GBSA implicit solvent potential    :       0       0      0   0.000   0.000      0.0000       1.000
37 EM density fitting potential       :       0       0      0   0.000   0.000      0.0000       1.000
38 SAXS restraints                    :       0       0      0   0.000   0.000      0.0000       1.000
39 Symmetry restraints                :       0       0      0   0.000   0.000      0.0000       1.000



# Heavy relative violation of each residue is written to: 1FQ9_1.V99990001
# The profile is NOT normalized by the number of restraints.
# The profiles are smoothed over a window of residues:    1
# The sum of all numbers in the file:   11164.6807



List of the violated restraints:
   A restraint is violated when the relative difference
   from the best value (RVIOL) is larger than CUTOFF.

   ICSR   ... index of a restraint in the current set.
   RESNO  ... residue numbers of the first two atoms.
   ATM    ... IUPAC atom names of the first two atoms.
   FEAT   ... the value of the feature in the model.
   restr  ... the mean of the basis restraint with the smallest
              difference from the model (local minimum).
   viol   ... difference from the local minimum.
   rviol  ... relative difference from the local minimum.
   RESTR  ... the best value (global minimum).
   VIOL   ... difference from the best value.
   RVIOL  ... relative difference from the best value.


-------------------------------------------------------------------------------------------------

Feature 25                           : Phi/Psi pair of dihedral restraints     
List of the RVIOL violations larger than   :       6.5000

    #   ICSR  RESNO1/2 ATM1/2   INDATM1/2    FEAT   restr    viol   rviol   RESTR    VIOL   RVIOL
    1   3702  45E  46R C   N     368  370  -57.47  -63.00   15.47    1.79  -72.10  163.21   12.87
    1         46R  46R N   CA    370  371  -55.55  -41.10                  141.90
    2   3703  46R  47G C   N     379  381  -79.12  -62.40   22.98    3.26   82.20  164.85   12.11
    2         47G  47G N   CA    381  382  -25.43  -41.20                    8.50
    3   3743  86S  87N C   N     690  692 -106.63 -119.90   91.84    3.85  -63.20   97.44   10.51
    3         87N  87N N   CA    692  693   46.13  137.00                  -41.10
    4   3786 129S 130A C   N    1042 1044 -108.73 -134.00   26.28    0.64  -62.50 -174.82   32.79
    4        130A 130A N   CA   1044 1045  139.78  147.00                  -40.90
    5   3787 130A 131K C   N    1047 1049 -143.66 -118.00   25.70    0.99   56.60 -171.98   23.96
    5        131K 131K N   CA   1049 1050  137.77  139.10                   38.60


report______> Distribution of short non-bonded contacts:


DISTANCE1:  0.00 2.10 2.20 2.30 2.40 2.50 2.60 2.70 2.80 2.90 3.00 3.10 3.20 3.30 3.40
DISTANCE2:  2.10 2.20 2.30 2.40 2.50 2.60 2.70 2.80 2.90 3.00 3.10 3.20 3.30 3.40 3.50
FREQUENCY:     0    0    0    0    0    0   12   27   41   57   82  106  131  165  137


<< end of ENERGY.
>> Model assessment by DOPE potential
iatmcls_286W> MODEL atom not classified:  SER:OXT  SER


>> ENERGY; Differences between the model's features and restraints:
Number of all residues in MODEL                   :      132
Number of all, selected real atoms                :     1064    1064
Number of all, selected pseudo atoms              :        0       0
Number of all static, selected restraints         :    13497   13497
COVALENT_CYS                                      :        F
NONBONDED_SEL_ATOMS                               :        1
Number of non-bonded pairs (excluding 1-2,1-3,1-4):   195286
Dynamic pairs routine                             : 1, NATM x NATM double loop
Atomic shift for contacts update (UPDATE_DYNAMIC) :    0.390
LENNARD_JONES_SWITCH                              :    6.500   7.500
COULOMB_JONES_SWITCH                              :    6.500   7.500
RESIDUE_SPAN_RANGE                                :        1    9999
NLOGN_USE                                         :       15
CONTACT_SHELL                                     :   15.000
DYNAMIC_PAIRS,_SPHERE,_COULOMB,_LENNARD,_MODELLER :        T       F       F       F       T
SPHERE_STDV                                       :    0.050
RADII_FACTOR                                      :    0.820
Current energy                                    :      -13210.3174




<< end of ENERGY.
DOPE score               : -13210.317383
>> Model assessment by GA341 potential

Surface library          : /root/miniconda3/envs/snake/lib/modeller-10.6/modlib/surf5.de
Pair library             : /root/miniconda3/envs/snake/lib/modeller-10.6/modlib/pair9.de
Chain identifier         : _
% sequence identity      :   100.000000
Sequence length          :          132
Compactness              :     0.426537
Native energy (pair)     :     1.880315
Native energy (surface)  :    -9.944269
Native energy (combined) :    -2.478076
Z score (pair)           :    -5.338902
Z score (surface)        :    -5.290112
Z score (combined)       :    -6.453787
GA341 score              :     1.000000



>> ENERGY; Differences between the model's features and restraints:
Number of all residues in MODEL                   :      132
Number of all, selected real atoms                :     1064    1064
Number of all, selected pseudo atoms              :        0       0
Number of all static, selected restraints         :    13497   13497
COVALENT_CYS                                      :        F
NONBONDED_SEL_ATOMS                               :        1
Number of non-bonded pairs (excluding 1-2,1-3,1-4):     2125
Dynamic pairs routine                             : 2, NATM x NATM cell sorting
Atomic shift for contacts update (UPDATE_DYNAMIC) :    0.390
LENNARD_JONES_SWITCH                              :    6.500   7.500
COULOMB_JONES_SWITCH                              :    6.500   7.500
RESIDUE_SPAN_RANGE                                :        0   99999
NLOGN_USE                                         :       15
CONTACT_SHELL                                     :    4.000
DYNAMIC_PAIRS,_SPHERE,_COULOMB,_LENNARD,_MODELLER :        T       T       F       F       F
SPHERE_STDV                                       :    0.050
RADII_FACTOR                                      :    0.820
Current energy                                    :         785.2190





Summary of the restraint violations: 

   NUM     ... number of restraints.
   NUMVI   ... number of restraints with RVIOL > VIOL_REPORT_CUT[i].
   RVIOL   ... relative difference from the best value.
   NUMVP   ... number of restraints with -Ln(pdf) > VIOL_REPORT_CUT2[i].
   RMS_1   ... RMS(feature, minimally_violated_basis_restraint, NUMB).
   RMS_2   ... RMS(feature, best_value, NUMB).
   MOL.PDF ... scaled contribution to -Ln(Molecular pdf).

 #                     RESTRAINT_GROUP      NUM   NUMVI  NUMVP   RMS_1   RMS_2         MOL.PDF     S_i
------------------------------------------------------------------------------------------------------
 1 Bond length potential              :    1087       0      0   0.005   0.005      8.6402       1.000
 2 Bond angle potential               :    1455       0      0   1.903   1.903      103.27       1.000
 3 Stereochemical cosine torsion poten:     670       0     18  49.357  49.357      253.91       1.000
 4 Stereochemical improper torsion pot:     445       0      0   1.224   1.224      15.041       1.000
 5 Soft-sphere overlap restraints     :    2125       0      0   0.001   0.001     0.38046       1.000
 6 Lennard-Jones 6-12 potential       :       0       0      0   0.000   0.000      0.0000       1.000
 7 Coulomb point-point electrostatic p:       0       0      0   0.000   0.000      0.0000       1.000
 8 H-bonding potential                :       0       0      0   0.000   0.000      0.0000       1.000
 9 Distance restraints 1 (CA-CA)      :    2647       0      0   0.156   0.156      34.156       1.000
10 Distance restraints 2 (N-O)        :    2938       0      0   0.179   0.179      61.549       1.000
11 Mainchain Phi dihedral restraints  :       0       0      0   0.000   0.000      0.0000       1.000
12 Mainchain Psi dihedral restraints  :       0       0      0   0.000   0.000      0.0000       1.000
13 Mainchain Omega dihedral restraints:     131       0      0   3.969   3.969      24.337       1.000
14 Sidechain Chi_1 dihedral restraints:     113       0      1  48.458  48.458      13.616       1.000
15 Sidechain Chi_2 dihedral restraints:      88       0      3  54.153  54.153      25.252       1.000
16 Sidechain Chi_3 dihedral restraints:      43       0      0  67.619  67.619      27.006       1.000
17 Sidechain Chi_4 dihedral restraints:      25       0      0 112.000 112.000      17.015       1.000
18 Disulfide distance restraints      :       0       0      0   0.000   0.000      0.0000       1.000
19 Disulfide angle restraints         :       0       0      0   0.000   0.000      0.0000       1.000
20 Disulfide dihedral angle restraints:       0       0      0   0.000   0.000      0.0000       1.000
21 Lower bound distance restraints    :       0       0      0   0.000   0.000      0.0000       1.000
22 Upper bound distance restraints    :       0       0      0   0.000   0.000      0.0000       1.000
23 Distance restraints 3 (SDCH-MNCH)  :    2325       0      0   0.438   0.438      67.189       1.000
24 Sidechain Chi_5 dihedral restraints:       0       0      0   0.000   0.000      0.0000       1.000
25 Phi/Psi pair of dihedral restraints:     130       3      7  25.547  36.015      38.443       1.000
26 Distance restraints 4 (SDCH-SDCH)  :    1400       0      1   0.697   0.697      95.411       1.000
27 Distance restraints 5 (X-Y)        :       0       0      0   0.000   0.000      0.0000       1.000
28 NMR distance restraints 6 (X-Y)    :       0       0      0   0.000   0.000      0.0000       1.000
29 NMR distance restraints 7 (X-Y)    :       0       0      0   0.000   0.000      0.0000       1.000
30 Minimal distance restraints        :       0       0      0   0.000   0.000      0.0000       1.000
31 Non-bonded restraints              :       0       0      0   0.000   0.000      0.0000       1.000
32 Atomic accessibility restraints    :       0       0      0   0.000   0.000      0.0000       1.000
33 Atomic density restraints          :       0       0      0   0.000   0.000      0.0000       1.000
34 Absolute position restraints       :       0       0      0   0.000   0.000      0.0000       1.000
35 Dihedral angle difference restraint:       0       0      0   0.000   0.000      0.0000       1.000
36 GBSA implicit solvent potential    :       0       0      0   0.000   0.000      0.0000       1.000
37 EM density fitting potential       :       0       0      0   0.000   0.000      0.0000       1.000
38 SAXS restraints                    :       0       0      0   0.000   0.000      0.0000       1.000
39 Symmetry restraints                :       0       0      0   0.000   0.000      0.0000       1.000



# Heavy relative violation of each residue is written to: 1FQ9_1.V99990002
# The profile is NOT normalized by the number of restraints.
# The profiles are smoothed over a window of residues:    1
# The sum of all numbers in the file:   11612.7617



List of the violated restraints:
   A restraint is violated when the relative difference
   from the best value (RVIOL) is larger than CUTOFF.

   ICSR   ... index of a restraint in the current set.
   RESNO  ... residue numbers of the first two atoms.
   ATM    ... IUPAC atom names of the first two atoms.
   FEAT   ... the value of the feature in the model.
   restr  ... the mean of the basis restraint with the smallest
              difference from the model (local minimum).
   viol   ... difference from the local minimum.
   rviol  ... relative difference from the local minimum.
   RESTR  ... the best value (global minimum).
   VIOL   ... difference from the best value.
   RVIOL  ... relative difference from the best value.


-------------------------------------------------------------------------------------------------

Feature 25                           : Phi/Psi pair of dihedral restraints     
List of the RVIOL violations larger than   :       6.5000

    #   ICSR  RESNO1/2 ATM1/2   INDATM1/2    FEAT   restr    viol   rviol   RESTR    VIOL   RVIOL
    1   3743  86S  87N C   N     690  692 -107.17  -63.20   92.48    9.95  -63.20   92.48    9.95
    1         87N  87N N   CA    692  693   40.26  -41.10                  -41.10
    2   3786 129S 130A C   N    1042 1044 -110.04 -134.00   46.78    1.85  -62.50  155.18   23.60
    2        130A 130A N   CA   1044 1045  106.82  147.00                  -40.90
    3   3787 130A 131K C   N    1047 1049 -146.03 -118.00   35.04    1.18   56.60 -161.17   24.99
    3        131K 131K N   CA   1049 1050  160.13  139.10                   38.60


report______> Distribution of short non-bonded contacts:


DISTANCE1:  0.00 2.10 2.20 2.30 2.40 2.50 2.60 2.70 2.80 2.90 3.00 3.10 3.20 3.30 3.40
DISTANCE2:  2.10 2.20 2.30 2.40 2.50 2.60 2.70 2.80 2.90 3.00 3.10 3.20 3.30 3.40 3.50
FREQUENCY:     0    0    0    0    0    2   14   28   55   62   76  105  130  133  191


<< end of ENERGY.
>> Model assessment by DOPE potential
iatmcls_286W> MODEL atom not classified:  SER:OXT  SER


>> ENERGY; Differences between the model's features and restraints:
Number of all residues in MODEL                   :      132
Number of all, selected real atoms                :     1064    1064
Number of all, selected pseudo atoms              :        0       0
Number of all static, selected restraints         :    13497   13497
COVALENT_CYS                                      :        F
NONBONDED_SEL_ATOMS                               :        1
Number of non-bonded pairs (excluding 1-2,1-3,1-4):   194815
Dynamic pairs routine                             : 1, NATM x NATM double loop
Atomic shift for contacts update (UPDATE_DYNAMIC) :    0.390
LENNARD_JONES_SWITCH                              :    6.500   7.500
COULOMB_JONES_SWITCH                              :    6.500   7.500
RESIDUE_SPAN_RANGE                                :        1    9999
NLOGN_USE                                         :       15
CONTACT_SHELL                                     :   15.000
DYNAMIC_PAIRS,_SPHERE,_COULOMB,_LENNARD,_MODELLER :        T       F       F       F       T
SPHERE_STDV                                       :    0.050
RADII_FACTOR                                      :    0.820
Current energy                                    :      -13366.4385




<< end of ENERGY.
DOPE score               : -13366.438477
>> Model assessment by GA341 potential

Surface library          : /root/miniconda3/envs/snake/lib/modeller-10.6/modlib/surf5.de
Pair library             : /root/miniconda3/envs/snake/lib/modeller-10.6/modlib/pair9.de
Chain identifier         : _
% sequence identity      :   100.000000
Sequence length          :          132
Compactness              :     0.429923
Native energy (pair)     :    13.170485
Native energy (surface)  :   -10.199639
Native energy (combined) :    -2.088255
Z score (pair)           :    -4.968694
Z score (surface)        :    -5.461748
Z score (combined)       :    -6.370832
GA341 score              :     1.000000



>> ENERGY; Differences between the model's features and restraints:
Number of all residues in MODEL                   :      132
Number of all, selected real atoms                :     1064    1064
Number of all, selected pseudo atoms              :        0       0
Number of all static, selected restraints         :    13497   13497
COVALENT_CYS                                      :        F
NONBONDED_SEL_ATOMS                               :        1
Number of non-bonded pairs (excluding 1-2,1-3,1-4):     2091
Dynamic pairs routine                             : 2, NATM x NATM cell sorting
Atomic shift for contacts update (UPDATE_DYNAMIC) :    0.390
LENNARD_JONES_SWITCH                              :    6.500   7.500
COULOMB_JONES_SWITCH                              :    6.500   7.500
RESIDUE_SPAN_RANGE                                :        0   99999
NLOGN_USE                                         :       15
CONTACT_SHELL                                     :    4.000
DYNAMIC_PAIRS,_SPHERE,_COULOMB,_LENNARD,_MODELLER :        T       T       F       F       F
SPHERE_STDV                                       :    0.050
RADII_FACTOR                                      :    0.820
Current energy                                    :         687.1268





Summary of the restraint violations: 

   NUM     ... number of restraints.
   NUMVI   ... number of restraints with RVIOL > VIOL_REPORT_CUT[i].
   RVIOL   ... relative difference from the best value.
   NUMVP   ... number of restraints with -Ln(pdf) > VIOL_REPORT_CUT2[i].
   RMS_1   ... RMS(feature, minimally_violated_basis_restraint, NUMB).
   RMS_2   ... RMS(feature, best_value, NUMB).
   MOL.PDF ... scaled contribution to -Ln(Molecular pdf).

 #                     RESTRAINT_GROUP      NUM   NUMVI  NUMVP   RMS_1   RMS_2         MOL.PDF     S_i
------------------------------------------------------------------------------------------------------
 1 Bond length potential              :    1087       0      0   0.005   0.005      8.2511       1.000
 2 Bond angle potential               :    1455       0      0   1.865   1.865      99.763       1.000
 3 Stereochemical cosine torsion poten:     670       0     19  49.379  49.379      250.73       1.000
 4 Stereochemical improper torsion pot:     445       0      0   1.117   1.117      12.992       1.000
 5 Soft-sphere overlap restraints     :    2091       0      0   0.001   0.001     0.20580       1.000
 6 Lennard-Jones 6-12 potential       :       0       0      0   0.000   0.000      0.0000       1.000
 7 Coulomb point-point electrostatic p:       0       0      0   0.000   0.000      0.0000       1.000
 8 H-bonding potential                :       0       0      0   0.000   0.000      0.0000       1.000
 9 Distance restraints 1 (CA-CA)      :    2647       0      0   0.133   0.133      27.951       1.000
10 Distance restraints 2 (N-O)        :    2938       0      0   0.157   0.157      52.988       1.000
11 Mainchain Phi dihedral restraints  :       0       0      0   0.000   0.000      0.0000       1.000
12 Mainchain Psi dihedral restraints  :       0       0      0   0.000   0.000      0.0000       1.000
13 Mainchain Omega dihedral restraints:     131       0      0   3.930   3.930      23.865       1.000
14 Sidechain Chi_1 dihedral restraints:     113       0      0  43.501  43.501      2.2995       1.000
15 Sidechain Chi_2 dihedral restraints:      88       0      0  51.553  51.553      13.131       1.000
16 Sidechain Chi_3 dihedral restraints:      43       0      0  73.936  73.936      26.036       1.000
17 Sidechain Chi_4 dihedral restraints:      25       0      0  89.816  89.816      13.598       1.000
18 Disulfide distance restraints      :       0       0      0   0.000   0.000      0.0000       1.000
19 Disulfide angle restraints         :       0       0      0   0.000   0.000      0.0000       1.000
20 Disulfide dihedral angle restraints:       0       0      0   0.000   0.000      0.0000       1.000
21 Lower bound distance restraints    :       0       0      0   0.000   0.000      0.0000       1.000
22 Upper bound distance restraints    :       0       0      0   0.000   0.000      0.0000       1.000
23 Distance restraints 3 (SDCH-MNCH)  :    2325       0      0   0.388   0.388      48.732       1.000
24 Sidechain Chi_5 dihedral restraints:       0       0      0   0.000   0.000      0.0000       1.000
25 Phi/Psi pair of dihedral restraints:     130       3      7  25.265  35.940      35.580       1.000
26 Distance restraints 4 (SDCH-SDCH)  :    1400       0      0   0.619   0.619      71.002       1.000
27 Distance restraints 5 (X-Y)        :       0       0      0   0.000   0.000      0.0000       1.000
28 NMR distance restraints 6 (X-Y)    :       0       0      0   0.000   0.000      0.0000       1.000
29 NMR distance restraints 7 (X-Y)    :       0       0      0   0.000   0.000      0.0000       1.000
30 Minimal distance restraints        :       0       0      0   0.000   0.000      0.0000       1.000
31 Non-bonded restraints              :       0       0      0   0.000   0.000      0.0000       1.000
32 Atomic accessibility restraints    :       0       0      0   0.000   0.000      0.0000       1.000
33 Atomic density restraints          :       0       0      0   0.000   0.000      0.0000       1.000
34 Absolute position restraints       :       0       0      0   0.000   0.000      0.0000       1.000
35 Dihedral angle difference restraint:       0       0      0   0.000   0.000      0.0000       1.000
36 GBSA implicit solvent potential    :       0       0      0   0.000   0.000      0.0000       1.000
37 EM density fitting potential       :       0       0      0   0.000   0.000      0.0000       1.000
38 SAXS restraints                    :       0       0      0   0.000   0.000      0.0000       1.000
39 Symmetry restraints                :       0       0      0   0.000   0.000      0.0000       1.000



# Heavy relative violation of each residue is written to: 1FQ9_1.V99990003
# The profile is NOT normalized by the number of restraints.
# The profiles are smoothed over a window of residues:    1
# The sum of all numbers in the file:   10404.4062



List of the violated restraints:
   A restraint is violated when the relative difference
   from the best value (RVIOL) is larger than CUTOFF.

   ICSR   ... index of a restraint in the current set.
   RESNO  ... residue numbers of the first two atoms.
   ATM    ... IUPAC atom names of the first two atoms.
   FEAT   ... the value of the feature in the model.
   restr  ... the mean of the basis restraint with the smallest
              difference from the model (local minimum).
   viol   ... difference from the local minimum.
   rviol  ... relative difference from the local minimum.
   RESTR  ... the best value (global minimum).
   VIOL   ... difference from the best value.
   RVIOL  ... relative difference from the best value.


-------------------------------------------------------------------------------------------------

Feature 25                           : Phi/Psi pair of dihedral restraints     
List of the RVIOL violations larger than   :       6.5000

    #   ICSR  RESNO1/2 ATM1/2   INDATM1/2    FEAT   restr    viol   rviol   RESTR    VIOL   RVIOL
    1   3743  86S  87N C   N     690  692 -107.05 -119.90   90.78    3.82  -63.20   98.53   10.63
    1         87N  87N N   CA    692  693   47.13  137.00                  -41.10
    2   3786 129S 130A C   N    1042 1044  -91.45  -68.20   37.62    2.37  -62.50  147.10   25.62
    2        130A 130A N   CA   1044 1045  174.88  145.30                  -40.90
    3   3787 130A 131K C   N    1047 1049 -106.76 -118.00   25.85    1.34   56.60 -155.04   15.13
    3        131K 131K N   CA   1049 1050  162.38  139.10                   38.60


report______> Distribution of short non-bonded contacts:


DISTANCE1:  0.00 2.10 2.20 2.30 2.40 2.50 2.60 2.70 2.80 2.90 3.00 3.10 3.20 3.30 3.40
DISTANCE2:  2.10 2.20 2.30 2.40 2.50 2.60 2.70 2.80 2.90 3.00 3.10 3.20 3.30 3.40 3.50
FREQUENCY:     0    0    0    0    0    2   15   31   39   72   75   96  128  148  169


<< end of ENERGY.
>> Model assessment by DOPE potential
iatmcls_286W> MODEL atom not classified:  SER:OXT  SER


>> ENERGY; Differences between the model's features and restraints:
Number of all residues in MODEL                   :      132
Number of all, selected real atoms                :     1064    1064
Number of all, selected pseudo atoms              :        0       0
Number of all static, selected restraints         :    13497   13497
COVALENT_CYS                                      :        F
NONBONDED_SEL_ATOMS                               :        1
Number of non-bonded pairs (excluding 1-2,1-3,1-4):   195423
Dynamic pairs routine                             : 1, NATM x NATM double loop
Atomic shift for contacts update (UPDATE_DYNAMIC) :    0.390
LENNARD_JONES_SWITCH                              :    6.500   7.500
COULOMB_JONES_SWITCH                              :    6.500   7.500
RESIDUE_SPAN_RANGE                                :        1    9999
NLOGN_USE                                         :       15
CONTACT_SHELL                                     :   15.000
DYNAMIC_PAIRS,_SPHERE,_COULOMB,_LENNARD,_MODELLER :        T       F       F       F       T
SPHERE_STDV                                       :    0.050
RADII_FACTOR                                      :    0.820
Current energy                                    :      -13328.0596




<< end of ENERGY.
DOPE score               : -13328.059570
>> Model assessment by GA341 potential

Surface library          : /root/miniconda3/envs/snake/lib/modeller-10.6/modlib/surf5.de
Pair library             : /root/miniconda3/envs/snake/lib/modeller-10.6/modlib/pair9.de
Chain identifier         : _
% sequence identity      :   100.000000
Sequence length          :          132
Compactness              :     0.438688
Native energy (pair)     :    15.693523
Native energy (surface)  :   -11.103505
Native energy (combined) :    -2.237491
Z score (pair)           :    -4.857858
Z score (surface)        :    -5.783753
Z score (combined)       :    -6.427217
GA341 score              :     1.000000



>> ENERGY; Differences between the model's features and restraints:
Number of all residues in MODEL                   :      132
Number of all, selected real atoms                :     1064    1064
Number of all, selected pseudo atoms              :        0       0
Number of all static, selected restraints         :    13497   13497
COVALENT_CYS                                      :        F
NONBONDED_SEL_ATOMS                               :        1
Number of non-bonded pairs (excluding 1-2,1-3,1-4):     2088
Dynamic pairs routine                             : 2, NATM x NATM cell sorting
Atomic shift for contacts update (UPDATE_DYNAMIC) :    0.390
LENNARD_JONES_SWITCH                              :    6.500   7.500
COULOMB_JONES_SWITCH                              :    6.500   7.500
RESIDUE_SPAN_RANGE                                :        0   99999
NLOGN_USE                                         :       15
CONTACT_SHELL                                     :    4.000
DYNAMIC_PAIRS,_SPHERE,_COULOMB,_LENNARD,_MODELLER :        T       T       F       F       F
SPHERE_STDV                                       :    0.050
RADII_FACTOR                                      :    0.820
Current energy                                    :         684.7612





Summary of the restraint violations: 

   NUM     ... number of restraints.
   NUMVI   ... number of restraints with RVIOL > VIOL_REPORT_CUT[i].
   RVIOL   ... relative difference from the best value.
   NUMVP   ... number of restraints with -Ln(pdf) > VIOL_REPORT_CUT2[i].
   RMS_1   ... RMS(feature, minimally_violated_basis_restraint, NUMB).
   RMS_2   ... RMS(feature, best_value, NUMB).
   MOL.PDF ... scaled contribution to -Ln(Molecular pdf).

 #                     RESTRAINT_GROUP      NUM   NUMVI  NUMVP   RMS_1   RMS_2         MOL.PDF     S_i
------------------------------------------------------------------------------------------------------
 1 Bond length potential              :    1087       0      0   0.005   0.005      7.5474       1.000
 2 Bond angle potential               :    1455       0      0   1.804   1.804      93.693       1.000
 3 Stereochemical cosine torsion poten:     670       0     20  49.462  49.462      254.45       1.000
 4 Stereochemical improper torsion pot:     445       0      0   1.098   1.098      12.640       1.000
 5 Soft-sphere overlap restraints     :    2088       0      0   0.000   0.000     0.51115E-01   1.000
 6 Lennard-Jones 6-12 potential       :       0       0      0   0.000   0.000      0.0000       1.000
 7 Coulomb point-point electrostatic p:       0       0      0   0.000   0.000      0.0000       1.000
 8 H-bonding potential                :       0       0      0   0.000   0.000      0.0000       1.000
 9 Distance restraints 1 (CA-CA)      :    2647       0      0   0.144   0.144      27.468       1.000
10 Distance restraints 2 (N-O)        :    2938       0      0   0.172   0.172      56.722       1.000
11 Mainchain Phi dihedral restraints  :       0       0      0   0.000   0.000      0.0000       1.000
12 Mainchain Psi dihedral restraints  :       0       0      0   0.000   0.000      0.0000       1.000
13 Mainchain Omega dihedral restraints:     131       0      0   3.912   3.912      23.638       1.000
14 Sidechain Chi_1 dihedral restraints:     113       0      1  44.291  44.291      3.9530       1.000
15 Sidechain Chi_2 dihedral restraints:      88       0      0  46.808  46.808      11.402       1.000
16 Sidechain Chi_3 dihedral restraints:      43       0      0  61.464  61.464      22.981       1.000
17 Sidechain Chi_4 dihedral restraints:      25       0      0  93.641  93.641      16.053       1.000
18 Disulfide distance restraints      :       0       0      0   0.000   0.000      0.0000       1.000
19 Disulfide angle restraints         :       0       0      0   0.000   0.000      0.0000       1.000
20 Disulfide dihedral angle restraints:       0       0      0   0.000   0.000      0.0000       1.000
21 Lower bound distance restraints    :       0       0      0   0.000   0.000      0.0000       1.000
22 Upper bound distance restraints    :       0       0      0   0.000   0.000      0.0000       1.000
23 Distance restraints 3 (SDCH-MNCH)  :    2325       0      0   0.428   0.428      57.043       1.000
24 Sidechain Chi_5 dihedral restraints:       0       0      0   0.000   0.000      0.0000       1.000
25 Phi/Psi pair of dihedral restraints:     130       3      7  25.106  36.385      34.833       1.000
26 Distance restraints 4 (SDCH-SDCH)  :    1400       0      0   0.573   0.573      62.285       1.000
27 Distance restraints 5 (X-Y)        :       0       0      0   0.000   0.000      0.0000       1.000
28 NMR distance restraints 6 (X-Y)    :       0       0      0   0.000   0.000      0.0000       1.000
29 NMR distance restraints 7 (X-Y)    :       0       0      0   0.000   0.000      0.0000       1.000
30 Minimal distance restraints        :       0       0      0   0.000   0.000      0.0000       1.000
31 Non-bonded restraints              :       0       0      0   0.000   0.000      0.0000       1.000
32 Atomic accessibility restraints    :       0       0      0   0.000   0.000      0.0000       1.000
33 Atomic density restraints          :       0       0      0   0.000   0.000      0.0000       1.000
34 Absolute position restraints       :       0       0      0   0.000   0.000      0.0000       1.000
35 Dihedral angle difference restraint:       0       0      0   0.000   0.000      0.0000       1.000
36 GBSA implicit solvent potential    :       0       0      0   0.000   0.000      0.0000       1.000
37 EM density fitting potential       :       0       0      0   0.000   0.000      0.0000       1.000
38 SAXS restraints                    :       0       0      0   0.000   0.000      0.0000       1.000
39 Symmetry restraints                :       0       0      0   0.000   0.000      0.0000       1.000



# Heavy relative violation of each residue is written to: 1FQ9_1.V99990004
# The profile is NOT normalized by the number of restraints.
# The profiles are smoothed over a window of residues:    1
# The sum of all numbers in the file:   10291.8652



List of the violated restraints:
   A restraint is violated when the relative difference
   from the best value (RVIOL) is larger than CUTOFF.

   ICSR   ... index of a restraint in the current set.
   RESNO  ... residue numbers of the first two atoms.
   ATM    ... IUPAC atom names of the first two atoms.
   FEAT   ... the value of the feature in the model.
   restr  ... the mean of the basis restraint with the smallest
              difference from the model (local minimum).
   viol   ... difference from the local minimum.
   rviol  ... relative difference from the local minimum.
   RESTR  ... the best value (global minimum).
   VIOL   ... difference from the best value.
   RVIOL  ... relative difference from the best value.


-------------------------------------------------------------------------------------------------

Feature 25                           : Phi/Psi pair of dihedral restraints     
List of the RVIOL violations larger than   :       6.5000

    #   ICSR  RESNO1/2 ATM1/2   INDATM1/2    FEAT   restr    viol   rviol   RESTR    VIOL   RVIOL
    1   3743  86S  87N C   N     690  692 -103.96  -63.20   89.98    9.70  -63.20   89.98    9.70
    1         87N  87N N   CA    692  693   39.12  -41.10                  -41.10
    2   3786 129S 130A C   N    1042 1044 -111.72 -134.00   27.21    0.68  -62.50  179.16   27.40
    2        130A 130A N   CA   1044 1045  131.37  147.00                  -40.90
    3   3787 130A 131K C   N    1047 1049 -107.50 -118.00   10.52    0.39   56.60 -167.92   15.70
    3        131K 131K N   CA   1049 1050  138.43  139.10                   38.60


report______> Distribution of short non-bonded contacts:


DISTANCE1:  0.00 2.10 2.20 2.30 2.40 2.50 2.60 2.70 2.80 2.90 3.00 3.10 3.20 3.30 3.40
DISTANCE2:  2.10 2.20 2.30 2.40 2.50 2.60 2.70 2.80 2.90 3.00 3.10 3.20 3.30 3.40 3.50
FREQUENCY:     0    0    0    0    0    2   15   23   43   57   87  106  114  145  166


<< end of ENERGY.
>> Model assessment by DOPE potential
iatmcls_286W> MODEL atom not classified:  SER:OXT  SER


>> ENERGY; Differences between the model's features and restraints:
Number of all residues in MODEL                   :      132
Number of all, selected real atoms                :     1064    1064
Number of all, selected pseudo atoms              :        0       0
Number of all static, selected restraints         :    13497   13497
COVALENT_CYS                                      :        F
NONBONDED_SEL_ATOMS                               :        1
Number of non-bonded pairs (excluding 1-2,1-3,1-4):   195230
Dynamic pairs routine                             : 1, NATM x NATM double loop
Atomic shift for contacts update (UPDATE_DYNAMIC) :    0.390
LENNARD_JONES_SWITCH                              :    6.500   7.500
COULOMB_JONES_SWITCH                              :    6.500   7.500
RESIDUE_SPAN_RANGE                                :        1    9999
NLOGN_USE                                         :       15
CONTACT_SHELL                                     :   15.000
DYNAMIC_PAIRS,_SPHERE,_COULOMB,_LENNARD,_MODELLER :        T       F       F       F       T
SPHERE_STDV                                       :    0.050
RADII_FACTOR                                      :    0.820
Current energy                                    :      -13480.6846




<< end of ENERGY.
DOPE score               : -13480.684570
>> Model assessment by GA341 potential

Surface library          : /root/miniconda3/envs/snake/lib/modeller-10.6/modlib/surf5.de
Pair library             : /root/miniconda3/envs/snake/lib/modeller-10.6/modlib/pair9.de
Chain identifier         : _
% sequence identity      :   100.000000
Sequence length          :          132
Compactness              :     0.436514
Native energy (pair)     :     7.783747
Native energy (surface)  :   -10.319472
Native energy (combined) :    -2.270215
Z score (pair)           :    -5.137693
Z score (surface)        :    -5.441346
Z score (combined)       :    -6.495016
GA341 score              :     1.000000



>> ENERGY; Differences between the model's features and restraints:
Number of all residues in MODEL                   :      132
Number of all, selected real atoms                :     1064    1064
Number of all, selected pseudo atoms              :        0       0
Number of all static, selected restraints         :    13497   13497
COVALENT_CYS                                      :        F
NONBONDED_SEL_ATOMS                               :        1
Number of non-bonded pairs (excluding 1-2,1-3,1-4):     2107
Dynamic pairs routine                             : 2, NATM x NATM cell sorting
Atomic shift for contacts update (UPDATE_DYNAMIC) :    0.390
LENNARD_JONES_SWITCH                              :    6.500   7.500
COULOMB_JONES_SWITCH                              :    6.500   7.500
RESIDUE_SPAN_RANGE                                :        0   99999
NLOGN_USE                                         :       15
CONTACT_SHELL                                     :    4.000
DYNAMIC_PAIRS,_SPHERE,_COULOMB,_LENNARD,_MODELLER :        T       T       F       F       F
SPHERE_STDV                                       :    0.050
RADII_FACTOR                                      :    0.820
Current energy                                    :         678.7631





Summary of the restraint violations: 

   NUM     ... number of restraints.
   NUMVI   ... number of restraints with RVIOL > VIOL_REPORT_CUT[i].
   RVIOL   ... relative difference from the best value.
   NUMVP   ... number of restraints with -Ln(pdf) > VIOL_REPORT_CUT2[i].
   RMS_1   ... RMS(feature, minimally_violated_basis_restraint, NUMB).
   RMS_2   ... RMS(feature, best_value, NUMB).
   MOL.PDF ... scaled contribution to -Ln(Molecular pdf).

 #                     RESTRAINT_GROUP      NUM   NUMVI  NUMVP   RMS_1   RMS_2         MOL.PDF     S_i
------------------------------------------------------------------------------------------------------
 1 Bond length potential              :    1087       0      0   0.005   0.005      7.7606       1.000
 2 Bond angle potential               :    1455       0      0   1.816   1.816      94.133       1.000
 3 Stereochemical cosine torsion poten:     670       0     20  49.388  49.388      254.20       1.000
 4 Stereochemical improper torsion pot:     445       0      0   1.067   1.067      12.102       1.000
 5 Soft-sphere overlap restraints     :    2107       0      0   0.001   0.001     0.22666       1.000
 6 Lennard-Jones 6-12 potential       :       0       0      0   0.000   0.000      0.0000       1.000
 7 Coulomb point-point electrostatic p:       0       0      0   0.000   0.000      0.0000       1.000
 8 H-bonding potential                :       0       0      0   0.000   0.000      0.0000       1.000
 9 Distance restraints 1 (CA-CA)      :    2647       0      0   0.159   0.159      30.048       1.000
10 Distance restraints 2 (N-O)        :    2938       0      0   0.167   0.167      56.649       1.000
11 Mainchain Phi dihedral restraints  :       0       0      0   0.000   0.000      0.0000       1.000
12 Mainchain Psi dihedral restraints  :       0       0      0   0.000   0.000      0.0000       1.000
13 Mainchain Omega dihedral restraints:     131       0      0   3.852   3.852      22.920       1.000
14 Sidechain Chi_1 dihedral restraints:     113       0      1  46.062  46.062      6.4393       1.000
15 Sidechain Chi_2 dihedral restraints:      88       0      0  47.092  47.092      12.203       1.000
16 Sidechain Chi_3 dihedral restraints:      43       0      0  67.512  67.512      25.561       1.000
17 Sidechain Chi_4 dihedral restraints:      25       0      0  86.602  86.602      15.818       1.000
18 Disulfide distance restraints      :       0       0      0   0.000   0.000      0.0000       1.000
19 Disulfide angle restraints         :       0       0      0   0.000   0.000      0.0000       1.000
20 Disulfide dihedral angle restraints:       0       0      0   0.000   0.000      0.0000       1.000
21 Lower bound distance restraints    :       0       0      0   0.000   0.000      0.0000       1.000
22 Upper bound distance restraints    :       0       0      0   0.000   0.000      0.0000       1.000
23 Distance restraints 3 (SDCH-MNCH)  :    2325       0      0   0.400   0.400      47.900       1.000
24 Sidechain Chi_5 dihedral restraints:       0       0      0   0.000   0.000      0.0000       1.000
25 Phi/Psi pair of dihedral restraints:     130       3      8  24.766  36.385      33.786       1.000
26 Distance restraints 4 (SDCH-SDCH)  :    1400       0      0   0.555   0.555      59.015       1.000
27 Distance restraints 5 (X-Y)        :       0       0      0   0.000   0.000      0.0000       1.000
28 NMR distance restraints 6 (X-Y)    :       0       0      0   0.000   0.000      0.0000       1.000
29 NMR distance restraints 7 (X-Y)    :       0       0      0   0.000   0.000      0.0000       1.000
30 Minimal distance restraints        :       0       0      0   0.000   0.000      0.0000       1.000
31 Non-bonded restraints              :       0       0      0   0.000   0.000      0.0000       1.000
32 Atomic accessibility restraints    :       0       0      0   0.000   0.000      0.0000       1.000
33 Atomic density restraints          :       0       0      0   0.000   0.000      0.0000       1.000
34 Absolute position restraints       :       0       0      0   0.000   0.000      0.0000       1.000
35 Dihedral angle difference restraint:       0       0      0   0.000   0.000      0.0000       1.000
36 GBSA implicit solvent potential    :       0       0      0   0.000   0.000      0.0000       1.000
37 EM density fitting potential       :       0       0      0   0.000   0.000      0.0000       1.000
38 SAXS restraints                    :       0       0      0   0.000   0.000      0.0000       1.000
39 Symmetry restraints                :       0       0      0   0.000   0.000      0.0000       1.000



# Heavy relative violation of each residue is written to: 1FQ9_1.V99990005
# The profile is NOT normalized by the number of restraints.
# The profiles are smoothed over a window of residues:    1
# The sum of all numbers in the file:   10534.5996



List of the violated restraints:
   A restraint is violated when the relative difference
   from the best value (RVIOL) is larger than CUTOFF.

   ICSR   ... index of a restraint in the current set.
   RESNO  ... residue numbers of the first two atoms.
   ATM    ... IUPAC atom names of the first two atoms.
   FEAT   ... the value of the feature in the model.
   restr  ... the mean of the basis restraint with the smallest
              difference from the model (local minimum).
   viol   ... difference from the local minimum.
   rviol  ... relative difference from the local minimum.
   RESTR  ... the best value (global minimum).
   VIOL   ... difference from the best value.
   RVIOL  ... relative difference from the best value.


-------------------------------------------------------------------------------------------------

Feature 25                           : Phi/Psi pair of dihedral restraints     
List of the RVIOL violations larger than   :       6.5000

    #   ICSR  RESNO1/2 ATM1/2   INDATM1/2    FEAT   restr    viol   rviol   RESTR    VIOL   RVIOL
    1   3743  86S  87N C   N     690  692 -102.96  -63.20   84.43    9.09  -63.20   84.43    9.09
    1         87N  87N N   CA    692  693   33.38  -41.10                  -41.10
    2   3786 129S 130A C   N    1042 1044 -120.92 -134.00   13.08    0.43  -62.50 -178.29   32.90
    2        130A 130A N   CA   1044 1045  147.04  147.00                  -40.90
    3   3787 130A 131K C   N    1047 1049 -150.55 -118.00   39.45    1.32   56.60 -163.95   24.55
    3        131K 131K N   CA   1049 1050  161.38  139.10                   38.60


report______> Distribution of short non-bonded contacts:


DISTANCE1:  0.00 2.10 2.20 2.30 2.40 2.50 2.60 2.70 2.80 2.90 3.00 3.10 3.20 3.30 3.40
DISTANCE2:  2.10 2.20 2.30 2.40 2.50 2.60 2.70 2.80 2.90 3.00 3.10 3.20 3.30 3.40 3.50
FREQUENCY:     0    0    0    0    0    3   14   34   39   61   77  116  121  143  181


<< end of ENERGY.

>> Summary of successfully produced models:
Filename                          molpdf     DOPE score    GA341 score
----------------------------------------------------------------------
1FQ9_1.B99990001.pdb           743.68823   -13460.13379        1.00000
1FQ9_1.B99990002.pdb           785.21899   -13210.31738        1.00000
1FQ9_1.B99990003.pdb           687.12683   -13366.43848        1.00000
1FQ9_1.B99990004.pdb           684.76117   -13328.05957        1.00000
1FQ9_1.B99990005.pdb           678.76306   -13480.68457        1.00000

Modeling complete. Target: 1FQ9_1, Template: 4oeeA
