
Using parameters from /workspace/modeller/scwrl4//Scwrl4.ini

<Timing tag = "Loading_PDB_file"  duration = "0.001" />

Using rotamer library: /workspace/modeller/scwrl4/bbDepRotLib.bin

Residue A   1  is being treated as N-terminal

Residue A 132  is being treated as C-terminal

<Timing tag = "Adding_residues"  duration = "0.001" />

<Timing tag = "Creating_Default_Rotamers"  duration = "0.023" />

<Timing tag = "Building_Atoms_Sets"  duration = "0.003" />

<Timing tag = "Building_Flexible_Subrotamers"  duration = "0.005" />

<Timing tag = "Computing_Symmetry_Operators"  duration = "0.000" />

<Timing tag = "Updating_Self_Energies"  duration = "1.251" />

<Timing tag = "Computing_Active_Rotamers"  duration = "0.001" />

<Timing tag = "Resolving_Disulfide_Bonds"  duration = "0.000" />


Total number of subrotamer interactions = 2654201

<Timing tag = "Updating_Pairwise_Energies"  duration = "1.194" />

<Timing tag = "Normalizing_Atoms_Sets"  duration = "0.000" />

<Timing tag = "Computing_Interaction_Graph"  duration = "2.455" />
 

<Timing tag = "Building_Atoms_Sets"  duration = "0.003" />

<Timing tag = "Building_Flexible_Subrotamers"  duration = "0.004" />

<Timing tag = "Computing_Symmetry_Operators"  duration = "0.000" />

<Timing tag = "Updating_Self_Energies"  duration = "0.008" />

<Timing tag = "Computing_Active_Rotamers"  duration = "0.000" />

<Timing tag = "Resolving_Disulfide_Bonds"  duration = "0.000" />


Total number of subrotamer interactions = 0

<Timing tag = "Updating_Pairwise_Energies"  duration = "0.003" />

<Timing tag = "Normalizing_Atoms_Sets"  duration = "0.000" />


Running Goldstein's DEE (version G)
:::::::::::::::::::::::::::::::::::

Initial number of residues - 110
Initial number of rotamers - 1621

	393 redundant edges eliminated

	Isolated residues removed - 0 

round 1:
	79 redundant edges eliminated

	Isolated residues removed - 38 
	Rotamers eliminated  -  1204

round 2:
	5 redundant edges eliminated

	Isolated residues removed - 30 
	Rotamers eliminated  -  250

round 3:
	1 redundant edges eliminated

	Isolated residues removed - 7 
	Rotamers eliminated  -  37

round 4:
	0 redundant edges eliminated

	Isolated residues removed - 4 
	Rotamers eliminated  -  21

round 5:
	0 redundant edges eliminated

	Isolated residues removed - 0 
	Rotamers eliminated  -  0
Energy accumulated during DEE = 185.159
<Timing tag = "DEE"  duration = "0.010" />

Searching for clusters... 4 clusters found

Processing cluster of 16 vertices

Redundant nodes eliminated : 4
Tree-decomposition has been built. Width+1 = 2

Total combinations to search = 7.93e+2
  11(   7 ) :   66  ->   80
  10(  11 ) :   80  ->   64
   9        :   ->   68  70  76
   8(  10 ) :   64  ->   42  38
   7(   9 ) :   68  ->   66
   6(   9 ) :   70  ->   72  74
   5(   8 ) :   42  ->   37
   4(   5 ) :   37  ->   48
   3(   4 ) :   48  ->   44
   2(   7 ) :   68  ->   86
   1(   6 ) :   70  ->   71
   0(   4 ) :   37  ->   35

ArtPts =  0	MaxDegree =  3	MaxBag =  2	AvgBag = 2.25

===============================
Launching bottom-to-top process
Combinations:
	in intersections -  61
	in exclusions   -  683.2
	total to search  - 3.6e+02

Maximal size of a key is 9 elements

Processing nodes ...........
<Timing tag = "Bottom_To_Top"  duration = "0.005" />

<Trace tag = "Deciding_on_the_root_node" >

Number of combinations = 4.32e+2
<Timing tag = "Deciding_on_the_root_node"  duration = "0.000" />
</Trace>
<Trace tag = "Top_To_Bottom" >

<Timing tag = "Top_To_Bottom"  duration = "0.000" />
</Trace>
Energy of this cluster = 61.5503


Processing cluster of 7 vertices

Redundant nodes eliminated : 3
Tree-decomposition has been built. Width+1 = 2

Total combinations to search = 2.8e+1
   3        :   ->   17  49  15
   2(   3 ) :   15  ->   88 104
   1(   2 ) :  104  ->   77
   0(   1 ) :   77  ->   67

ArtPts =  0	MaxDegree =  2	MaxBag =  2	AvgBag = 2.5

===============================
Launching bottom-to-top process
Combinations:
	in intersections -   6
	in exclusions   -  83.2
	total to search  -  16

Maximal size of a key is 2 elements

Processing nodes ...
<Timing tag = "Bottom_To_Top"  duration = "0.004" />

<Trace tag = "Deciding_on_the_root_node" >

Number of combinations = 1.2e+1
<Timing tag = "Deciding_on_the_root_node"  duration = "0.000" />
</Trace>
<Trace tag = "Top_To_Bottom" >

<Timing tag = "Top_To_Bottom"  duration = "0.000" />
</Trace>
Energy of this cluster = 7.37132


Processing cluster of 4 vertices

Redundant nodes eliminated : 1
Tree-decomposition has been built. Width+1 = 1

Total combinations to search = 1.6e+1
   2        :   ->    4   6
   1(   2 ) :    4  ->    5
   0(   1 ) :    5  ->   33

ArtPts =  0	MaxDegree =  2	MaxBag =  1	AvgBag = 2

===============================
Launching bottom-to-top process
Combinations:
	in intersections -   5
	in exclusions   -  43.2
	total to search  -  10

Maximal size of a key is 3 elements

Processing nodes ..
<Timing tag = "Bottom_To_Top"  duration = "0.004" />

<Trace tag = "Deciding_on_the_root_node" >

Number of combinations = 6
<Timing tag = "Deciding_on_the_root_node"  duration = "0.000" />
</Trace>
<Trace tag = "Top_To_Bottom" >

<Timing tag = "Top_To_Bottom"  duration = "0.000" />
</Trace>
Energy of this cluster = 9.8999


Processing cluster of 4 vertices

Redundant nodes eliminated : 2
Tree-decomposition has been built. Width+1 = 2

Total combinations to search = 5.4e+1
   1        :   ->   52  82  81
   0(   1 ) :   82  ->   84

ArtPts =  0	MaxDegree =  1	MaxBag =  2	AvgBag = 2.5

===============================
Launching bottom-to-top process
Combinations:
	in intersections -   3
	in exclusions   -  63.2
	total to search  -  18

Maximal size of a key is 3 elements

Processing nodes .
<Timing tag = "Bottom_To_Top"  duration = "0.004" />

<Trace tag = "Deciding_on_the_root_node" >

Number of combinations = 3.6e+1
<Timing tag = "Deciding_on_the_root_node"  duration = "0.000" />
</Trace>
<Trace tag = "Top_To_Bottom" >

<Timing tag = "Top_To_Bottom"  duration = "0.000" />
</Trace>
Energy of this cluster = 23.9329


Total minimal energy of the graph = 287.914

<Timing tag = "Combinatorial_Search"  duration = "0.027" />

<Timing tag = "Deriving_Optimum"  duration = "0.046" />

<Timing tag = "Saving_to_PDB_file"  duration = "0.003" />


Deleting workspace.

<Timing tag = "Scwrl4_Execution"  duration = "2.542" />

